21:31:54.393 INFO  Ob received and successfully saved into database for ['xrpmxn', 'btcmxn', 'ethmxn', 'manamxn', 'ltcusd', 'btcbrl', 'linkusd', 'batmxn', 'btcusd', 'xrpusd', 'aaveusd', 'ethbrl', 'shibusd', 'sandusd', 'ftmusd']
21:32:05.725 INFO  Ob received and successfully saved into database for ['xrpmxn', 'btcmxn', 'ethmxn', 'manamxn', 'ltcusd', 'btcbrl', 'linkusd', 'batmxn', 'btcusd', 'xrpusd', 'aaveusd', 'ethbrl', 'shibusd', 'sandusd', 'ftmusd']
21:32:17.902 ERROR   $$ Connection status: Too many requests. $$ 
NoneType: None
21:32:22.910 ERROR   $$ Connection status: Too many requests. $$ 
NoneType: None
21:32:27.922 ERROR   $$ Connection status: Too many requests. $$ 
NoneType: None
21:32:32.928 ERROR   $$ Connection status: Too many requests. $$ 
NoneType: None
21:32:37.936 ERROR   $$ Connection status: Too many requests. $$ 
NoneType: None
21:32:42.954 ERROR   $$ Connection status: Too many requests. $$ 
NoneType: None
21:32:49.157 INFO  Ob received and successfully saved into database for ['xrpmxn', 'btcmxn', 'ethmxn', 'manamxn', 'ltcusd', 'btcbrl', 'linkusd', 'batmxn', 'btcusd', 'xrpusd', 'aaveusd', 'ethbrl', 'shibusd', 'sandusd', 'ftmusd']
21:33:00.548 INFO  Ob received and successfully saved into database for ['xrpmxn', 'btcmxn', 'ethmxn', 'manamxn', 'ltcusd', 'btcbrl', 'linkusd', 'batmxn', 'btcusd', 'xrpusd', 'aaveusd', 'ethbrl', 'shibusd', 'sandusd', 'ftmusd']
21:33:12.560 INFO  Ob received and successfully saved into database for ['xrpmxn', 'btcmxn', 'ethmxn', 'manamxn', 'ltcusd', 'btcbrl', 'linkusd', 'batmxn', 'btcusd', 'xrpusd', 'aaveusd', 'ethbrl', 'shibusd', 'sandusd', 'ftmusd']
21:33:24.562 INFO  Ob received and successfully saved into database for ['xrpmxn', 'btcmxn', 'ethmxn', 'manamxn', 'ltcusd', 'btcbrl', 'linkusd', 'batmxn', 'btcusd', 'xrpusd', 'aaveusd', 'ethbrl', 'shibusd', 'sandusd', 'ftmusd']
21:33:36.342 INFO  Ob received and successfully saved into database for ['xrpmxn', 'btcmxn', 'ethmxn', 'manamxn', 'ltcusd', 'btcbrl', 'linkusd', 'batmxn', 'btcusd', 'xrpusd', 'aaveusd', 'ethbrl', 'shibusd', 'sandusd', 'ftmusd']
21:33:48.917 ERROR   $$ Connection status: Too many requests. $$ 
NoneType: None
21:33:53.918 ERROR   $$ Connection status: Too many requests. $$ 
NoneType: None
21:33:58.923 ERROR   $$ Connection status: Too many requests. $$ 
NoneType: None
21:34:03.941 ERROR   $$ Connection status: Too many requests. $$ 
NoneType: None
21:34:08.956 ERROR   $$ Connection status: Too many requests. $$ 
NoneType: None
21:34:14.998 INFO  Ob received and successfully saved into database for ['xrpmxn', 'btcmxn', 'ethmxn', 'manamxn', 'ltcusd', 'btcbrl', 'linkusd', 'batmxn', 'btcusd', 'xrpusd', 'aaveusd', 'ethbrl', 'shibusd', 'sandusd', 'ftmusd']
21:34:26.742 INFO  Ob received and successfully saved into database for ['xrpmxn', 'btcmxn', 'ethmxn', 'manamxn', 'ltcusd', 'btcbrl', 'linkusd', 'batmxn', 'btcusd', 'xrpusd', 'aaveusd', 'ethbrl', 'shibusd', 'sandusd', 'ftmusd']
21:34:38.566 INFO  Ob received and successfully saved into database for ['xrpmxn', 'btcmxn', 'ethmxn', 'manamxn', 'ltcusd', 'btcbrl', 'linkusd', 'batmxn', 'btcusd', 'xrpusd', 'aaveusd', 'ethbrl', 'shibusd', 'sandusd', 'ftmusd']
21:34:50.812 INFO  Ob received and successfully saved into database for ['xrpmxn', 'btcmxn', 'ethmxn', 'manamxn', 'ltcusd', 'btcbrl', 'linkusd', 'batmxn', 'btcusd', 'xrpusd', 'aaveusd', 'ethbrl', 'shibusd', 'sandusd', 'ftmusd']
21:35:02.599 INFO  Ob received and successfully saved into database for ['xrpmxn', 'btcmxn', 'ethmxn', 'manamxn', 'ltcusd', 'btcbrl', 'linkusd', 'batmxn', 'btcusd', 'xrpusd', 'aaveusd', 'ethbrl', 'shibusd', 'sandusd', 'ftmusd']
21:35:15.163 ERROR   $$ Connection status: Too many requests. $$ 
NoneType: None
21:35:20.164 ERROR   $$ Connection status: Too many requests. $$ 
NoneType: None
21:35:25.165 ERROR   $$ Connection status: Too many requests. $$ 
NoneType: None
21:35:30.171 ERROR   $$ Connection status: Too many requests. $$ 
NoneType: None
21:35:35.182 ERROR   $$ Connection status: Too many requests. $$ 
NoneType: None
21:35:41.167 INFO  Ob received and successfully saved into database for ['xrpmxn', 'btcmxn', 'ethmxn', 'manamxn', 'ltcusd', 'btcbrl', 'linkusd', 'batmxn', 'btcusd', 'xrpusd', 'aaveusd', 'ethbrl', 'shibusd', 'sandusd', 'ftmusd']
21:35:53.125 INFO  Ob received and successfully saved into database for ['xrpmxn', 'btcmxn', 'ethmxn', 'manamxn', 'ltcusd', 'btcbrl', 'linkusd', 'batmxn', 'btcusd', 'xrpusd', 'aaveusd', 'ethbrl', 'shibusd', 'sandusd', 'ftmusd']
21:36:04.943 INFO  Ob received and successfully saved into database for ['xrpmxn', 'btcmxn', 'ethmxn', 'manamxn', 'ltcusd', 'btcbrl', 'linkusd', 'batmxn', 'btcusd', 'xrpusd', 'aaveusd', 'ethbrl', 'shibusd', 'sandusd', 'ftmusd']
21:36:16.815 INFO  Ob received and successfully saved into database for ['xrpmxn', 'btcmxn', 'ethmxn', 'manamxn', 'ltcusd', 'btcbrl', 'linkusd', 'batmxn', 'btcusd', 'xrpusd', 'aaveusd', 'ethbrl', 'shibusd', 'sandusd', 'ftmusd']
21:36:28.904 INFO  Ob received and successfully saved into database for ['xrpmxn', 'btcmxn', 'ethmxn', 'manamxn', 'ltcusd', 'btcbrl', 'linkusd', 'batmxn', 'btcusd', 'xrpusd', 'aaveusd', 'ethbrl', 'shibusd', 'sandusd', 'ftmusd']
21:36:40.885 INFO  Ob received and successfully saved into database for ['xrpmxn', 'btcmxn', 'ethmxn', 'manamxn', 'ltcusd', 'btcbrl', 'linkusd', 'batmxn', 'btcusd', 'xrpusd', 'aaveusd', 'ethbrl', 'shibusd', 'sandusd', 'ftmusd']
21:36:52.684 INFO  Ob received and successfully saved into database for ['xrpmxn', 'btcmxn', 'ethmxn', 'manamxn', 'ltcusd', 'btcbrl', 'linkusd', 'batmxn', 'btcusd', 'xrpusd', 'aaveusd', 'ethbrl', 'shibusd', 'sandusd', 'ftmusd']
21:37:05.055 INFO  Ob received and successfully saved into database for ['xrpmxn', 'btcmxn', 'ethmxn', 'manamxn', 'ltcusd', 'btcbrl', 'linkusd', 'batmxn', 'btcusd', 'xrpusd', 'aaveusd', 'ethbrl', 'shibusd', 'sandusd', 'ftmusd']
21:37:16.636 INFO  Ob received and successfully saved into database for ['xrpmxn', 'btcmxn', 'ethmxn', 'manamxn', 'ltcusd', 'btcbrl', 'linkusd', 'batmxn', 'btcusd', 'xrpusd', 'aaveusd', 'ethbrl', 'shibusd', 'sandusd', 'ftmusd']
21:37:29.008 INFO  Ob received and successfully saved into database for ['xrpmxn', 'btcmxn', 'ethmxn', 'manamxn', 'ltcusd', 'btcbrl', 'linkusd', 'batmxn', 'btcusd', 'xrpusd', 'aaveusd', 'ethbrl', 'shibusd', 'sandusd', 'ftmusd']
21:37:41.092 INFO  Ob received and successfully saved into database for ['xrpmxn', 'btcmxn', 'ethmxn', 'manamxn', 'ltcusd', 'btcbrl', 'linkusd', 'batmxn', 'btcusd', 'xrpusd', 'aaveusd', 'ethbrl', 'shibusd', 'sandusd', 'ftmusd']
21:37:53.084 INFO  Ob received and successfully saved into database for ['xrpmxn', 'btcmxn', 'ethmxn', 'manamxn', 'ltcusd', 'btcbrl', 'linkusd', 'batmxn', 'btcusd', 'xrpusd', 'aaveusd', 'ethbrl', 'shibusd', 'sandusd', 'ftmusd']
21:38:04.765 INFO  Ob received and successfully saved into database for ['xrpmxn', 'btcmxn', 'ethmxn', 'manamxn', 'ltcusd', 'btcbrl', 'linkusd', 'batmxn', 'btcusd', 'xrpusd', 'aaveusd', 'ethbrl', 'shibusd', 'sandusd', 'ftmusd']
21:38:16.919 INFO  Ob received and successfully saved into database for ['xrpmxn', 'btcmxn', 'ethmxn', 'manamxn', 'ltcusd', 'btcbrl', 'linkusd', 'batmxn', 'btcusd', 'xrpusd', 'aaveusd', 'ethbrl', 'shibusd', 'sandusd', 'ftmusd']
21:38:28.682 INFO  Ob received and successfully saved into database for ['xrpmxn', 'btcmxn', 'ethmxn', 'manamxn', 'ltcusd', 'btcbrl', 'linkusd', 'batmxn', 'btcusd', 'xrpusd', 'aaveusd', 'ethbrl', 'shibusd', 'sandusd', 'ftmusd']
21:38:41.305 INFO  Ob received and successfully saved into database for ['xrpmxn', 'btcmxn', 'ethmxn', 'manamxn', 'ltcusd', 'btcbrl', 'linkusd', 'batmxn', 'btcusd', 'xrpusd', 'aaveusd', 'ethbrl', 'shibusd', 'sandusd', 'ftmusd']
21:38:52.949 INFO  Ob received and successfully saved into database for ['xrpmxn', 'btcmxn', 'ethmxn', 'manamxn', 'ltcusd', 'btcbrl', 'linkusd', 'batmxn', 'btcusd', 'xrpusd', 'aaveusd', 'ethbrl', 'shibusd', 'sandusd', 'ftmusd']
21:39:04.937 INFO  Ob received and successfully saved into database for ['xrpmxn', 'btcmxn', 'ethmxn', 'manamxn', 'ltcusd', 'btcbrl', 'linkusd', 'batmxn', 'btcusd', 'xrpusd', 'aaveusd', 'ethbrl', 'shibusd', 'sandusd', 'ftmusd']
21:39:16.749 INFO  Ob received and successfully saved into database for ['xrpmxn', 'btcmxn', 'ethmxn', 'manamxn', 'ltcusd', 'btcbrl', 'linkusd', 'batmxn', 'btcusd', 'xrpusd', 'aaveusd', 'ethbrl', 'shibusd', 'sandusd', 'ftmusd']
21:39:28.991 INFO  Ob received and successfully saved into database for ['xrpmxn', 'btcmxn', 'ethmxn', 'manamxn', 'ltcusd', 'btcbrl', 'linkusd', 'batmxn', 'btcusd', 'xrpusd', 'aaveusd', 'ethbrl', 'shibusd', 'sandusd', 'ftmusd']
21:39:41.313 INFO  Ob received and successfully saved into database for ['xrpmxn', 'btcmxn', 'ethmxn', 'manamxn', 'ltcusd', 'btcbrl', 'linkusd', 'batmxn', 'btcusd', 'xrpusd', 'aaveusd', 'ethbrl', 'shibusd', 'sandusd', 'ftmusd']
21:39:52.979 INFO  Ob received and successfully saved into database for ['xrpmxn', 'btcmxn', 'ethmxn', 'manamxn', 'ltcusd', 'btcbrl', 'linkusd', 'batmxn', 'btcusd', 'xrpusd', 'aaveusd', 'ethbrl', 'shibusd', 'sandusd', 'ftmusd']
21:40:05.236 INFO  Ob received and successfully saved into database for ['xrpmxn', 'btcmxn', 'ethmxn', 'manamxn', 'ltcusd', 'btcbrl', 'linkusd', 'batmxn', 'btcusd', 'xrpusd', 'aaveusd', 'ethbrl', 'shibusd', 'sandusd', 'ftmusd']
21:40:16.971 INFO  Ob received and successfully saved into database for ['xrpmxn', 'btcmxn', 'ethmxn', 'manamxn', 'ltcusd', 'btcbrl', 'linkusd', 'batmxn', 'btcusd', 'xrpusd', 'aaveusd', 'ethbrl', 'shibusd', 'sandusd', 'ftmusd']
21:40:29.092 INFO  Ob received and successfully saved into database for ['xrpmxn', 'btcmxn', 'ethmxn', 'manamxn', 'ltcusd', 'btcbrl', 'linkusd', 'batmxn', 'btcusd', 'xrpusd', 'aaveusd', 'ethbrl', 'shibusd', 'sandusd', 'ftmusd']
21:40:41.071 INFO  Ob received and successfully saved into database for ['xrpmxn', 'btcmxn', 'ethmxn', 'manamxn', 'ltcusd', 'btcbrl', 'linkusd', 'batmxn', 'btcusd', 'xrpusd', 'aaveusd', 'ethbrl', 'shibusd', 'sandusd', 'ftmusd']
21:40:53.093 INFO  Ob received and successfully saved into database for ['xrpmxn', 'btcmxn', 'ethmxn', 'manamxn', 'ltcusd', 'btcbrl', 'linkusd', 'batmxn', 'btcusd', 'xrpusd', 'aaveusd', 'ethbrl', 'shibusd', 'sandusd', 'ftmusd']
21:41:05.070 INFO  Ob received and successfully saved into database for ['xrpmxn', 'btcmxn', 'ethmxn', 'manamxn', 'ltcusd', 'btcbrl', 'linkusd', 'batmxn', 'btcusd', 'xrpusd', 'aaveusd', 'ethbrl', 'shibusd', 'sandusd', 'ftmusd']
21:41:17.468 INFO  Ob received and successfully saved into database for ['xrpmxn', 'btcmxn', 'ethmxn', 'manamxn', 'ltcusd', 'btcbrl', 'linkusd', 'batmxn', 'btcusd', 'xrpusd', 'aaveusd', 'ethbrl', 'shibusd', 'sandusd', 'ftmusd']
21:41:28.853 INFO  Ob received and successfully saved into database for ['xrpmxn', 'btcmxn', 'ethmxn', 'manamxn', 'ltcusd', 'btcbrl', 'linkusd', 'batmxn', 'btcusd', 'xrpusd', 'aaveusd', 'ethbrl', 'shibusd', 'sandusd', 'ftmusd']
21:41:40.831 INFO  Ob received and successfully saved into database for ['xrpmxn', 'btcmxn', 'ethmxn', 'manamxn', 'ltcusd', 'btcbrl', 'linkusd', 'batmxn', 'btcusd', 'xrpusd', 'aaveusd', 'ethbrl', 'shibusd', 'sandusd', 'ftmusd']
21:41:53.020 INFO  Ob received and successfully saved into database for ['xrpmxn', 'btcmxn', 'ethmxn', 'manamxn', 'ltcusd', 'btcbrl', 'linkusd', 'batmxn', 'btcusd', 'xrpusd', 'aaveusd', 'ethbrl', 'shibusd', 'sandusd', 'ftmusd']
21:42:04.997 INFO  Ob received and successfully saved into database for ['xrpmxn', 'btcmxn', 'ethmxn', 'manamxn', 'ltcusd', 'btcbrl', 'linkusd', 'batmxn', 'btcusd', 'xrpusd', 'aaveusd', 'ethbrl', 'shibusd', 'sandusd', 'ftmusd']
21:42:17.139 INFO  Ob received and successfully saved into database for ['xrpmxn', 'btcmxn', 'ethmxn', 'manamxn', 'ltcusd', 'btcbrl', 'linkusd', 'batmxn', 'btcusd', 'xrpusd', 'aaveusd', 'ethbrl', 'shibusd', 'sandusd', 'ftmusd']
22:32:52.672 INFO  Ob received and successfully saved into database for ['xrpmxn', 'btcmxn', 'ethmxn', 'manamxn', 'ltcusd', 'btcbrl', 'linkusd', 'batmxn', 'btcusd', 'xrpusd', 'aaveusd', 'ethbrl', 'shibusd', 'sandusd', 'ftmusd']
22:33:04.113 INFO  Ob received and successfully saved into database for ['xrpmxn', 'btcmxn', 'ethmxn', 'manamxn', 'ltcusd', 'btcbrl', 'linkusd', 'batmxn', 'btcusd', 'xrpusd', 'aaveusd', 'ethbrl', 'shibusd', 'sandusd', 'ftmusd']
22:33:16.279 INFO  Ob received and successfully saved into database for ['xrpmxn', 'btcmxn', 'ethmxn', 'manamxn', 'ltcusd', 'btcbrl', 'linkusd', 'batmxn', 'btcusd', 'xrpusd', 'aaveusd', 'ethbrl', 'shibusd', 'sandusd', 'ftmusd']
22:33:28.329 INFO  Ob received and successfully saved into database for ['xrpmxn', 'btcmxn', 'ethmxn', 'manamxn', 'ltcusd', 'btcbrl', 'linkusd', 'batmxn', 'btcusd', 'xrpusd', 'aaveusd', 'ethbrl', 'shibusd', 'sandusd', 'ftmusd']
22:33:40.288 ERROR   $$ Connection status: Too many requests. $$ 
NoneType: None
22:33:45.291 ERROR   $$ Connection status: Too many requests. $$ 
NoneType: None
22:33:50.294 ERROR   $$ Connection status: Too many requests. $$ 
NoneType: None
22:33:55.307 ERROR   $$ Connection status: Too many requests. $$ 
NoneType: None
22:34:00.318 ERROR   $$ Connection status: Too many requests. $$ 
NoneType: None
22:34:06.353 INFO  Ob received and successfully saved into database for ['xrpmxn', 'btcmxn', 'ethmxn', 'manamxn', 'ltcusd', 'btcbrl', 'linkusd', 'batmxn', 'btcusd', 'xrpusd', 'aaveusd', 'ethbrl', 'shibusd', 'sandusd', 'ftmusd']
22:34:17.684 INFO  Ob received and successfully saved into database for ['xrpmxn', 'btcmxn', 'ethmxn', 'manamxn', 'ltcusd', 'btcbrl', 'linkusd', 'batmxn', 'btcusd', 'xrpusd', 'aaveusd', 'ethbrl', 'shibusd', 'sandusd', 'ftmusd']
22:34:30.079 INFO  Ob received and successfully saved into database for ['xrpmxn', 'btcmxn', 'ethmxn', 'manamxn', 'ltcusd', 'btcbrl', 'linkusd', 'batmxn', 'btcusd', 'xrpusd', 'aaveusd', 'ethbrl', 'shibusd', 'sandusd', 'ftmusd']
22:34:41.940 INFO  Ob received and successfully saved into database for ['xrpmxn', 'btcmxn', 'ethmxn', 'manamxn', 'ltcusd', 'btcbrl', 'linkusd', 'batmxn', 'btcusd', 'xrpusd', 'aaveusd', 'ethbrl', 'shibusd', 'sandusd', 'ftmusd']
22:34:53.989 INFO  Ob received and successfully saved into database for ['xrpmxn', 'btcmxn', 'ethmxn', 'manamxn', 'ltcusd', 'btcbrl', 'linkusd', 'batmxn', 'btcusd', 'xrpusd', 'aaveusd', 'ethbrl', 'shibusd', 'sandusd', 'ftmusd']
22:35:05.927 INFO  Ob received and successfully saved into database for ['xrpmxn', 'btcmxn', 'ethmxn', 'manamxn', 'ltcusd', 'btcbrl', 'linkusd', 'batmxn', 'btcusd', 'xrpusd', 'aaveusd', 'ethbrl', 'shibusd', 'sandusd', 'ftmusd']
22:35:17.768 INFO  Ob received and successfully saved into database for ['xrpmxn', 'btcmxn', 'ethmxn', 'manamxn', 'ltcusd', 'btcbrl', 'linkusd', 'batmxn', 'btcusd', 'xrpusd', 'aaveusd', 'ethbrl', 'shibusd', 'sandusd', 'ftmusd']
22:35:30.390 INFO  Ob received and successfully saved into database for ['xrpmxn', 'btcmxn', 'ethmxn', 'manamxn', 'ltcusd', 'btcbrl', 'linkusd', 'batmxn', 'btcusd', 'xrpusd', 'aaveusd', 'ethbrl', 'shibusd', 'sandusd', 'ftmusd']
22:35:42.364 INFO  Ob received and successfully saved into database for ['xrpmxn', 'btcmxn', 'ethmxn', 'manamxn', 'ltcusd', 'btcbrl', 'linkusd', 'batmxn', 'btcusd', 'xrpusd', 'aaveusd', 'ethbrl', 'shibusd', 'sandusd', 'ftmusd']
22:35:54.150 INFO  Ob received and successfully saved into database for ['xrpmxn', 'btcmxn', 'ethmxn', 'manamxn', 'ltcusd', 'btcbrl', 'linkusd', 'batmxn', 'btcusd', 'xrpusd', 'aaveusd', 'ethbrl', 'shibusd', 'sandusd', 'ftmusd']
22:36:05.991 INFO  Ob received and successfully saved into database for ['xrpmxn', 'btcmxn', 'ethmxn', 'manamxn', 'ltcusd', 'btcbrl', 'linkusd', 'batmxn', 'btcusd', 'xrpusd', 'aaveusd', 'ethbrl', 'shibusd', 'sandusd', 'ftmusd']
22:36:18.217 INFO  Ob received and successfully saved into database for ['xrpmxn', 'btcmxn', 'ethmxn', 'manamxn', 'ltcusd', 'btcbrl', 'linkusd', 'batmxn', 'btcusd', 'xrpusd', 'aaveusd', 'ethbrl', 'shibusd', 'sandusd', 'ftmusd']
22:36:29.992 INFO  Ob received and successfully saved into database for ['xrpmxn', 'btcmxn', 'ethmxn', 'manamxn', 'ltcusd', 'btcbrl', 'linkusd', 'batmxn', 'btcusd', 'xrpusd', 'aaveusd', 'ethbrl', 'shibusd', 'sandusd', 'ftmusd']
22:36:42.055 INFO  Ob received and successfully saved into database for ['xrpmxn', 'btcmxn', 'ethmxn', 'manamxn', 'ltcusd', 'btcbrl', 'linkusd', 'batmxn', 'btcusd', 'xrpusd', 'aaveusd', 'ethbrl', 'shibusd', 'sandusd', 'ftmusd']
22:36:53.870 INFO  Ob received and successfully saved into database for ['xrpmxn', 'btcmxn', 'ethmxn', 'manamxn', 'ltcusd', 'btcbrl', 'linkusd', 'batmxn', 'btcusd', 'xrpusd', 'aaveusd', 'ethbrl', 'shibusd', 'sandusd', 'ftmusd']
22:37:06.146 INFO  Ob received and successfully saved into database for ['xrpmxn', 'btcmxn', 'ethmxn', 'manamxn', 'ltcusd', 'btcbrl', 'linkusd', 'batmxn', 'btcusd', 'xrpusd', 'aaveusd', 'ethbrl', 'shibusd', 'sandusd', 'ftmusd']
22:37:18.225 INFO  Ob received and successfully saved into database for ['xrpmxn', 'btcmxn', 'ethmxn', 'manamxn', 'ltcusd', 'btcbrl', 'linkusd', 'batmxn', 'btcusd', 'xrpusd', 'aaveusd', 'ethbrl', 'shibusd', 'sandusd', 'ftmusd']
22:37:30.091 INFO  Ob received and successfully saved into database for ['xrpmxn', 'btcmxn', 'ethmxn', 'manamxn', 'ltcusd', 'btcbrl', 'linkusd', 'batmxn', 'btcusd', 'xrpusd', 'aaveusd', 'ethbrl', 'shibusd', 'sandusd', 'ftmusd']
22:37:41.889 INFO  Ob received and successfully saved into database for ['xrpmxn', 'btcmxn', 'ethmxn', 'manamxn', 'ltcusd', 'btcbrl', 'linkusd', 'batmxn', 'btcusd', 'xrpusd', 'aaveusd', 'ethbrl', 'shibusd', 'sandusd', 'ftmusd']
22:37:54.122 INFO  Ob received and successfully saved into database for ['xrpmxn', 'btcmxn', 'ethmxn', 'manamxn', 'ltcusd', 'btcbrl', 'linkusd', 'batmxn', 'btcusd', 'xrpusd', 'aaveusd', 'ethbrl', 'shibusd', 'sandusd', 'ftmusd']
22:38:06.131 INFO  Ob received and successfully saved into database for ['xrpmxn', 'btcmxn', 'ethmxn', 'manamxn', 'ltcusd', 'btcbrl', 'linkusd', 'batmxn', 'btcusd', 'xrpusd', 'aaveusd', 'ethbrl', 'shibusd', 'sandusd', 'ftmusd']
22:38:18.150 INFO  Ob received and successfully saved into database for ['xrpmxn', 'btcmxn', 'ethmxn', 'manamxn', 'ltcusd', 'btcbrl', 'linkusd', 'batmxn', 'btcusd', 'xrpusd', 'aaveusd', 'ethbrl', 'shibusd', 'sandusd', 'ftmusd']
22:38:30.116 INFO  Ob received and successfully saved into database for ['xrpmxn', 'btcmxn', 'ethmxn', 'manamxn', 'ltcusd', 'btcbrl', 'linkusd', 'batmxn', 'btcusd', 'xrpusd', 'aaveusd', 'ethbrl', 'shibusd', 'sandusd', 'ftmusd']
22:38:42.002 INFO  Ob received and successfully saved into database for ['xrpmxn', 'btcmxn', 'ethmxn', 'manamxn', 'ltcusd', 'btcbrl', 'linkusd', 'batmxn', 'btcusd', 'xrpusd', 'aaveusd', 'ethbrl', 'shibusd', 'sandusd', 'ftmusd']
22:38:54.162 INFO  Ob received and successfully saved into database for ['xrpmxn', 'btcmxn', 'ethmxn', 'manamxn', 'ltcusd', 'btcbrl', 'linkusd', 'batmxn', 'btcusd', 'xrpusd', 'aaveusd', 'ethbrl', 'shibusd', 'sandusd', 'ftmusd']
22:39:06.188 INFO  Ob received and successfully saved into database for ['xrpmxn', 'btcmxn', 'ethmxn', 'manamxn', 'ltcusd', 'btcbrl', 'linkusd', 'batmxn', 'btcusd', 'xrpusd', 'aaveusd', 'ethbrl', 'shibusd', 'sandusd', 'ftmusd']
22:39:17.944 INFO  Ob received and successfully saved into database for ['xrpmxn', 'btcmxn', 'ethmxn', 'manamxn', 'ltcusd', 'btcbrl', 'linkusd', 'batmxn', 'btcusd', 'xrpusd', 'aaveusd', 'ethbrl', 'shibusd', 'sandusd', 'ftmusd']
22:39:30.423 INFO  Ob received and successfully saved into database for ['xrpmxn', 'btcmxn', 'ethmxn', 'manamxn', 'ltcusd', 'btcbrl', 'linkusd', 'batmxn', 'btcusd', 'xrpusd', 'aaveusd', 'ethbrl', 'shibusd', 'sandusd', 'ftmusd']
22:39:42.304 INFO  Ob received and successfully saved into database for ['xrpmxn', 'btcmxn', 'ethmxn', 'manamxn', 'ltcusd', 'btcbrl', 'linkusd', 'batmxn', 'btcusd', 'xrpusd', 'aaveusd', 'ethbrl', 'shibusd', 'sandusd', 'ftmusd']
22:39:54.299 INFO  Ob received and successfully saved into database for ['xrpmxn', 'btcmxn', 'ethmxn', 'manamxn', 'ltcusd', 'btcbrl', 'linkusd', 'batmxn', 'btcusd', 'xrpusd', 'aaveusd', 'ethbrl', 'shibusd', 'sandusd', 'ftmusd']
22:40:06.072 INFO  Ob received and successfully saved into database for ['xrpmxn', 'btcmxn', 'ethmxn', 'manamxn', 'ltcusd', 'btcbrl', 'linkusd', 'batmxn', 'btcusd', 'xrpusd', 'aaveusd', 'ethbrl', 'shibusd', 'sandusd', 'ftmusd']
22:40:18.052 INFO  Ob received and successfully saved into database for ['xrpmxn', 'btcmxn', 'ethmxn', 'manamxn', 'ltcusd', 'btcbrl', 'linkusd', 'batmxn', 'btcusd', 'xrpusd', 'aaveusd', 'ethbrl', 'shibusd', 'sandusd', 'ftmusd']
22:40:30.031 INFO  Ob received and successfully saved into database for ['xrpmxn', 'btcmxn', 'ethmxn', 'manamxn', 'ltcusd', 'btcbrl', 'linkusd', 'batmxn', 'btcusd', 'xrpusd', 'aaveusd', 'ethbrl', 'shibusd', 'sandusd', 'ftmusd']
22:40:42.011 INFO  Ob received and successfully saved into database for ['xrpmxn', 'btcmxn', 'ethmxn', 'manamxn', 'ltcusd', 'btcbrl', 'linkusd', 'batmxn', 'btcusd', 'xrpusd', 'aaveusd', 'ethbrl', 'shibusd', 'sandusd', 'ftmusd']
22:40:54.601 INFO  Ob received and successfully saved into database for ['xrpmxn', 'btcmxn', 'ethmxn', 'manamxn', 'ltcusd', 'btcbrl', 'linkusd', 'batmxn', 'btcusd', 'xrpusd', 'aaveusd', 'ethbrl', 'shibusd', 'sandusd', 'ftmusd']
22:41:06.254 INFO  Ob received and successfully saved into database for ['xrpmxn', 'btcmxn', 'ethmxn', 'manamxn', 'ltcusd', 'btcbrl', 'linkusd', 'batmxn', 'btcusd', 'xrpusd', 'aaveusd', 'ethbrl', 'shibusd', 'sandusd', 'ftmusd']
22:41:18.452 INFO  Ob received and successfully saved into database for ['xrpmxn', 'btcmxn', 'ethmxn', 'manamxn', 'ltcusd', 'btcbrl', 'linkusd', 'batmxn', 'btcusd', 'xrpusd', 'aaveusd', 'ethbrl', 'shibusd', 'sandusd', 'ftmusd']
22:41:30.532 INFO  Ob received and successfully saved into database for ['xrpmxn', 'btcmxn', 'ethmxn', 'manamxn', 'ltcusd', 'btcbrl', 'linkusd', 'batmxn', 'btcusd', 'xrpusd', 'aaveusd', 'ethbrl', 'shibusd', 'sandusd', 'ftmusd']
22:41:42.012 INFO  Ob received and successfully saved into database for ['xrpmxn', 'btcmxn', 'ethmxn', 'manamxn', 'ltcusd', 'btcbrl', 'linkusd', 'batmxn', 'btcusd', 'xrpusd', 'aaveusd', 'ethbrl', 'shibusd', 'sandusd', 'ftmusd']
22:41:54.103 INFO  Ob received and successfully saved into database for ['xrpmxn', 'btcmxn', 'ethmxn', 'manamxn', 'ltcusd', 'btcbrl', 'linkusd', 'batmxn', 'btcusd', 'xrpusd', 'aaveusd', 'ethbrl', 'shibusd', 'sandusd', 'ftmusd']
22:42:06.130 INFO  Ob received and successfully saved into database for ['xrpmxn', 'btcmxn', 'ethmxn', 'manamxn', 'ltcusd', 'btcbrl', 'linkusd', 'batmxn', 'btcusd', 'xrpusd', 'aaveusd', 'ethbrl', 'shibusd', 'sandusd', 'ftmusd']
22:42:18.678 INFO  Ob received and successfully saved into database for ['xrpmxn', 'btcmxn', 'ethmxn', 'manamxn', 'ltcusd', 'btcbrl', 'linkusd', 'batmxn', 'btcusd', 'xrpusd', 'aaveusd', 'ethbrl', 'shibusd', 'sandusd', 'ftmusd']
22:42:30.293 INFO  Ob received and successfully saved into database for ['xrpmxn', 'btcmxn', 'ethmxn', 'manamxn', 'ltcusd', 'btcbrl', 'linkusd', 'batmxn', 'btcusd', 'xrpusd', 'aaveusd', 'ethbrl', 'shibusd', 'sandusd', 'ftmusd']
22:42:42.298 INFO  Ob received and successfully saved into database for ['xrpmxn', 'btcmxn', 'ethmxn', 'manamxn', 'ltcusd', 'btcbrl', 'linkusd', 'batmxn', 'btcusd', 'xrpusd', 'aaveusd', 'ethbrl', 'shibusd', 'sandusd', 'ftmusd']
22:42:54.346 INFO  Ob received and successfully saved into database for ['xrpmxn', 'btcmxn', 'ethmxn', 'manamxn', 'ltcusd', 'btcbrl', 'linkusd', 'batmxn', 'btcusd', 'xrpusd', 'aaveusd', 'ethbrl', 'shibusd', 'sandusd', 'ftmusd']
22:43:06.409 INFO  Ob received and successfully saved into database for ['xrpmxn', 'btcmxn', 'ethmxn', 'manamxn', 'ltcusd', 'btcbrl', 'linkusd', 'batmxn', 'btcusd', 'xrpusd', 'aaveusd', 'ethbrl', 'shibusd', 'sandusd', 'ftmusd']
00:43:19.719 ERROR   $$ Connection kill, error:  $$ 
Traceback (most recent call last):
  File "C:\Users\oskar\Desktop\hft_algo\db_ex_connections\bitso\bitso_ob.py", line 136, in <module>
    asyncio.run(main())
  File "C:\Users\oskar\anaconda3\envs\hft_algo\lib\asyncio\runners.py", line 44, in run
    return loop.run_until_complete(main)
  File "C:\Users\oskar\anaconda3\envs\hft_algo\lib\asyncio\base_events.py", line 642, in run_until_complete
    return future.result()
  File "C:\Users\oskar\Desktop\hft_algo\db_ex_connections\bitso\bitso_ob.py", line 62, in main
    responses = await asyncio.gather(*tasks)
  File "C:\Users\oskar\Desktop\hft_algo\db_ex_connections\bitso\bitso_ob.py", line 21, in single_url_getter
    async with session.get(url) as response:
  File "C:\Users\oskar\anaconda3\envs\hft_algo\lib\site-packages\aiohttp\client.py", line 1138, in __aenter__
    self._resp = await self._coro
  File "C:\Users\oskar\anaconda3\envs\hft_algo\lib\site-packages\aiohttp\client.py", line 559, in _request
    await resp.start(conn)
  File "C:\Users\oskar\anaconda3\envs\hft_algo\lib\site-packages\aiohttp\client_reqrep.py", line 913, in start
    self._continue = None
  File "C:\Users\oskar\anaconda3\envs\hft_algo\lib\site-packages\aiohttp\helpers.py", line 721, in __exit__
    raise asyncio.TimeoutError from None
asyncio.exceptions.TimeoutError
06:38:06.617 ERROR   $$ Connection kill, error: Cannot connect to host api.bitso.com:443 ssl:default [getaddrinfo failed] $$ 
Traceback (most recent call last):
  File "C:\Users\oskar\anaconda3\envs\hft_algo\lib\site-packages\aiohttp\connector.py", line 1154, in _create_direct_connection
    hosts = await asyncio.shield(host_resolved)
  File "C:\Users\oskar\anaconda3\envs\hft_algo\lib\site-packages\aiohttp\connector.py", line 1154, in _create_direct_connection
    hosts = await asyncio.shield(host_resolved)
  File "C:\Users\oskar\anaconda3\envs\hft_algo\lib\site-packages\aiohttp\connector.py", line 1154, in _create_direct_connection
    hosts = await asyncio.shield(host_resolved)
  [Previous line repeated 12 more times]
  File "C:\Users\oskar\anaconda3\envs\hft_algo\lib\site-packages\aiohttp\connector.py", line 867, in _resolve_host
    await event.wait()
  File "C:\Users\oskar\anaconda3\envs\hft_algo\lib\site-packages\aiohttp\locks.py", line 34, in wait
    raise self._exc
  File "C:\Users\oskar\anaconda3\envs\hft_algo\lib\site-packages\aiohttp\connector.py", line 867, in _resolve_host
    await event.wait()
  File "C:\Users\oskar\anaconda3\envs\hft_algo\lib\site-packages\aiohttp\locks.py", line 34, in wait
    raise self._exc
  File "C:\Users\oskar\anaconda3\envs\hft_algo\lib\site-packages\aiohttp\connector.py", line 867, in _resolve_host
    await event.wait()
  File "C:\Users\oskar\anaconda3\envs\hft_algo\lib\site-packages\aiohttp\locks.py", line 34, in wait
    raise self._exc
  File "C:\Users\oskar\anaconda3\envs\hft_algo\lib\site-packages\aiohttp\connector.py", line 867, in _resolve_host
    await event.wait()
  File "C:\Users\oskar\anaconda3\envs\hft_algo\lib\site-packages\aiohttp\locks.py", line 34, in wait
    raise self._exc
  File "C:\Users\oskar\anaconda3\envs\hft_algo\lib\site-packages\aiohttp\connector.py", line 867, in _resolve_host
    await event.wait()
  File "C:\Users\oskar\anaconda3\envs\hft_algo\lib\site-packages\aiohttp\locks.py", line 34, in wait
    raise self._exc
  File "C:\Users\oskar\anaconda3\envs\hft_algo\lib\site-packages\aiohttp\connector.py", line 867, in _resolve_host
    await event.wait()
  File "C:\Users\oskar\anaconda3\envs\hft_algo\lib\site-packages\aiohttp\locks.py", line 34, in wait
    raise self._exc
  File "C:\Users\oskar\anaconda3\envs\hft_algo\lib\site-packages\aiohttp\connector.py", line 867, in _resolve_host
    await event.wait()
  File "C:\Users\oskar\anaconda3\envs\hft_algo\lib\site-packages\aiohttp\locks.py", line 34, in wait
    raise self._exc
  File "C:\Users\oskar\anaconda3\envs\hft_algo\lib\site-packages\aiohttp\connector.py", line 867, in _resolve_host
    await event.wait()
  File "C:\Users\oskar\anaconda3\envs\hft_algo\lib\site-packages\aiohttp\locks.py", line 34, in wait
    raise self._exc
  File "C:\Users\oskar\anaconda3\envs\hft_algo\lib\site-packages\aiohttp\connector.py", line 867, in _resolve_host
    await event.wait()
  File "C:\Users\oskar\anaconda3\envs\hft_algo\lib\site-packages\aiohttp\locks.py", line 34, in wait
    raise self._exc
  File "C:\Users\oskar\anaconda3\envs\hft_algo\lib\site-packages\aiohttp\connector.py", line 867, in _resolve_host
    await event.wait()
  File "C:\Users\oskar\anaconda3\envs\hft_algo\lib\site-packages\aiohttp\locks.py", line 34, in wait
    raise self._exc
  File "C:\Users\oskar\anaconda3\envs\hft_algo\lib\site-packages\aiohttp\connector.py", line 867, in _resolve_host
    await event.wait()
  File "C:\Users\oskar\anaconda3\envs\hft_algo\lib\site-packages\aiohttp\locks.py", line 34, in wait
    raise self._exc
  File "C:\Users\oskar\anaconda3\envs\hft_algo\lib\site-packages\aiohttp\connector.py", line 867, in _resolve_host
    await event.wait()
  File "C:\Users\oskar\anaconda3\envs\hft_algo\lib\site-packages\aiohttp\locks.py", line 34, in wait
    raise self._exc
  File "C:\Users\oskar\anaconda3\envs\hft_algo\lib\site-packages\aiohttp\connector.py", line 867, in _resolve_host
    await event.wait()
  File "C:\Users\oskar\anaconda3\envs\hft_algo\lib\site-packages\aiohttp\locks.py", line 34, in wait
    raise self._exc
  File "C:\Users\oskar\anaconda3\envs\hft_algo\lib\site-packages\aiohttp\connector.py", line 867, in _resolve_host
    await event.wait()
  File "C:\Users\oskar\anaconda3\envs\hft_algo\lib\site-packages\aiohttp\locks.py", line 34, in wait
    raise self._exc
  File "C:\Users\oskar\anaconda3\envs\hft_algo\lib\site-packages\aiohttp\connector.py", line 880, in _resolve_host
    addrs = await self._resolver.resolve(host, port, family=self._family)
  File "C:\Users\oskar\anaconda3\envs\hft_algo\lib\site-packages\aiohttp\resolver.py", line 33, in resolve
    infos = await self._loop.getaddrinfo(
  File "C:\Users\oskar\anaconda3\envs\hft_algo\lib\asyncio\base_events.py", line 856, in getaddrinfo
    return await self.run_in_executor(
  File "C:\Users\oskar\anaconda3\envs\hft_algo\lib\concurrent\futures\thread.py", line 52, in run
    result = self.fn(*self.args, **self.kwargs)
  File "C:\Users\oskar\anaconda3\envs\hft_algo\lib\socket.py", line 954, in getaddrinfo
    for res in _socket.getaddrinfo(host, port, family, type, proto, flags):
socket.gaierror: [Errno 11001] getaddrinfo failed

The above exception was the direct cause of the following exception:

Traceback (most recent call last):
  File "C:\Users\oskar\Desktop\hft_algo\db_ex_connections\bitso\bitso_ob.py", line 136, in <module>
    asyncio.run(main())
  File "C:\Users\oskar\anaconda3\envs\hft_algo\lib\asyncio\runners.py", line 44, in run
    return loop.run_until_complete(main)
  File "C:\Users\oskar\anaconda3\envs\hft_algo\lib\asyncio\base_events.py", line 642, in run_until_complete
    return future.result()
  File "C:\Users\oskar\Desktop\hft_algo\db_ex_connections\bitso\bitso_ob.py", line 62, in main
    responses = await asyncio.gather(*tasks)
  File "C:\Users\oskar\Desktop\hft_algo\db_ex_connections\bitso\bitso_ob.py", line 21, in single_url_getter
    async with session.get(url) as response:
  File "C:\Users\oskar\anaconda3\envs\hft_algo\lib\site-packages\aiohttp\client.py", line 1138, in __aenter__
    self._resp = await self._coro
  File "C:\Users\oskar\anaconda3\envs\hft_algo\lib\site-packages\aiohttp\client.py", line 535, in _request
    conn = await self._connector.connect(
  File "C:\Users\oskar\anaconda3\envs\hft_algo\lib\site-packages\aiohttp\connector.py", line 542, in connect
    proto = await self._create_connection(req, traces, timeout)
  File "C:\Users\oskar\anaconda3\envs\hft_algo\lib\site-packages\aiohttp\connector.py", line 907, in _create_connection
    _, proto = await self._create_direct_connection(req, traces, timeout)
  File "C:\Users\oskar\anaconda3\envs\hft_algo\lib\site-packages\aiohttp\connector.py", line 1166, in _create_direct_connection
    raise ClientConnectorError(req.connection_key, exc) from exc
aiohttp.client_exceptions.ClientConnectorError: Cannot connect to host api.bitso.com:443 ssl:default [getaddrinfo failed]
06:38:06.717 ERROR   $$ Connection kill, error: Cannot connect to host api.bitso.com:443 ssl:default [getaddrinfo failed] $$ 
Traceback (most recent call last):
  File "C:\Users\oskar\anaconda3\envs\hft_algo\lib\site-packages\aiohttp\connector.py", line 1154, in _create_direct_connection
    hosts = await asyncio.shield(host_resolved)
  File "C:\Users\oskar\anaconda3\envs\hft_algo\lib\site-packages\aiohttp\connector.py", line 1154, in _create_direct_connection
    hosts = await asyncio.shield(host_resolved)
  File "C:\Users\oskar\anaconda3\envs\hft_algo\lib\site-packages\aiohttp\connector.py", line 1154, in _create_direct_connection
    hosts = await asyncio.shield(host_resolved)
  [Previous line repeated 12 more times]
  File "C:\Users\oskar\anaconda3\envs\hft_algo\lib\site-packages\aiohttp\connector.py", line 867, in _resolve_host
    await event.wait()
  File "C:\Users\oskar\anaconda3\envs\hft_algo\lib\site-packages\aiohttp\locks.py", line 34, in wait
    raise self._exc
  File "C:\Users\oskar\anaconda3\envs\hft_algo\lib\site-packages\aiohttp\connector.py", line 867, in _resolve_host
    await event.wait()
  File "C:\Users\oskar\anaconda3\envs\hft_algo\lib\site-packages\aiohttp\locks.py", line 34, in wait
    raise self._exc
  File "C:\Users\oskar\anaconda3\envs\hft_algo\lib\site-packages\aiohttp\connector.py", line 867, in _resolve_host
    await event.wait()
  File "C:\Users\oskar\anaconda3\envs\hft_algo\lib\site-packages\aiohttp\locks.py", line 34, in wait
    raise self._exc
  File "C:\Users\oskar\anaconda3\envs\hft_algo\lib\site-packages\aiohttp\connector.py", line 867, in _resolve_host
    await event.wait()
  File "C:\Users\oskar\anaconda3\envs\hft_algo\lib\site-packages\aiohttp\locks.py", line 34, in wait
    raise self._exc
  File "C:\Users\oskar\anaconda3\envs\hft_algo\lib\site-packages\aiohttp\connector.py", line 867, in _resolve_host
    await event.wait()
  File "C:\Users\oskar\anaconda3\envs\hft_algo\lib\site-packages\aiohttp\locks.py", line 34, in wait
    raise self._exc
  File "C:\Users\oskar\anaconda3\envs\hft_algo\lib\site-packages\aiohttp\connector.py", line 867, in _resolve_host
    await event.wait()
  File "C:\Users\oskar\anaconda3\envs\hft_algo\lib\site-packages\aiohttp\locks.py", line 34, in wait
    raise self._exc
  File "C:\Users\oskar\anaconda3\envs\hft_algo\lib\site-packages\aiohttp\connector.py", line 867, in _resolve_host
    await event.wait()
  File "C:\Users\oskar\anaconda3\envs\hft_algo\lib\site-packages\aiohttp\locks.py", line 34, in wait
    raise self._exc
  File "C:\Users\oskar\anaconda3\envs\hft_algo\lib\site-packages\aiohttp\connector.py", line 867, in _resolve_host
    await event.wait()
  File "C:\Users\oskar\anaconda3\envs\hft_algo\lib\site-packages\aiohttp\locks.py", line 34, in wait
    raise self._exc
  File "C:\Users\oskar\anaconda3\envs\hft_algo\lib\site-packages\aiohttp\connector.py", line 867, in _resolve_host
    await event.wait()
  File "C:\Users\oskar\anaconda3\envs\hft_algo\lib\site-packages\aiohttp\locks.py", line 34, in wait
    raise self._exc
  File "C:\Users\oskar\anaconda3\envs\hft_algo\lib\site-packages\aiohttp\connector.py", line 867, in _resolve_host
    await event.wait()
  File "C:\Users\oskar\anaconda3\envs\hft_algo\lib\site-packages\aiohttp\locks.py", line 34, in wait
    raise self._exc
  File "C:\Users\oskar\anaconda3\envs\hft_algo\lib\site-packages\aiohttp\connector.py", line 867, in _resolve_host
    await event.wait()
  File "C:\Users\oskar\anaconda3\envs\hft_algo\lib\site-packages\aiohttp\locks.py", line 34, in wait
    raise self._exc
  File "C:\Users\oskar\anaconda3\envs\hft_algo\lib\site-packages\aiohttp\connector.py", line 867, in _resolve_host
    await event.wait()
  File "C:\Users\oskar\anaconda3\envs\hft_algo\lib\site-packages\aiohttp\locks.py", line 34, in wait
    raise self._exc
  File "C:\Users\oskar\anaconda3\envs\hft_algo\lib\site-packages\aiohttp\connector.py", line 867, in _resolve_host
    await event.wait()
  File "C:\Users\oskar\anaconda3\envs\hft_algo\lib\site-packages\aiohttp\locks.py", line 34, in wait
    raise self._exc
  File "C:\Users\oskar\anaconda3\envs\hft_algo\lib\site-packages\aiohttp\connector.py", line 867, in _resolve_host
    await event.wait()
  File "C:\Users\oskar\anaconda3\envs\hft_algo\lib\site-packages\aiohttp\locks.py", line 34, in wait
    raise self._exc
  File "C:\Users\oskar\anaconda3\envs\hft_algo\lib\site-packages\aiohttp\connector.py", line 880, in _resolve_host
    addrs = await self._resolver.resolve(host, port, family=self._family)
  File "C:\Users\oskar\anaconda3\envs\hft_algo\lib\site-packages\aiohttp\resolver.py", line 33, in resolve
    infos = await self._loop.getaddrinfo(
  File "C:\Users\oskar\anaconda3\envs\hft_algo\lib\asyncio\base_events.py", line 856, in getaddrinfo
    return await self.run_in_executor(
  File "C:\Users\oskar\anaconda3\envs\hft_algo\lib\concurrent\futures\thread.py", line 52, in run
    result = self.fn(*self.args, **self.kwargs)
  File "C:\Users\oskar\anaconda3\envs\hft_algo\lib\socket.py", line 954, in getaddrinfo
    for res in _socket.getaddrinfo(host, port, family, type, proto, flags):
socket.gaierror: [Errno 11001] getaddrinfo failed

The above exception was the direct cause of the following exception:

Traceback (most recent call last):
  File "C:\Users\oskar\Desktop\hft_algo\db_ex_connections\bitso\bitso_ob.py", line 136, in <module>
    asyncio.run(main())
  File "C:\Users\oskar\anaconda3\envs\hft_algo\lib\asyncio\runners.py", line 44, in run
    return loop.run_until_complete(main)
  File "C:\Users\oskar\anaconda3\envs\hft_algo\lib\asyncio\base_events.py", line 642, in run_until_complete
    return future.result()
  File "C:\Users\oskar\Desktop\hft_algo\db_ex_connections\bitso\bitso_ob.py", line 62, in main
    responses = await asyncio.gather(*tasks)
  File "C:\Users\oskar\Desktop\hft_algo\db_ex_connections\bitso\bitso_ob.py", line 21, in single_url_getter
    async with session.get(url) as response:
  File "C:\Users\oskar\anaconda3\envs\hft_algo\lib\site-packages\aiohttp\client.py", line 1138, in __aenter__
    self._resp = await self._coro
  File "C:\Users\oskar\anaconda3\envs\hft_algo\lib\site-packages\aiohttp\client.py", line 535, in _request
    conn = await self._connector.connect(
  File "C:\Users\oskar\anaconda3\envs\hft_algo\lib\site-packages\aiohttp\connector.py", line 542, in connect
    proto = await self._create_connection(req, traces, timeout)
  File "C:\Users\oskar\anaconda3\envs\hft_algo\lib\site-packages\aiohttp\connector.py", line 907, in _create_connection
    _, proto = await self._create_direct_connection(req, traces, timeout)
  File "C:\Users\oskar\anaconda3\envs\hft_algo\lib\site-packages\aiohttp\connector.py", line 1166, in _create_direct_connection
    raise ClientConnectorError(req.connection_key, exc) from exc
aiohttp.client_exceptions.ClientConnectorError: Cannot connect to host api.bitso.com:443 ssl:default [getaddrinfo failed]
06:38:06.775 ERROR   $$ Connection kill, error: Cannot connect to host api.bitso.com:443 ssl:default [getaddrinfo failed] $$ 
Traceback (most recent call last):
  File "C:\Users\oskar\anaconda3\envs\hft_algo\lib\site-packages\aiohttp\connector.py", line 1154, in _create_direct_connection
    hosts = await asyncio.shield(host_resolved)
  File "C:\Users\oskar\anaconda3\envs\hft_algo\lib\site-packages\aiohttp\connector.py", line 1154, in _create_direct_connection
    hosts = await asyncio.shield(host_resolved)
  File "C:\Users\oskar\anaconda3\envs\hft_algo\lib\site-packages\aiohttp\connector.py", line 1154, in _create_direct_connection
    hosts = await asyncio.shield(host_resolved)
  [Previous line repeated 12 more times]
  File "C:\Users\oskar\anaconda3\envs\hft_algo\lib\site-packages\aiohttp\connector.py", line 867, in _resolve_host
    await event.wait()
  File "C:\Users\oskar\anaconda3\envs\hft_algo\lib\site-packages\aiohttp\locks.py", line 34, in wait
    raise self._exc
  File "C:\Users\oskar\anaconda3\envs\hft_algo\lib\site-packages\aiohttp\connector.py", line 867, in _resolve_host
    await event.wait()
  File "C:\Users\oskar\anaconda3\envs\hft_algo\lib\site-packages\aiohttp\locks.py", line 34, in wait
    raise self._exc
  File "C:\Users\oskar\anaconda3\envs\hft_algo\lib\site-packages\aiohttp\connector.py", line 867, in _resolve_host
    await event.wait()
  File "C:\Users\oskar\anaconda3\envs\hft_algo\lib\site-packages\aiohttp\locks.py", line 34, in wait
    raise self._exc
  File "C:\Users\oskar\anaconda3\envs\hft_algo\lib\site-packages\aiohttp\connector.py", line 867, in _resolve_host
    await event.wait()
  File "C:\Users\oskar\anaconda3\envs\hft_algo\lib\site-packages\aiohttp\locks.py", line 34, in wait
    raise self._exc
  File "C:\Users\oskar\anaconda3\envs\hft_algo\lib\site-packages\aiohttp\connector.py", line 867, in _resolve_host
    await event.wait()
  File "C:\Users\oskar\anaconda3\envs\hft_algo\lib\site-packages\aiohttp\locks.py", line 34, in wait
    raise self._exc
  File "C:\Users\oskar\anaconda3\envs\hft_algo\lib\site-packages\aiohttp\connector.py", line 867, in _resolve_host
    await event.wait()
  File "C:\Users\oskar\anaconda3\envs\hft_algo\lib\site-packages\aiohttp\locks.py", line 34, in wait
    raise self._exc
  File "C:\Users\oskar\anaconda3\envs\hft_algo\lib\site-packages\aiohttp\connector.py", line 867, in _resolve_host
    await event.wait()
  File "C:\Users\oskar\anaconda3\envs\hft_algo\lib\site-packages\aiohttp\locks.py", line 34, in wait
    raise self._exc
  File "C:\Users\oskar\anaconda3\envs\hft_algo\lib\site-packages\aiohttp\connector.py", line 867, in _resolve_host
    await event.wait()
  File "C:\Users\oskar\anaconda3\envs\hft_algo\lib\site-packages\aiohttp\locks.py", line 34, in wait
    raise self._exc
  File "C:\Users\oskar\anaconda3\envs\hft_algo\lib\site-packages\aiohttp\connector.py", line 867, in _resolve_host
    await event.wait()
  File "C:\Users\oskar\anaconda3\envs\hft_algo\lib\site-packages\aiohttp\locks.py", line 34, in wait
    raise self._exc
  File "C:\Users\oskar\anaconda3\envs\hft_algo\lib\site-packages\aiohttp\connector.py", line 867, in _resolve_host
    await event.wait()
  File "C:\Users\oskar\anaconda3\envs\hft_algo\lib\site-packages\aiohttp\locks.py", line 34, in wait
    raise self._exc
  File "C:\Users\oskar\anaconda3\envs\hft_algo\lib\site-packages\aiohttp\connector.py", line 867, in _resolve_host
    await event.wait()
  File "C:\Users\oskar\anaconda3\envs\hft_algo\lib\site-packages\aiohttp\locks.py", line 34, in wait
    raise self._exc
  File "C:\Users\oskar\anaconda3\envs\hft_algo\lib\site-packages\aiohttp\connector.py", line 867, in _resolve_host
    await event.wait()
  File "C:\Users\oskar\anaconda3\envs\hft_algo\lib\site-packages\aiohttp\locks.py", line 34, in wait
    raise self._exc
  File "C:\Users\oskar\anaconda3\envs\hft_algo\lib\site-packages\aiohttp\connector.py", line 867, in _resolve_host
    await event.wait()
  File "C:\Users\oskar\anaconda3\envs\hft_algo\lib\site-packages\aiohttp\locks.py", line 34, in wait
    raise self._exc
  File "C:\Users\oskar\anaconda3\envs\hft_algo\lib\site-packages\aiohttp\connector.py", line 867, in _resolve_host
    await event.wait()
  File "C:\Users\oskar\anaconda3\envs\hft_algo\lib\site-packages\aiohttp\locks.py", line 34, in wait
    raise self._exc
  File "C:\Users\oskar\anaconda3\envs\hft_algo\lib\site-packages\aiohttp\connector.py", line 880, in _resolve_host
    addrs = await self._resolver.resolve(host, port, family=self._family)
  File "C:\Users\oskar\anaconda3\envs\hft_algo\lib\site-packages\aiohttp\resolver.py", line 33, in resolve
    infos = await self._loop.getaddrinfo(
  File "C:\Users\oskar\anaconda3\envs\hft_algo\lib\asyncio\base_events.py", line 856, in getaddrinfo
    return await self.run_in_executor(
  File "C:\Users\oskar\anaconda3\envs\hft_algo\lib\concurrent\futures\thread.py", line 52, in run
    result = self.fn(*self.args, **self.kwargs)
  File "C:\Users\oskar\anaconda3\envs\hft_algo\lib\socket.py", line 954, in getaddrinfo
    for res in _socket.getaddrinfo(host, port, family, type, proto, flags):
socket.gaierror: [Errno 11001] getaddrinfo failed

The above exception was the direct cause of the following exception:

Traceback (most recent call last):
  File "C:\Users\oskar\Desktop\hft_algo\db_ex_connections\bitso\bitso_ob.py", line 136, in <module>
    asyncio.run(main())
  File "C:\Users\oskar\anaconda3\envs\hft_algo\lib\asyncio\runners.py", line 44, in run
    return loop.run_until_complete(main)
  File "C:\Users\oskar\anaconda3\envs\hft_algo\lib\asyncio\base_events.py", line 642, in run_until_complete
    return future.result()
  File "C:\Users\oskar\Desktop\hft_algo\db_ex_connections\bitso\bitso_ob.py", line 62, in main
    responses = await asyncio.gather(*tasks)
  File "C:\Users\oskar\Desktop\hft_algo\db_ex_connections\bitso\bitso_ob.py", line 21, in single_url_getter
    async with session.get(url) as response:
  File "C:\Users\oskar\anaconda3\envs\hft_algo\lib\site-packages\aiohttp\client.py", line 1138, in __aenter__
    self._resp = await self._coro
  File "C:\Users\oskar\anaconda3\envs\hft_algo\lib\site-packages\aiohttp\client.py", line 535, in _request
    conn = await self._connector.connect(
  File "C:\Users\oskar\anaconda3\envs\hft_algo\lib\site-packages\aiohttp\connector.py", line 542, in connect
    proto = await self._create_connection(req, traces, timeout)
  File "C:\Users\oskar\anaconda3\envs\hft_algo\lib\site-packages\aiohttp\connector.py", line 907, in _create_connection
    _, proto = await self._create_direct_connection(req, traces, timeout)
  File "C:\Users\oskar\anaconda3\envs\hft_algo\lib\site-packages\aiohttp\connector.py", line 1166, in _create_direct_connection
    raise ClientConnectorError(req.connection_key, exc) from exc
aiohttp.client_exceptions.ClientConnectorError: Cannot connect to host api.bitso.com:443 ssl:default [getaddrinfo failed]
06:38:06.923 ERROR   $$ Connection kill, error: Cannot connect to host api.bitso.com:443 ssl:default [getaddrinfo failed] $$ 
Traceback (most recent call last):
  File "C:\Users\oskar\anaconda3\envs\hft_algo\lib\site-packages\aiohttp\connector.py", line 1154, in _create_direct_connection
    hosts = await asyncio.shield(host_resolved)
  File "C:\Users\oskar\anaconda3\envs\hft_algo\lib\site-packages\aiohttp\connector.py", line 1154, in _create_direct_connection
    hosts = await asyncio.shield(host_resolved)
  File "C:\Users\oskar\anaconda3\envs\hft_algo\lib\site-packages\aiohttp\connector.py", line 1154, in _create_direct_connection
    hosts = await asyncio.shield(host_resolved)
  [Previous line repeated 12 more times]
  File "C:\Users\oskar\anaconda3\envs\hft_algo\lib\site-packages\aiohttp\connector.py", line 867, in _resolve_host
    await event.wait()
  File "C:\Users\oskar\anaconda3\envs\hft_algo\lib\site-packages\aiohttp\locks.py", line 34, in wait
    raise self._exc
  File "C:\Users\oskar\anaconda3\envs\hft_algo\lib\site-packages\aiohttp\connector.py", line 867, in _resolve_host
    await event.wait()
  File "C:\Users\oskar\anaconda3\envs\hft_algo\lib\site-packages\aiohttp\locks.py", line 34, in wait
    raise self._exc
  File "C:\Users\oskar\anaconda3\envs\hft_algo\lib\site-packages\aiohttp\connector.py", line 867, in _resolve_host
    await event.wait()
  File "C:\Users\oskar\anaconda3\envs\hft_algo\lib\site-packages\aiohttp\locks.py", line 34, in wait
    raise self._exc
  File "C:\Users\oskar\anaconda3\envs\hft_algo\lib\site-packages\aiohttp\connector.py", line 867, in _resolve_host
    await event.wait()
  File "C:\Users\oskar\anaconda3\envs\hft_algo\lib\site-packages\aiohttp\locks.py", line 34, in wait
    raise self._exc
  File "C:\Users\oskar\anaconda3\envs\hft_algo\lib\site-packages\aiohttp\connector.py", line 867, in _resolve_host
    await event.wait()
  File "C:\Users\oskar\anaconda3\envs\hft_algo\lib\site-packages\aiohttp\locks.py", line 34, in wait
    raise self._exc
  File "C:\Users\oskar\anaconda3\envs\hft_algo\lib\site-packages\aiohttp\connector.py", line 867, in _resolve_host
    await event.wait()
  File "C:\Users\oskar\anaconda3\envs\hft_algo\lib\site-packages\aiohttp\locks.py", line 34, in wait
    raise self._exc
  File "C:\Users\oskar\anaconda3\envs\hft_algo\lib\site-packages\aiohttp\connector.py", line 867, in _resolve_host
    await event.wait()
  File "C:\Users\oskar\anaconda3\envs\hft_algo\lib\site-packages\aiohttp\locks.py", line 34, in wait
    raise self._exc
  File "C:\Users\oskar\anaconda3\envs\hft_algo\lib\site-packages\aiohttp\connector.py", line 867, in _resolve_host
    await event.wait()
  File "C:\Users\oskar\anaconda3\envs\hft_algo\lib\site-packages\aiohttp\locks.py", line 34, in wait
    raise self._exc
  File "C:\Users\oskar\anaconda3\envs\hft_algo\lib\site-packages\aiohttp\connector.py", line 867, in _resolve_host
    await event.wait()
  File "C:\Users\oskar\anaconda3\envs\hft_algo\lib\site-packages\aiohttp\locks.py", line 34, in wait
    raise self._exc
  File "C:\Users\oskar\anaconda3\envs\hft_algo\lib\site-packages\aiohttp\connector.py", line 867, in _resolve_host
    await event.wait()
  File "C:\Users\oskar\anaconda3\envs\hft_algo\lib\site-packages\aiohttp\locks.py", line 34, in wait
    raise self._exc
  File "C:\Users\oskar\anaconda3\envs\hft_algo\lib\site-packages\aiohttp\connector.py", line 867, in _resolve_host
    await event.wait()
  File "C:\Users\oskar\anaconda3\envs\hft_algo\lib\site-packages\aiohttp\locks.py", line 34, in wait
    raise self._exc
  File "C:\Users\oskar\anaconda3\envs\hft_algo\lib\site-packages\aiohttp\connector.py", line 867, in _resolve_host
    await event.wait()
  File "C:\Users\oskar\anaconda3\envs\hft_algo\lib\site-packages\aiohttp\locks.py", line 34, in wait
    raise self._exc
  File "C:\Users\oskar\anaconda3\envs\hft_algo\lib\site-packages\aiohttp\connector.py", line 867, in _resolve_host
    await event.wait()
  File "C:\Users\oskar\anaconda3\envs\hft_algo\lib\site-packages\aiohttp\locks.py", line 34, in wait
    raise self._exc
  File "C:\Users\oskar\anaconda3\envs\hft_algo\lib\site-packages\aiohttp\connector.py", line 867, in _resolve_host
    await event.wait()
  File "C:\Users\oskar\anaconda3\envs\hft_algo\lib\site-packages\aiohttp\locks.py", line 34, in wait
    raise self._exc
  File "C:\Users\oskar\anaconda3\envs\hft_algo\lib\site-packages\aiohttp\connector.py", line 880, in _resolve_host
    addrs = await self._resolver.resolve(host, port, family=self._family)
  File "C:\Users\oskar\anaconda3\envs\hft_algo\lib\site-packages\aiohttp\resolver.py", line 33, in resolve
    infos = await self._loop.getaddrinfo(
  File "C:\Users\oskar\anaconda3\envs\hft_algo\lib\asyncio\base_events.py", line 856, in getaddrinfo
    return await self.run_in_executor(
  File "C:\Users\oskar\anaconda3\envs\hft_algo\lib\concurrent\futures\thread.py", line 52, in run
    result = self.fn(*self.args, **self.kwargs)
  File "C:\Users\oskar\anaconda3\envs\hft_algo\lib\socket.py", line 954, in getaddrinfo
    for res in _socket.getaddrinfo(host, port, family, type, proto, flags):
socket.gaierror: [Errno 11001] getaddrinfo failed

The above exception was the direct cause of the following exception:

Traceback (most recent call last):
  File "C:\Users\oskar\Desktop\hft_algo\db_ex_connections\bitso\bitso_ob.py", line 136, in <module>
    asyncio.run(main())
  File "C:\Users\oskar\anaconda3\envs\hft_algo\lib\asyncio\runners.py", line 44, in run
    return loop.run_until_complete(main)
  File "C:\Users\oskar\anaconda3\envs\hft_algo\lib\asyncio\base_events.py", line 642, in run_until_complete
    return future.result()
  File "C:\Users\oskar\Desktop\hft_algo\db_ex_connections\bitso\bitso_ob.py", line 62, in main
    responses = await asyncio.gather(*tasks)
  File "C:\Users\oskar\Desktop\hft_algo\db_ex_connections\bitso\bitso_ob.py", line 21, in single_url_getter
    async with session.get(url) as response:
  File "C:\Users\oskar\anaconda3\envs\hft_algo\lib\site-packages\aiohttp\client.py", line 1138, in __aenter__
    self._resp = await self._coro
  File "C:\Users\oskar\anaconda3\envs\hft_algo\lib\site-packages\aiohttp\client.py", line 535, in _request
    conn = await self._connector.connect(
  File "C:\Users\oskar\anaconda3\envs\hft_algo\lib\site-packages\aiohttp\connector.py", line 542, in connect
    proto = await self._create_connection(req, traces, timeout)
  File "C:\Users\oskar\anaconda3\envs\hft_algo\lib\site-packages\aiohttp\connector.py", line 907, in _create_connection
    _, proto = await self._create_direct_connection(req, traces, timeout)
  File "C:\Users\oskar\anaconda3\envs\hft_algo\lib\site-packages\aiohttp\connector.py", line 1166, in _create_direct_connection
    raise ClientConnectorError(req.connection_key, exc) from exc
aiohttp.client_exceptions.ClientConnectorError: Cannot connect to host api.bitso.com:443 ssl:default [getaddrinfo failed]
06:38:07.070 ERROR   $$ Connection kill, error: Cannot connect to host api.bitso.com:443 ssl:default [getaddrinfo failed] $$ 
Traceback (most recent call last):
  File "C:\Users\oskar\anaconda3\envs\hft_algo\lib\site-packages\aiohttp\connector.py", line 1154, in _create_direct_connection
    hosts = await asyncio.shield(host_resolved)
  File "C:\Users\oskar\anaconda3\envs\hft_algo\lib\site-packages\aiohttp\connector.py", line 1154, in _create_direct_connection
    hosts = await asyncio.shield(host_resolved)
  File "C:\Users\oskar\anaconda3\envs\hft_algo\lib\site-packages\aiohttp\connector.py", line 1154, in _create_direct_connection
    hosts = await asyncio.shield(host_resolved)
  [Previous line repeated 12 more times]
  File "C:\Users\oskar\anaconda3\envs\hft_algo\lib\site-packages\aiohttp\connector.py", line 867, in _resolve_host
    await event.wait()
  File "C:\Users\oskar\anaconda3\envs\hft_algo\lib\site-packages\aiohttp\locks.py", line 34, in wait
    raise self._exc
  File "C:\Users\oskar\anaconda3\envs\hft_algo\lib\site-packages\aiohttp\connector.py", line 867, in _resolve_host
    await event.wait()
  File "C:\Users\oskar\anaconda3\envs\hft_algo\lib\site-packages\aiohttp\locks.py", line 34, in wait
    raise self._exc
  File "C:\Users\oskar\anaconda3\envs\hft_algo\lib\site-packages\aiohttp\connector.py", line 867, in _resolve_host
    await event.wait()
  File "C:\Users\oskar\anaconda3\envs\hft_algo\lib\site-packages\aiohttp\locks.py", line 34, in wait
    raise self._exc
  File "C:\Users\oskar\anaconda3\envs\hft_algo\lib\site-packages\aiohttp\connector.py", line 867, in _resolve_host
    await event.wait()
  File "C:\Users\oskar\anaconda3\envs\hft_algo\lib\site-packages\aiohttp\locks.py", line 34, in wait
    raise self._exc
  File "C:\Users\oskar\anaconda3\envs\hft_algo\lib\site-packages\aiohttp\connector.py", line 867, in _resolve_host
    await event.wait()
  File "C:\Users\oskar\anaconda3\envs\hft_algo\lib\site-packages\aiohttp\locks.py", line 34, in wait
    raise self._exc
  File "C:\Users\oskar\anaconda3\envs\hft_algo\lib\site-packages\aiohttp\connector.py", line 867, in _resolve_host
    await event.wait()
  File "C:\Users\oskar\anaconda3\envs\hft_algo\lib\site-packages\aiohttp\locks.py", line 34, in wait
    raise self._exc
  File "C:\Users\oskar\anaconda3\envs\hft_algo\lib\site-packages\aiohttp\connector.py", line 867, in _resolve_host
    await event.wait()
  File "C:\Users\oskar\anaconda3\envs\hft_algo\lib\site-packages\aiohttp\locks.py", line 34, in wait
    raise self._exc
  File "C:\Users\oskar\anaconda3\envs\hft_algo\lib\site-packages\aiohttp\connector.py", line 867, in _resolve_host
    await event.wait()
  File "C:\Users\oskar\anaconda3\envs\hft_algo\lib\site-packages\aiohttp\locks.py", line 34, in wait
    raise self._exc
  File "C:\Users\oskar\anaconda3\envs\hft_algo\lib\site-packages\aiohttp\connector.py", line 867, in _resolve_host
    await event.wait()
  File "C:\Users\oskar\anaconda3\envs\hft_algo\lib\site-packages\aiohttp\locks.py", line 34, in wait
    raise self._exc
  File "C:\Users\oskar\anaconda3\envs\hft_algo\lib\site-packages\aiohttp\connector.py", line 867, in _resolve_host
    await event.wait()
  File "C:\Users\oskar\anaconda3\envs\hft_algo\lib\site-packages\aiohttp\locks.py", line 34, in wait
    raise self._exc
  File "C:\Users\oskar\anaconda3\envs\hft_algo\lib\site-packages\aiohttp\connector.py", line 867, in _resolve_host
    await event.wait()
  File "C:\Users\oskar\anaconda3\envs\hft_algo\lib\site-packages\aiohttp\locks.py", line 34, in wait
    raise self._exc
  File "C:\Users\oskar\anaconda3\envs\hft_algo\lib\site-packages\aiohttp\connector.py", line 867, in _resolve_host
    await event.wait()
  File "C:\Users\oskar\anaconda3\envs\hft_algo\lib\site-packages\aiohttp\locks.py", line 34, in wait
    raise self._exc
  File "C:\Users\oskar\anaconda3\envs\hft_algo\lib\site-packages\aiohttp\connector.py", line 867, in _resolve_host
    await event.wait()
  File "C:\Users\oskar\anaconda3\envs\hft_algo\lib\site-packages\aiohttp\locks.py", line 34, in wait
    raise self._exc
  File "C:\Users\oskar\anaconda3\envs\hft_algo\lib\site-packages\aiohttp\connector.py", line 867, in _resolve_host
    await event.wait()
  File "C:\Users\oskar\anaconda3\envs\hft_algo\lib\site-packages\aiohttp\locks.py", line 34, in wait
    raise self._exc
  File "C:\Users\oskar\anaconda3\envs\hft_algo\lib\site-packages\aiohttp\connector.py", line 880, in _resolve_host
    addrs = await self._resolver.resolve(host, port, family=self._family)
  File "C:\Users\oskar\anaconda3\envs\hft_algo\lib\site-packages\aiohttp\resolver.py", line 33, in resolve
    infos = await self._loop.getaddrinfo(
  File "C:\Users\oskar\anaconda3\envs\hft_algo\lib\asyncio\base_events.py", line 856, in getaddrinfo
    return await self.run_in_executor(
  File "C:\Users\oskar\anaconda3\envs\hft_algo\lib\concurrent\futures\thread.py", line 52, in run
    result = self.fn(*self.args, **self.kwargs)
  File "C:\Users\oskar\anaconda3\envs\hft_algo\lib\socket.py", line 954, in getaddrinfo
    for res in _socket.getaddrinfo(host, port, family, type, proto, flags):
socket.gaierror: [Errno 11001] getaddrinfo failed

The above exception was the direct cause of the following exception:

Traceback (most recent call last):
  File "C:\Users\oskar\Desktop\hft_algo\db_ex_connections\bitso\bitso_ob.py", line 136, in <module>
    asyncio.run(main())
  File "C:\Users\oskar\anaconda3\envs\hft_algo\lib\asyncio\runners.py", line 44, in run
    return loop.run_until_complete(main)
  File "C:\Users\oskar\anaconda3\envs\hft_algo\lib\asyncio\base_events.py", line 642, in run_until_complete
    return future.result()
  File "C:\Users\oskar\Desktop\hft_algo\db_ex_connections\bitso\bitso_ob.py", line 62, in main
    responses = await asyncio.gather(*tasks)
  File "C:\Users\oskar\Desktop\hft_algo\db_ex_connections\bitso\bitso_ob.py", line 21, in single_url_getter
    async with session.get(url) as response:
  File "C:\Users\oskar\anaconda3\envs\hft_algo\lib\site-packages\aiohttp\client.py", line 1138, in __aenter__
    self._resp = await self._coro
  File "C:\Users\oskar\anaconda3\envs\hft_algo\lib\site-packages\aiohttp\client.py", line 535, in _request
    conn = await self._connector.connect(
  File "C:\Users\oskar\anaconda3\envs\hft_algo\lib\site-packages\aiohttp\connector.py", line 542, in connect
    proto = await self._create_connection(req, traces, timeout)
  File "C:\Users\oskar\anaconda3\envs\hft_algo\lib\site-packages\aiohttp\connector.py", line 907, in _create_connection
    _, proto = await self._create_direct_connection(req, traces, timeout)
  File "C:\Users\oskar\anaconda3\envs\hft_algo\lib\site-packages\aiohttp\connector.py", line 1166, in _create_direct_connection
    raise ClientConnectorError(req.connection_key, exc) from exc
aiohttp.client_exceptions.ClientConnectorError: Cannot connect to host api.bitso.com:443 ssl:default [getaddrinfo failed]
06:38:07.120 ERROR   $$ Connection kill, error: Cannot connect to host api.bitso.com:443 ssl:default [getaddrinfo failed] $$ 
Traceback (most recent call last):
  File "C:\Users\oskar\anaconda3\envs\hft_algo\lib\site-packages\aiohttp\connector.py", line 1154, in _create_direct_connection
    hosts = await asyncio.shield(host_resolved)
  File "C:\Users\oskar\anaconda3\envs\hft_algo\lib\site-packages\aiohttp\connector.py", line 1154, in _create_direct_connection
    hosts = await asyncio.shield(host_resolved)
  File "C:\Users\oskar\anaconda3\envs\hft_algo\lib\site-packages\aiohttp\connector.py", line 1154, in _create_direct_connection
    hosts = await asyncio.shield(host_resolved)
  [Previous line repeated 12 more times]
  File "C:\Users\oskar\anaconda3\envs\hft_algo\lib\site-packages\aiohttp\connector.py", line 867, in _resolve_host
    await event.wait()
  File "C:\Users\oskar\anaconda3\envs\hft_algo\lib\site-packages\aiohttp\locks.py", line 34, in wait
    raise self._exc
  File "C:\Users\oskar\anaconda3\envs\hft_algo\lib\site-packages\aiohttp\connector.py", line 867, in _resolve_host
    await event.wait()
  File "C:\Users\oskar\anaconda3\envs\hft_algo\lib\site-packages\aiohttp\locks.py", line 34, in wait
    raise self._exc
  File "C:\Users\oskar\anaconda3\envs\hft_algo\lib\site-packages\aiohttp\connector.py", line 867, in _resolve_host
    await event.wait()
  File "C:\Users\oskar\anaconda3\envs\hft_algo\lib\site-packages\aiohttp\locks.py", line 34, in wait
    raise self._exc
  File "C:\Users\oskar\anaconda3\envs\hft_algo\lib\site-packages\aiohttp\connector.py", line 867, in _resolve_host
    await event.wait()
  File "C:\Users\oskar\anaconda3\envs\hft_algo\lib\site-packages\aiohttp\locks.py", line 34, in wait
    raise self._exc
  File "C:\Users\oskar\anaconda3\envs\hft_algo\lib\site-packages\aiohttp\connector.py", line 867, in _resolve_host
    await event.wait()
  File "C:\Users\oskar\anaconda3\envs\hft_algo\lib\site-packages\aiohttp\locks.py", line 34, in wait
    raise self._exc
  File "C:\Users\oskar\anaconda3\envs\hft_algo\lib\site-packages\aiohttp\connector.py", line 867, in _resolve_host
    await event.wait()
  File "C:\Users\oskar\anaconda3\envs\hft_algo\lib\site-packages\aiohttp\locks.py", line 34, in wait
    raise self._exc
  File "C:\Users\oskar\anaconda3\envs\hft_algo\lib\site-packages\aiohttp\connector.py", line 867, in _resolve_host
    await event.wait()
  File "C:\Users\oskar\anaconda3\envs\hft_algo\lib\site-packages\aiohttp\locks.py", line 34, in wait
    raise self._exc
  File "C:\Users\oskar\anaconda3\envs\hft_algo\lib\site-packages\aiohttp\connector.py", line 867, in _resolve_host
    await event.wait()
  File "C:\Users\oskar\anaconda3\envs\hft_algo\lib\site-packages\aiohttp\locks.py", line 34, in wait
    raise self._exc
  File "C:\Users\oskar\anaconda3\envs\hft_algo\lib\site-packages\aiohttp\connector.py", line 867, in _resolve_host
    await event.wait()
  File "C:\Users\oskar\anaconda3\envs\hft_algo\lib\site-packages\aiohttp\locks.py", line 34, in wait
    raise self._exc
  File "C:\Users\oskar\anaconda3\envs\hft_algo\lib\site-packages\aiohttp\connector.py", line 867, in _resolve_host
    await event.wait()
  File "C:\Users\oskar\anaconda3\envs\hft_algo\lib\site-packages\aiohttp\locks.py", line 34, in wait
    raise self._exc
  File "C:\Users\oskar\anaconda3\envs\hft_algo\lib\site-packages\aiohttp\connector.py", line 867, in _resolve_host
    await event.wait()
  File "C:\Users\oskar\anaconda3\envs\hft_algo\lib\site-packages\aiohttp\locks.py", line 34, in wait
    raise self._exc
  File "C:\Users\oskar\anaconda3\envs\hft_algo\lib\site-packages\aiohttp\connector.py", line 867, in _resolve_host
    await event.wait()
  File "C:\Users\oskar\anaconda3\envs\hft_algo\lib\site-packages\aiohttp\locks.py", line 34, in wait
    raise self._exc
  File "C:\Users\oskar\anaconda3\envs\hft_algo\lib\site-packages\aiohttp\connector.py", line 867, in _resolve_host
    await event.wait()
  File "C:\Users\oskar\anaconda3\envs\hft_algo\lib\site-packages\aiohttp\locks.py", line 34, in wait
    raise self._exc
  File "C:\Users\oskar\anaconda3\envs\hft_algo\lib\site-packages\aiohttp\connector.py", line 867, in _resolve_host
    await event.wait()
  File "C:\Users\oskar\anaconda3\envs\hft_algo\lib\site-packages\aiohttp\locks.py", line 34, in wait
    raise self._exc
  File "C:\Users\oskar\anaconda3\envs\hft_algo\lib\site-packages\aiohttp\connector.py", line 880, in _resolve_host
    addrs = await self._resolver.resolve(host, port, family=self._family)
  File "C:\Users\oskar\anaconda3\envs\hft_algo\lib\site-packages\aiohttp\resolver.py", line 33, in resolve
    infos = await self._loop.getaddrinfo(
  File "C:\Users\oskar\anaconda3\envs\hft_algo\lib\asyncio\base_events.py", line 856, in getaddrinfo
    return await self.run_in_executor(
  File "C:\Users\oskar\anaconda3\envs\hft_algo\lib\concurrent\futures\thread.py", line 52, in run
    result = self.fn(*self.args, **self.kwargs)
  File "C:\Users\oskar\anaconda3\envs\hft_algo\lib\socket.py", line 954, in getaddrinfo
    for res in _socket.getaddrinfo(host, port, family, type, proto, flags):
socket.gaierror: [Errno 11001] getaddrinfo failed

The above exception was the direct cause of the following exception:

Traceback (most recent call last):
  File "C:\Users\oskar\Desktop\hft_algo\db_ex_connections\bitso\bitso_ob.py", line 136, in <module>
    asyncio.run(main())
  File "C:\Users\oskar\anaconda3\envs\hft_algo\lib\asyncio\runners.py", line 44, in run
    return loop.run_until_complete(main)
  File "C:\Users\oskar\anaconda3\envs\hft_algo\lib\asyncio\base_events.py", line 642, in run_until_complete
    return future.result()
  File "C:\Users\oskar\Desktop\hft_algo\db_ex_connections\bitso\bitso_ob.py", line 62, in main
    responses = await asyncio.gather(*tasks)
  File "C:\Users\oskar\Desktop\hft_algo\db_ex_connections\bitso\bitso_ob.py", line 21, in single_url_getter
    async with session.get(url) as response:
  File "C:\Users\oskar\anaconda3\envs\hft_algo\lib\site-packages\aiohttp\client.py", line 1138, in __aenter__
    self._resp = await self._coro
  File "C:\Users\oskar\anaconda3\envs\hft_algo\lib\site-packages\aiohttp\client.py", line 535, in _request
    conn = await self._connector.connect(
  File "C:\Users\oskar\anaconda3\envs\hft_algo\lib\site-packages\aiohttp\connector.py", line 542, in connect
    proto = await self._create_connection(req, traces, timeout)
  File "C:\Users\oskar\anaconda3\envs\hft_algo\lib\site-packages\aiohttp\connector.py", line 907, in _create_connection
    _, proto = await self._create_direct_connection(req, traces, timeout)
  File "C:\Users\oskar\anaconda3\envs\hft_algo\lib\site-packages\aiohttp\connector.py", line 1166, in _create_direct_connection
    raise ClientConnectorError(req.connection_key, exc) from exc
aiohttp.client_exceptions.ClientConnectorError: Cannot connect to host api.bitso.com:443 ssl:default [getaddrinfo failed]
06:38:08.909 INFO  Ob received and successfully saved into database for ['xrpmxn', 'btcmxn', 'ethmxn', 'manamxn', 'ltcusd', 'btcbrl', 'linkusd', 'batmxn', 'btcusd', 'xrpusd', 'aaveusd', 'ethbrl', 'shibusd', 'sandusd', 'ftmusd']
06:38:19.700 INFO  Ob received and successfully saved into database for ['xrpmxn', 'btcmxn', 'ethmxn', 'manamxn', 'ltcusd', 'btcbrl', 'linkusd', 'batmxn', 'btcusd', 'xrpusd', 'aaveusd', 'ethbrl', 'shibusd', 'sandusd', 'ftmusd']
06:38:31.448 INFO  Ob received and successfully saved into database for ['xrpmxn', 'btcmxn', 'ethmxn', 'manamxn', 'ltcusd', 'btcbrl', 'linkusd', 'batmxn', 'btcusd', 'xrpusd', 'aaveusd', 'ethbrl', 'shibusd', 'sandusd', 'ftmusd']
06:38:43.470 INFO  Ob received and successfully saved into database for ['xrpmxn', 'btcmxn', 'ethmxn', 'manamxn', 'ltcusd', 'btcbrl', 'linkusd', 'batmxn', 'btcusd', 'xrpusd', 'aaveusd', 'ethbrl', 'shibusd', 'sandusd', 'ftmusd']
06:38:55.465 ERROR   $$ Connection status: Too many requests. $$ 
NoneType: None
06:39:00.476 ERROR   $$ Connection status: Too many requests. $$ 
NoneType: None
06:39:05.491 ERROR   $$ Connection status: Too many requests. $$ 
NoneType: None
06:39:10.502 ERROR   $$ Connection status: Too many requests. $$ 
NoneType: None
06:39:15.505 ERROR   $$ Connection status: Too many requests. $$ 
NoneType: None
06:39:21.347 INFO  Ob received and successfully saved into database for ['xrpmxn', 'btcmxn', 'ethmxn', 'manamxn', 'ltcusd', 'btcbrl', 'linkusd', 'batmxn', 'btcusd', 'xrpusd', 'aaveusd', 'ethbrl', 'shibusd', 'sandusd', 'ftmusd']
06:39:33.079 INFO  Ob received and successfully saved into database for ['xrpmxn', 'btcmxn', 'ethmxn', 'manamxn', 'ltcusd', 'btcbrl', 'linkusd', 'batmxn', 'btcusd', 'xrpusd', 'aaveusd', 'ethbrl', 'shibusd', 'sandusd', 'ftmusd']
06:39:45.061 INFO  Ob received and successfully saved into database for ['xrpmxn', 'btcmxn', 'ethmxn', 'manamxn', 'ltcusd', 'btcbrl', 'linkusd', 'batmxn', 'btcusd', 'xrpusd', 'aaveusd', 'ethbrl', 'shibusd', 'sandusd', 'ftmusd']
06:39:57.123 INFO  Ob received and successfully saved into database for ['xrpmxn', 'btcmxn', 'ethmxn', 'manamxn', 'ltcusd', 'btcbrl', 'linkusd', 'batmxn', 'btcusd', 'xrpusd', 'aaveusd', 'ethbrl', 'shibusd', 'sandusd', 'ftmusd']
06:40:09.119 INFO  Ob received and successfully saved into database for ['xrpmxn', 'btcmxn', 'ethmxn', 'manamxn', 'ltcusd', 'btcbrl', 'linkusd', 'batmxn', 'btcusd', 'xrpusd', 'aaveusd', 'ethbrl', 'shibusd', 'sandusd', 'ftmusd']
06:40:20.841 INFO  Ob received and successfully saved into database for ['xrpmxn', 'btcmxn', 'ethmxn', 'manamxn', 'ltcusd', 'btcbrl', 'linkusd', 'batmxn', 'btcusd', 'xrpusd', 'aaveusd', 'ethbrl', 'shibusd', 'sandusd', 'ftmusd']
06:40:33.118 INFO  Ob received and successfully saved into database for ['xrpmxn', 'btcmxn', 'ethmxn', 'manamxn', 'ltcusd', 'btcbrl', 'linkusd', 'batmxn', 'btcusd', 'xrpusd', 'aaveusd', 'ethbrl', 'shibusd', 'sandusd', 'ftmusd']
06:40:45.142 INFO  Ob received and successfully saved into database for ['xrpmxn', 'btcmxn', 'ethmxn', 'manamxn', 'ltcusd', 'btcbrl', 'linkusd', 'batmxn', 'btcusd', 'xrpusd', 'aaveusd', 'ethbrl', 'shibusd', 'sandusd', 'ftmusd']
06:40:57.127 INFO  Ob received and successfully saved into database for ['xrpmxn', 'btcmxn', 'ethmxn', 'manamxn', 'ltcusd', 'btcbrl', 'linkusd', 'batmxn', 'btcusd', 'xrpusd', 'aaveusd', 'ethbrl', 'shibusd', 'sandusd', 'ftmusd']
06:41:09.160 INFO  Ob received and successfully saved into database for ['xrpmxn', 'btcmxn', 'ethmxn', 'manamxn', 'ltcusd', 'btcbrl', 'linkusd', 'batmxn', 'btcusd', 'xrpusd', 'aaveusd', 'ethbrl', 'shibusd', 'sandusd', 'ftmusd']
06:41:21.167 INFO  Ob received and successfully saved into database for ['xrpmxn', 'btcmxn', 'ethmxn', 'manamxn', 'ltcusd', 'btcbrl', 'linkusd', 'batmxn', 'btcusd', 'xrpusd', 'aaveusd', 'ethbrl', 'shibusd', 'sandusd', 'ftmusd']
06:41:33.168 INFO  Ob received and successfully saved into database for ['xrpmxn', 'btcmxn', 'ethmxn', 'manamxn', 'ltcusd', 'btcbrl', 'linkusd', 'batmxn', 'btcusd', 'xrpusd', 'aaveusd', 'ethbrl', 'shibusd', 'sandusd', 'ftmusd']
06:41:45.145 INFO  Ob received and successfully saved into database for ['xrpmxn', 'btcmxn', 'ethmxn', 'manamxn', 'ltcusd', 'btcbrl', 'linkusd', 'batmxn', 'btcusd', 'xrpusd', 'aaveusd', 'ethbrl', 'shibusd', 'sandusd', 'ftmusd']
06:41:57.190 INFO  Ob received and successfully saved into database for ['xrpmxn', 'btcmxn', 'ethmxn', 'manamxn', 'ltcusd', 'btcbrl', 'linkusd', 'batmxn', 'btcusd', 'xrpusd', 'aaveusd', 'ethbrl', 'shibusd', 'sandusd', 'ftmusd']
06:42:08.938 INFO  Ob received and successfully saved into database for ['xrpmxn', 'btcmxn', 'ethmxn', 'manamxn', 'ltcusd', 'btcbrl', 'linkusd', 'batmxn', 'btcusd', 'xrpusd', 'aaveusd', 'ethbrl', 'shibusd', 'sandusd', 'ftmusd']
06:42:21.198 INFO  Ob received and successfully saved into database for ['xrpmxn', 'btcmxn', 'ethmxn', 'manamxn', 'ltcusd', 'btcbrl', 'linkusd', 'batmxn', 'btcusd', 'xrpusd', 'aaveusd', 'ethbrl', 'shibusd', 'sandusd', 'ftmusd']
06:42:32.959 INFO  Ob received and successfully saved into database for ['xrpmxn', 'btcmxn', 'ethmxn', 'manamxn', 'ltcusd', 'btcbrl', 'linkusd', 'batmxn', 'btcusd', 'xrpusd', 'aaveusd', 'ethbrl', 'shibusd', 'sandusd', 'ftmusd']
06:42:45.252 INFO  Ob received and successfully saved into database for ['xrpmxn', 'btcmxn', 'ethmxn', 'manamxn', 'ltcusd', 'btcbrl', 'linkusd', 'batmxn', 'btcusd', 'xrpusd', 'aaveusd', 'ethbrl', 'shibusd', 'sandusd', 'ftmusd']
06:42:57.226 INFO  Ob received and successfully saved into database for ['xrpmxn', 'btcmxn', 'ethmxn', 'manamxn', 'ltcusd', 'btcbrl', 'linkusd', 'batmxn', 'btcusd', 'xrpusd', 'aaveusd', 'ethbrl', 'shibusd', 'sandusd', 'ftmusd']
06:43:08.986 INFO  Ob received and successfully saved into database for ['xrpmxn', 'btcmxn', 'ethmxn', 'manamxn', 'ltcusd', 'btcbrl', 'linkusd', 'batmxn', 'btcusd', 'xrpusd', 'aaveusd', 'ethbrl', 'shibusd', 'sandusd', 'ftmusd']
06:43:21.251 INFO  Ob received and successfully saved into database for ['xrpmxn', 'btcmxn', 'ethmxn', 'manamxn', 'ltcusd', 'btcbrl', 'linkusd', 'batmxn', 'btcusd', 'xrpusd', 'aaveusd', 'ethbrl', 'shibusd', 'sandusd', 'ftmusd']
06:43:33.274 INFO  Ob received and successfully saved into database for ['xrpmxn', 'btcmxn', 'ethmxn', 'manamxn', 'ltcusd', 'btcbrl', 'linkusd', 'batmxn', 'btcusd', 'xrpusd', 'aaveusd', 'ethbrl', 'shibusd', 'sandusd', 'ftmusd']
06:43:45.012 INFO  Ob received and successfully saved into database for ['xrpmxn', 'btcmxn', 'ethmxn', 'manamxn', 'ltcusd', 'btcbrl', 'linkusd', 'batmxn', 'btcusd', 'xrpusd', 'aaveusd', 'ethbrl', 'shibusd', 'sandusd', 'ftmusd']
06:43:57.241 INFO  Ob received and successfully saved into database for ['xrpmxn', 'btcmxn', 'ethmxn', 'manamxn', 'ltcusd', 'btcbrl', 'linkusd', 'batmxn', 'btcusd', 'xrpusd', 'aaveusd', 'ethbrl', 'shibusd', 'sandusd', 'ftmusd']
06:44:09.010 INFO  Ob received and successfully saved into database for ['xrpmxn', 'btcmxn', 'ethmxn', 'manamxn', 'ltcusd', 'btcbrl', 'linkusd', 'batmxn', 'btcusd', 'xrpusd', 'aaveusd', 'ethbrl', 'shibusd', 'sandusd', 'ftmusd']
06:44:21.291 INFO  Ob received and successfully saved into database for ['xrpmxn', 'btcmxn', 'ethmxn', 'manamxn', 'ltcusd', 'btcbrl', 'linkusd', 'batmxn', 'btcusd', 'xrpusd', 'aaveusd', 'ethbrl', 'shibusd', 'sandusd', 'ftmusd']
06:44:33.305 INFO  Ob received and successfully saved into database for ['xrpmxn', 'btcmxn', 'ethmxn', 'manamxn', 'ltcusd', 'btcbrl', 'linkusd', 'batmxn', 'btcusd', 'xrpusd', 'aaveusd', 'ethbrl', 'shibusd', 'sandusd', 'ftmusd']
06:44:45.304 INFO  Ob received and successfully saved into database for ['xrpmxn', 'btcmxn', 'ethmxn', 'manamxn', 'ltcusd', 'btcbrl', 'linkusd', 'batmxn', 'btcusd', 'xrpusd', 'aaveusd', 'ethbrl', 'shibusd', 'sandusd', 'ftmusd']
06:44:57.317 INFO  Ob received and successfully saved into database for ['xrpmxn', 'btcmxn', 'ethmxn', 'manamxn', 'ltcusd', 'btcbrl', 'linkusd', 'batmxn', 'btcusd', 'xrpusd', 'aaveusd', 'ethbrl', 'shibusd', 'sandusd', 'ftmusd']
06:45:09.343 INFO  Ob received and successfully saved into database for ['xrpmxn', 'btcmxn', 'ethmxn', 'manamxn', 'ltcusd', 'btcbrl', 'linkusd', 'batmxn', 'btcusd', 'xrpusd', 'aaveusd', 'ethbrl', 'shibusd', 'sandusd', 'ftmusd']
06:45:21.362 INFO  Ob received and successfully saved into database for ['xrpmxn', 'btcmxn', 'ethmxn', 'manamxn', 'ltcusd', 'btcbrl', 'linkusd', 'batmxn', 'btcusd', 'xrpusd', 'aaveusd', 'ethbrl', 'shibusd', 'sandusd', 'ftmusd']
06:45:33.178 INFO  Ob received and successfully saved into database for ['xrpmxn', 'btcmxn', 'ethmxn', 'manamxn', 'ltcusd', 'btcbrl', 'linkusd', 'batmxn', 'btcusd', 'xrpusd', 'aaveusd', 'ethbrl', 'shibusd', 'sandusd', 'ftmusd']
06:45:45.123 INFO  Ob received and successfully saved into database for ['xrpmxn', 'btcmxn', 'ethmxn', 'manamxn', 'ltcusd', 'btcbrl', 'linkusd', 'batmxn', 'btcusd', 'xrpusd', 'aaveusd', 'ethbrl', 'shibusd', 'sandusd', 'ftmusd']
06:45:57.126 INFO  Ob received and successfully saved into database for ['xrpmxn', 'btcmxn', 'ethmxn', 'manamxn', 'ltcusd', 'btcbrl', 'linkusd', 'batmxn', 'btcusd', 'xrpusd', 'aaveusd', 'ethbrl', 'shibusd', 'sandusd', 'ftmusd']
06:46:09.403 INFO  Ob received and successfully saved into database for ['xrpmxn', 'btcmxn', 'ethmxn', 'manamxn', 'ltcusd', 'btcbrl', 'linkusd', 'batmxn', 'btcusd', 'xrpusd', 'aaveusd', 'ethbrl', 'shibusd', 'sandusd', 'ftmusd']
06:46:21.389 INFO  Ob received and successfully saved into database for ['xrpmxn', 'btcmxn', 'ethmxn', 'manamxn', 'ltcusd', 'btcbrl', 'linkusd', 'batmxn', 'btcusd', 'xrpusd', 'aaveusd', 'ethbrl', 'shibusd', 'sandusd', 'ftmusd']
06:46:33.398 INFO  Ob received and successfully saved into database for ['xrpmxn', 'btcmxn', 'ethmxn', 'manamxn', 'ltcusd', 'btcbrl', 'linkusd', 'batmxn', 'btcusd', 'xrpusd', 'aaveusd', 'ethbrl', 'shibusd', 'sandusd', 'ftmusd']
06:46:45.380 INFO  Ob received and successfully saved into database for ['xrpmxn', 'btcmxn', 'ethmxn', 'manamxn', 'ltcusd', 'btcbrl', 'linkusd', 'batmxn', 'btcusd', 'xrpusd', 'aaveusd', 'ethbrl', 'shibusd', 'sandusd', 'ftmusd']
06:46:57.412 INFO  Ob received and successfully saved into database for ['xrpmxn', 'btcmxn', 'ethmxn', 'manamxn', 'ltcusd', 'btcbrl', 'linkusd', 'batmxn', 'btcusd', 'xrpusd', 'aaveusd', 'ethbrl', 'shibusd', 'sandusd', 'ftmusd']
06:47:09.455 INFO  Ob received and successfully saved into database for ['xrpmxn', 'btcmxn', 'ethmxn', 'manamxn', 'ltcusd', 'btcbrl', 'linkusd', 'batmxn', 'btcusd', 'xrpusd', 'aaveusd', 'ethbrl', 'shibusd', 'sandusd', 'ftmusd']
06:47:21.421 INFO  Ob received and successfully saved into database for ['xrpmxn', 'btcmxn', 'ethmxn', 'manamxn', 'ltcusd', 'btcbrl', 'linkusd', 'batmxn', 'btcusd', 'xrpusd', 'aaveusd', 'ethbrl', 'shibusd', 'sandusd', 'ftmusd']
06:47:33.444 INFO  Ob received and successfully saved into database for ['xrpmxn', 'btcmxn', 'ethmxn', 'manamxn', 'ltcusd', 'btcbrl', 'linkusd', 'batmxn', 'btcusd', 'xrpusd', 'aaveusd', 'ethbrl', 'shibusd', 'sandusd', 'ftmusd']
06:47:45.500 INFO  Ob received and successfully saved into database for ['xrpmxn', 'btcmxn', 'ethmxn', 'manamxn', 'ltcusd', 'btcbrl', 'linkusd', 'batmxn', 'btcusd', 'xrpusd', 'aaveusd', 'ethbrl', 'shibusd', 'sandusd', 'ftmusd']
06:47:57.476 INFO  Ob received and successfully saved into database for ['xrpmxn', 'btcmxn', 'ethmxn', 'manamxn', 'ltcusd', 'btcbrl', 'linkusd', 'batmxn', 'btcusd', 'xrpusd', 'aaveusd', 'ethbrl', 'shibusd', 'sandusd', 'ftmusd']
06:48:09.468 INFO  Ob received and successfully saved into database for ['xrpmxn', 'btcmxn', 'ethmxn', 'manamxn', 'ltcusd', 'btcbrl', 'linkusd', 'batmxn', 'btcusd', 'xrpusd', 'aaveusd', 'ethbrl', 'shibusd', 'sandusd', 'ftmusd']
06:48:21.247 INFO  Ob received and successfully saved into database for ['xrpmxn', 'btcmxn', 'ethmxn', 'manamxn', 'ltcusd', 'btcbrl', 'linkusd', 'batmxn', 'btcusd', 'xrpusd', 'aaveusd', 'ethbrl', 'shibusd', 'sandusd', 'ftmusd']
06:48:33.499 INFO  Ob received and successfully saved into database for ['xrpmxn', 'btcmxn', 'ethmxn', 'manamxn', 'ltcusd', 'btcbrl', 'linkusd', 'batmxn', 'btcusd', 'xrpusd', 'aaveusd', 'ethbrl', 'shibusd', 'sandusd', 'ftmusd']
06:48:45.546 INFO  Ob received and successfully saved into database for ['xrpmxn', 'btcmxn', 'ethmxn', 'manamxn', 'ltcusd', 'btcbrl', 'linkusd', 'batmxn', 'btcusd', 'xrpusd', 'aaveusd', 'ethbrl', 'shibusd', 'sandusd', 'ftmusd']
06:48:57.275 INFO  Ob received and successfully saved into database for ['xrpmxn', 'btcmxn', 'ethmxn', 'manamxn', 'ltcusd', 'btcbrl', 'linkusd', 'batmxn', 'btcusd', 'xrpusd', 'aaveusd', 'ethbrl', 'shibusd', 'sandusd', 'ftmusd']
06:49:09.510 INFO  Ob received and successfully saved into database for ['xrpmxn', 'btcmxn', 'ethmxn', 'manamxn', 'ltcusd', 'btcbrl', 'linkusd', 'batmxn', 'btcusd', 'xrpusd', 'aaveusd', 'ethbrl', 'shibusd', 'sandusd', 'ftmusd']
06:49:21.555 INFO  Ob received and successfully saved into database for ['xrpmxn', 'btcmxn', 'ethmxn', 'manamxn', 'ltcusd', 'btcbrl', 'linkusd', 'batmxn', 'btcusd', 'xrpusd', 'aaveusd', 'ethbrl', 'shibusd', 'sandusd', 'ftmusd']
06:49:33.591 INFO  Ob received and successfully saved into database for ['xrpmxn', 'btcmxn', 'ethmxn', 'manamxn', 'ltcusd', 'btcbrl', 'linkusd', 'batmxn', 'btcusd', 'xrpusd', 'aaveusd', 'ethbrl', 'shibusd', 'sandusd', 'ftmusd']
06:49:45.581 INFO  Ob received and successfully saved into database for ['xrpmxn', 'btcmxn', 'ethmxn', 'manamxn', 'ltcusd', 'btcbrl', 'linkusd', 'batmxn', 'btcusd', 'xrpusd', 'aaveusd', 'ethbrl', 'shibusd', 'sandusd', 'ftmusd']
06:49:57.307 INFO  Ob received and successfully saved into database for ['xrpmxn', 'btcmxn', 'ethmxn', 'manamxn', 'ltcusd', 'btcbrl', 'linkusd', 'batmxn', 'btcusd', 'xrpusd', 'aaveusd', 'ethbrl', 'shibusd', 'sandusd', 'ftmusd']
06:50:09.605 INFO  Ob received and successfully saved into database for ['xrpmxn', 'btcmxn', 'ethmxn', 'manamxn', 'ltcusd', 'btcbrl', 'linkusd', 'batmxn', 'btcusd', 'xrpusd', 'aaveusd', 'ethbrl', 'shibusd', 'sandusd', 'ftmusd']
06:50:21.614 INFO  Ob received and successfully saved into database for ['xrpmxn', 'btcmxn', 'ethmxn', 'manamxn', 'ltcusd', 'btcbrl', 'linkusd', 'batmxn', 'btcusd', 'xrpusd', 'aaveusd', 'ethbrl', 'shibusd', 'sandusd', 'ftmusd']
06:50:33.614 INFO  Ob received and successfully saved into database for ['xrpmxn', 'btcmxn', 'ethmxn', 'manamxn', 'ltcusd', 'btcbrl', 'linkusd', 'batmxn', 'btcusd', 'xrpusd', 'aaveusd', 'ethbrl', 'shibusd', 'sandusd', 'ftmusd']
06:50:45.332 INFO  Ob received and successfully saved into database for ['xrpmxn', 'btcmxn', 'ethmxn', 'manamxn', 'ltcusd', 'btcbrl', 'linkusd', 'batmxn', 'btcusd', 'xrpusd', 'aaveusd', 'ethbrl', 'shibusd', 'sandusd', 'ftmusd']
06:50:57.335 INFO  Ob received and successfully saved into database for ['xrpmxn', 'btcmxn', 'ethmxn', 'manamxn', 'ltcusd', 'btcbrl', 'linkusd', 'batmxn', 'btcusd', 'xrpusd', 'aaveusd', 'ethbrl', 'shibusd', 'sandusd', 'ftmusd']
06:51:09.621 INFO  Ob received and successfully saved into database for ['xrpmxn', 'btcmxn', 'ethmxn', 'manamxn', 'ltcusd', 'btcbrl', 'linkusd', 'batmxn', 'btcusd', 'xrpusd', 'aaveusd', 'ethbrl', 'shibusd', 'sandusd', 'ftmusd']
06:51:21.661 INFO  Ob received and successfully saved into database for ['xrpmxn', 'btcmxn', 'ethmxn', 'manamxn', 'ltcusd', 'btcbrl', 'linkusd', 'batmxn', 'btcusd', 'xrpusd', 'aaveusd', 'ethbrl', 'shibusd', 'sandusd', 'ftmusd']
06:51:33.687 INFO  Ob received and successfully saved into database for ['xrpmxn', 'btcmxn', 'ethmxn', 'manamxn', 'ltcusd', 'btcbrl', 'linkusd', 'batmxn', 'btcusd', 'xrpusd', 'aaveusd', 'ethbrl', 'shibusd', 'sandusd', 'ftmusd']
06:51:45.695 INFO  Ob received and successfully saved into database for ['xrpmxn', 'btcmxn', 'ethmxn', 'manamxn', 'ltcusd', 'btcbrl', 'linkusd', 'batmxn', 'btcusd', 'xrpusd', 'aaveusd', 'ethbrl', 'shibusd', 'sandusd', 'ftmusd']
06:51:57.664 INFO  Ob received and successfully saved into database for ['xrpmxn', 'btcmxn', 'ethmxn', 'manamxn', 'ltcusd', 'btcbrl', 'linkusd', 'batmxn', 'btcusd', 'xrpusd', 'aaveusd', 'ethbrl', 'shibusd', 'sandusd', 'ftmusd']
06:52:09.392 INFO  Ob received and successfully saved into database for ['xrpmxn', 'btcmxn', 'ethmxn', 'manamxn', 'ltcusd', 'btcbrl', 'linkusd', 'batmxn', 'btcusd', 'xrpusd', 'aaveusd', 'ethbrl', 'shibusd', 'sandusd', 'ftmusd']
06:52:21.428 INFO  Ob received and successfully saved into database for ['xrpmxn', 'btcmxn', 'ethmxn', 'manamxn', 'ltcusd', 'btcbrl', 'linkusd', 'batmxn', 'btcusd', 'xrpusd', 'aaveusd', 'ethbrl', 'shibusd', 'sandusd', 'ftmusd']
06:52:33.712 INFO  Ob received and successfully saved into database for ['xrpmxn', 'btcmxn', 'ethmxn', 'manamxn', 'ltcusd', 'btcbrl', 'linkusd', 'batmxn', 'btcusd', 'xrpusd', 'aaveusd', 'ethbrl', 'shibusd', 'sandusd', 'ftmusd']
06:52:45.667 INFO  Ob received and successfully saved into database for ['xrpmxn', 'btcmxn', 'ethmxn', 'manamxn', 'ltcusd', 'btcbrl', 'linkusd', 'batmxn', 'btcusd', 'xrpusd', 'aaveusd', 'ethbrl', 'shibusd', 'sandusd', 'ftmusd']
06:52:57.447 INFO  Ob received and successfully saved into database for ['xrpmxn', 'btcmxn', 'ethmxn', 'manamxn', 'ltcusd', 'btcbrl', 'linkusd', 'batmxn', 'btcusd', 'xrpusd', 'aaveusd', 'ethbrl', 'shibusd', 'sandusd', 'ftmusd']
06:53:09.753 INFO  Ob received and successfully saved into database for ['xrpmxn', 'btcmxn', 'ethmxn', 'manamxn', 'ltcusd', 'btcbrl', 'linkusd', 'batmxn', 'btcusd', 'xrpusd', 'aaveusd', 'ethbrl', 'shibusd', 'sandusd', 'ftmusd']
06:53:21.782 INFO  Ob received and successfully saved into database for ['xrpmxn', 'btcmxn', 'ethmxn', 'manamxn', 'ltcusd', 'btcbrl', 'linkusd', 'batmxn', 'btcusd', 'xrpusd', 'aaveusd', 'ethbrl', 'shibusd', 'sandusd', 'ftmusd']
06:53:33.761 INFO  Ob received and successfully saved into database for ['xrpmxn', 'btcmxn', 'ethmxn', 'manamxn', 'ltcusd', 'btcbrl', 'linkusd', 'batmxn', 'btcusd', 'xrpusd', 'aaveusd', 'ethbrl', 'shibusd', 'sandusd', 'ftmusd']
06:53:45.763 INFO  Ob received and successfully saved into database for ['xrpmxn', 'btcmxn', 'ethmxn', 'manamxn', 'ltcusd', 'btcbrl', 'linkusd', 'batmxn', 'btcusd', 'xrpusd', 'aaveusd', 'ethbrl', 'shibusd', 'sandusd', 'ftmusd']
06:53:57.752 INFO  Ob received and successfully saved into database for ['xrpmxn', 'btcmxn', 'ethmxn', 'manamxn', 'ltcusd', 'btcbrl', 'linkusd', 'batmxn', 'btcusd', 'xrpusd', 'aaveusd', 'ethbrl', 'shibusd', 'sandusd', 'ftmusd']
06:54:09.772 INFO  Ob received and successfully saved into database for ['xrpmxn', 'btcmxn', 'ethmxn', 'manamxn', 'ltcusd', 'btcbrl', 'linkusd', 'batmxn', 'btcusd', 'xrpusd', 'aaveusd', 'ethbrl', 'shibusd', 'sandusd', 'ftmusd']
06:54:21.782 INFO  Ob received and successfully saved into database for ['xrpmxn', 'btcmxn', 'ethmxn', 'manamxn', 'ltcusd', 'btcbrl', 'linkusd', 'batmxn', 'btcusd', 'xrpusd', 'aaveusd', 'ethbrl', 'shibusd', 'sandusd', 'ftmusd']
06:54:33.820 INFO  Ob received and successfully saved into database for ['xrpmxn', 'btcmxn', 'ethmxn', 'manamxn', 'ltcusd', 'btcbrl', 'linkusd', 'batmxn', 'btcusd', 'xrpusd', 'aaveusd', 'ethbrl', 'shibusd', 'sandusd', 'ftmusd']
06:54:45.782 INFO  Ob received and successfully saved into database for ['xrpmxn', 'btcmxn', 'ethmxn', 'manamxn', 'ltcusd', 'btcbrl', 'linkusd', 'batmxn', 'btcusd', 'xrpusd', 'aaveusd', 'ethbrl', 'shibusd', 'sandusd', 'ftmusd']
06:54:57.522 INFO  Ob received and successfully saved into database for ['xrpmxn', 'btcmxn', 'ethmxn', 'manamxn', 'ltcusd', 'btcbrl', 'linkusd', 'batmxn', 'btcusd', 'xrpusd', 'aaveusd', 'ethbrl', 'shibusd', 'sandusd', 'ftmusd']
06:55:09.840 INFO  Ob received and successfully saved into database for ['xrpmxn', 'btcmxn', 'ethmxn', 'manamxn', 'ltcusd', 'btcbrl', 'linkusd', 'batmxn', 'btcusd', 'xrpusd', 'aaveusd', 'ethbrl', 'shibusd', 'sandusd', 'ftmusd']
06:55:21.855 INFO  Ob received and successfully saved into database for ['xrpmxn', 'btcmxn', 'ethmxn', 'manamxn', 'ltcusd', 'btcbrl', 'linkusd', 'batmxn', 'btcusd', 'xrpusd', 'aaveusd', 'ethbrl', 'shibusd', 'sandusd', 'ftmusd']
06:55:33.837 INFO  Ob received and successfully saved into database for ['xrpmxn', 'btcmxn', 'ethmxn', 'manamxn', 'ltcusd', 'btcbrl', 'linkusd', 'batmxn', 'btcusd', 'xrpusd', 'aaveusd', 'ethbrl', 'shibusd', 'sandusd', 'ftmusd']
06:55:45.867 INFO  Ob received and successfully saved into database for ['xrpmxn', 'btcmxn', 'ethmxn', 'manamxn', 'ltcusd', 'btcbrl', 'linkusd', 'batmxn', 'btcusd', 'xrpusd', 'aaveusd', 'ethbrl', 'shibusd', 'sandusd', 'ftmusd']
06:55:57.624 INFO  Ob received and successfully saved into database for ['xrpmxn', 'btcmxn', 'ethmxn', 'manamxn', 'ltcusd', 'btcbrl', 'linkusd', 'batmxn', 'btcusd', 'xrpusd', 'aaveusd', 'ethbrl', 'shibusd', 'sandusd', 'ftmusd']
06:56:09.897 INFO  Ob received and successfully saved into database for ['xrpmxn', 'btcmxn', 'ethmxn', 'manamxn', 'ltcusd', 'btcbrl', 'linkusd', 'batmxn', 'btcusd', 'xrpusd', 'aaveusd', 'ethbrl', 'shibusd', 'sandusd', 'ftmusd']
06:56:21.935 INFO  Ob received and successfully saved into database for ['xrpmxn', 'btcmxn', 'ethmxn', 'manamxn', 'ltcusd', 'btcbrl', 'linkusd', 'batmxn', 'btcusd', 'xrpusd', 'aaveusd', 'ethbrl', 'shibusd', 'sandusd', 'ftmusd']
06:56:33.917 INFO  Ob received and successfully saved into database for ['xrpmxn', 'btcmxn', 'ethmxn', 'manamxn', 'ltcusd', 'btcbrl', 'linkusd', 'batmxn', 'btcusd', 'xrpusd', 'aaveusd', 'ethbrl', 'shibusd', 'sandusd', 'ftmusd']
06:56:45.951 INFO  Ob received and successfully saved into database for ['xrpmxn', 'btcmxn', 'ethmxn', 'manamxn', 'ltcusd', 'btcbrl', 'linkusd', 'batmxn', 'btcusd', 'xrpusd', 'aaveusd', 'ethbrl', 'shibusd', 'sandusd', 'ftmusd']
06:56:57.913 INFO  Ob received and successfully saved into database for ['xrpmxn', 'btcmxn', 'ethmxn', 'manamxn', 'ltcusd', 'btcbrl', 'linkusd', 'batmxn', 'btcusd', 'xrpusd', 'aaveusd', 'ethbrl', 'shibusd', 'sandusd', 'ftmusd']
06:57:09.962 INFO  Ob received and successfully saved into database for ['xrpmxn', 'btcmxn', 'ethmxn', 'manamxn', 'ltcusd', 'btcbrl', 'linkusd', 'batmxn', 'btcusd', 'xrpusd', 'aaveusd', 'ethbrl', 'shibusd', 'sandusd', 'ftmusd']
06:57:21.671 INFO  Ob received and successfully saved into database for ['xrpmxn', 'btcmxn', 'ethmxn', 'manamxn', 'ltcusd', 'btcbrl', 'linkusd', 'batmxn', 'btcusd', 'xrpusd', 'aaveusd', 'ethbrl', 'shibusd', 'sandusd', 'ftmusd']
06:57:33.711 INFO  Ob received and successfully saved into database for ['xrpmxn', 'btcmxn', 'ethmxn', 'manamxn', 'ltcusd', 'btcbrl', 'linkusd', 'batmxn', 'btcusd', 'xrpusd', 'aaveusd', 'ethbrl', 'shibusd', 'sandusd', 'ftmusd']
06:57:45.749 INFO  Ob received and successfully saved into database for ['xrpmxn', 'btcmxn', 'ethmxn', 'manamxn', 'ltcusd', 'btcbrl', 'linkusd', 'batmxn', 'btcusd', 'xrpusd', 'aaveusd', 'ethbrl', 'shibusd', 'sandusd', 'ftmusd']
06:57:58.009 INFO  Ob received and successfully saved into database for ['xrpmxn', 'btcmxn', 'ethmxn', 'manamxn', 'ltcusd', 'btcbrl', 'linkusd', 'batmxn', 'btcusd', 'xrpusd', 'aaveusd', 'ethbrl', 'shibusd', 'sandusd', 'ftmusd']
06:58:09.979 INFO  Ob received and successfully saved into database for ['xrpmxn', 'btcmxn', 'ethmxn', 'manamxn', 'ltcusd', 'btcbrl', 'linkusd', 'batmxn', 'btcusd', 'xrpusd', 'aaveusd', 'ethbrl', 'shibusd', 'sandusd', 'ftmusd']
06:58:22.002 INFO  Ob received and successfully saved into database for ['xrpmxn', 'btcmxn', 'ethmxn', 'manamxn', 'ltcusd', 'btcbrl', 'linkusd', 'batmxn', 'btcusd', 'xrpusd', 'aaveusd', 'ethbrl', 'shibusd', 'sandusd', 'ftmusd']
06:58:34.020 INFO  Ob received and successfully saved into database for ['xrpmxn', 'btcmxn', 'ethmxn', 'manamxn', 'ltcusd', 'btcbrl', 'linkusd', 'batmxn', 'btcusd', 'xrpusd', 'aaveusd', 'ethbrl', 'shibusd', 'sandusd', 'ftmusd']
06:58:46.030 INFO  Ob received and successfully saved into database for ['xrpmxn', 'btcmxn', 'ethmxn', 'manamxn', 'ltcusd', 'btcbrl', 'linkusd', 'batmxn', 'btcusd', 'xrpusd', 'aaveusd', 'ethbrl', 'shibusd', 'sandusd', 'ftmusd']
06:58:57.745 INFO  Ob received and successfully saved into database for ['xrpmxn', 'btcmxn', 'ethmxn', 'manamxn', 'ltcusd', 'btcbrl', 'linkusd', 'batmxn', 'btcusd', 'xrpusd', 'aaveusd', 'ethbrl', 'shibusd', 'sandusd', 'ftmusd']
06:59:09.746 INFO  Ob received and successfully saved into database for ['xrpmxn', 'btcmxn', 'ethmxn', 'manamxn', 'ltcusd', 'btcbrl', 'linkusd', 'batmxn', 'btcusd', 'xrpusd', 'aaveusd', 'ethbrl', 'shibusd', 'sandusd', 'ftmusd']
06:59:22.032 INFO  Ob received and successfully saved into database for ['xrpmxn', 'btcmxn', 'ethmxn', 'manamxn', 'ltcusd', 'btcbrl', 'linkusd', 'batmxn', 'btcusd', 'xrpusd', 'aaveusd', 'ethbrl', 'shibusd', 'sandusd', 'ftmusd']
06:59:34.025 INFO  Ob received and successfully saved into database for ['xrpmxn', 'btcmxn', 'ethmxn', 'manamxn', 'ltcusd', 'btcbrl', 'linkusd', 'batmxn', 'btcusd', 'xrpusd', 'aaveusd', 'ethbrl', 'shibusd', 'sandusd', 'ftmusd']
06:59:46.077 INFO  Ob received and successfully saved into database for ['xrpmxn', 'btcmxn', 'ethmxn', 'manamxn', 'ltcusd', 'btcbrl', 'linkusd', 'batmxn', 'btcusd', 'xrpusd', 'aaveusd', 'ethbrl', 'shibusd', 'sandusd', 'ftmusd']
06:59:57.846 INFO  Ob received and successfully saved into database for ['xrpmxn', 'btcmxn', 'ethmxn', 'manamxn', 'ltcusd', 'btcbrl', 'linkusd', 'batmxn', 'btcusd', 'xrpusd', 'aaveusd', 'ethbrl', 'shibusd', 'sandusd', 'ftmusd']
07:00:10.072 INFO  Ob received and successfully saved into database for ['xrpmxn', 'btcmxn', 'ethmxn', 'manamxn', 'ltcusd', 'btcbrl', 'linkusd', 'batmxn', 'btcusd', 'xrpusd', 'aaveusd', 'ethbrl', 'shibusd', 'sandusd', 'ftmusd']
07:00:22.068 INFO  Ob received and successfully saved into database for ['xrpmxn', 'btcmxn', 'ethmxn', 'manamxn', 'ltcusd', 'btcbrl', 'linkusd', 'batmxn', 'btcusd', 'xrpusd', 'aaveusd', 'ethbrl', 'shibusd', 'sandusd', 'ftmusd']
07:00:33.848 INFO  Ob received and successfully saved into database for ['xrpmxn', 'btcmxn', 'ethmxn', 'manamxn', 'ltcusd', 'btcbrl', 'linkusd', 'batmxn', 'btcusd', 'xrpusd', 'aaveusd', 'ethbrl', 'shibusd', 'sandusd', 'ftmusd']
07:00:46.096 INFO  Ob received and successfully saved into database for ['xrpmxn', 'btcmxn', 'ethmxn', 'manamxn', 'ltcusd', 'btcbrl', 'linkusd', 'batmxn', 'btcusd', 'xrpusd', 'aaveusd', 'ethbrl', 'shibusd', 'sandusd', 'ftmusd']
07:00:58.141 INFO  Ob received and successfully saved into database for ['xrpmxn', 'btcmxn', 'ethmxn', 'manamxn', 'ltcusd', 'btcbrl', 'linkusd', 'batmxn', 'btcusd', 'xrpusd', 'aaveusd', 'ethbrl', 'shibusd', 'sandusd', 'ftmusd']
07:01:10.147 INFO  Ob received and successfully saved into database for ['xrpmxn', 'btcmxn', 'ethmxn', 'manamxn', 'ltcusd', 'btcbrl', 'linkusd', 'batmxn', 'btcusd', 'xrpusd', 'aaveusd', 'ethbrl', 'shibusd', 'sandusd', 'ftmusd']
07:01:21.878 INFO  Ob received and successfully saved into database for ['xrpmxn', 'btcmxn', 'ethmxn', 'manamxn', 'ltcusd', 'btcbrl', 'linkusd', 'batmxn', 'btcusd', 'xrpusd', 'aaveusd', 'ethbrl', 'shibusd', 'sandusd', 'ftmusd']
07:01:34.169 INFO  Ob received and successfully saved into database for ['xrpmxn', 'btcmxn', 'ethmxn', 'manamxn', 'ltcusd', 'btcbrl', 'linkusd', 'batmxn', 'btcusd', 'xrpusd', 'aaveusd', 'ethbrl', 'shibusd', 'sandusd', 'ftmusd']
07:01:46.162 INFO  Ob received and successfully saved into database for ['xrpmxn', 'btcmxn', 'ethmxn', 'manamxn', 'ltcusd', 'btcbrl', 'linkusd', 'batmxn', 'btcusd', 'xrpusd', 'aaveusd', 'ethbrl', 'shibusd', 'sandusd', 'ftmusd']
07:01:58.165 INFO  Ob received and successfully saved into database for ['xrpmxn', 'btcmxn', 'ethmxn', 'manamxn', 'ltcusd', 'btcbrl', 'linkusd', 'batmxn', 'btcusd', 'xrpusd', 'aaveusd', 'ethbrl', 'shibusd', 'sandusd', 'ftmusd']
07:02:10.163 INFO  Ob received and successfully saved into database for ['xrpmxn', 'btcmxn', 'ethmxn', 'manamxn', 'ltcusd', 'btcbrl', 'linkusd', 'batmxn', 'btcusd', 'xrpusd', 'aaveusd', 'ethbrl', 'shibusd', 'sandusd', 'ftmusd']
07:02:22.167 INFO  Ob received and successfully saved into database for ['xrpmxn', 'btcmxn', 'ethmxn', 'manamxn', 'ltcusd', 'btcbrl', 'linkusd', 'batmxn', 'btcusd', 'xrpusd', 'aaveusd', 'ethbrl', 'shibusd', 'sandusd', 'ftmusd']
07:02:33.888 INFO  Ob received and successfully saved into database for ['xrpmxn', 'btcmxn', 'ethmxn', 'manamxn', 'ltcusd', 'btcbrl', 'linkusd', 'batmxn', 'btcusd', 'xrpusd', 'aaveusd', 'ethbrl', 'shibusd', 'sandusd', 'ftmusd']
07:02:45.930 INFO  Ob received and successfully saved into database for ['xrpmxn', 'btcmxn', 'ethmxn', 'manamxn', 'ltcusd', 'btcbrl', 'linkusd', 'batmxn', 'btcusd', 'xrpusd', 'aaveusd', 'ethbrl', 'shibusd', 'sandusd', 'ftmusd']
07:02:58.224 INFO  Ob received and successfully saved into database for ['xrpmxn', 'btcmxn', 'ethmxn', 'manamxn', 'ltcusd', 'btcbrl', 'linkusd', 'batmxn', 'btcusd', 'xrpusd', 'aaveusd', 'ethbrl', 'shibusd', 'sandusd', 'ftmusd']
07:03:10.215 INFO  Ob received and successfully saved into database for ['xrpmxn', 'btcmxn', 'ethmxn', 'manamxn', 'ltcusd', 'btcbrl', 'linkusd', 'batmxn', 'btcusd', 'xrpusd', 'aaveusd', 'ethbrl', 'shibusd', 'sandusd', 'ftmusd']
07:03:21.953 INFO  Ob received and successfully saved into database for ['xrpmxn', 'btcmxn', 'ethmxn', 'manamxn', 'ltcusd', 'btcbrl', 'linkusd', 'batmxn', 'btcusd', 'xrpusd', 'aaveusd', 'ethbrl', 'shibusd', 'sandusd', 'ftmusd']
07:03:34.237 INFO  Ob received and successfully saved into database for ['xrpmxn', 'btcmxn', 'ethmxn', 'manamxn', 'ltcusd', 'btcbrl', 'linkusd', 'batmxn', 'btcusd', 'xrpusd', 'aaveusd', 'ethbrl', 'shibusd', 'sandusd', 'ftmusd']
07:03:46.194 INFO  Ob received and successfully saved into database for ['xrpmxn', 'btcmxn', 'ethmxn', 'manamxn', 'ltcusd', 'btcbrl', 'linkusd', 'batmxn', 'btcusd', 'xrpusd', 'aaveusd', 'ethbrl', 'shibusd', 'sandusd', 'ftmusd']
07:03:58.258 INFO  Ob received and successfully saved into database for ['xrpmxn', 'btcmxn', 'ethmxn', 'manamxn', 'ltcusd', 'btcbrl', 'linkusd', 'batmxn', 'btcusd', 'xrpusd', 'aaveusd', 'ethbrl', 'shibusd', 'sandusd', 'ftmusd']
07:04:09.999 INFO  Ob received and successfully saved into database for ['xrpmxn', 'btcmxn', 'ethmxn', 'manamxn', 'ltcusd', 'btcbrl', 'linkusd', 'batmxn', 'btcusd', 'xrpusd', 'aaveusd', 'ethbrl', 'shibusd', 'sandusd', 'ftmusd']
07:04:22.279 INFO  Ob received and successfully saved into database for ['xrpmxn', 'btcmxn', 'ethmxn', 'manamxn', 'ltcusd', 'btcbrl', 'linkusd', 'batmxn', 'btcusd', 'xrpusd', 'aaveusd', 'ethbrl', 'shibusd', 'sandusd', 'ftmusd']
07:04:34.298 INFO  Ob received and successfully saved into database for ['xrpmxn', 'btcmxn', 'ethmxn', 'manamxn', 'ltcusd', 'btcbrl', 'linkusd', 'batmxn', 'btcusd', 'xrpusd', 'aaveusd', 'ethbrl', 'shibusd', 'sandusd', 'ftmusd']
07:04:46.283 INFO  Ob received and successfully saved into database for ['xrpmxn', 'btcmxn', 'ethmxn', 'manamxn', 'ltcusd', 'btcbrl', 'linkusd', 'batmxn', 'btcusd', 'xrpusd', 'aaveusd', 'ethbrl', 'shibusd', 'sandusd', 'ftmusd']
07:04:58.334 INFO  Ob received and successfully saved into database for ['xrpmxn', 'btcmxn', 'ethmxn', 'manamxn', 'ltcusd', 'btcbrl', 'linkusd', 'batmxn', 'btcusd', 'xrpusd', 'aaveusd', 'ethbrl', 'shibusd', 'sandusd', 'ftmusd']
07:05:10.342 INFO  Ob received and successfully saved into database for ['xrpmxn', 'btcmxn', 'ethmxn', 'manamxn', 'ltcusd', 'btcbrl', 'linkusd', 'batmxn', 'btcusd', 'xrpusd', 'aaveusd', 'ethbrl', 'shibusd', 'sandusd', 'ftmusd']
07:05:22.318 INFO  Ob received and successfully saved into database for ['xrpmxn', 'btcmxn', 'ethmxn', 'manamxn', 'ltcusd', 'btcbrl', 'linkusd', 'batmxn', 'btcusd', 'xrpusd', 'aaveusd', 'ethbrl', 'shibusd', 'sandusd', 'ftmusd']
07:05:34.296 INFO  Ob received and successfully saved into database for ['xrpmxn', 'btcmxn', 'ethmxn', 'manamxn', 'ltcusd', 'btcbrl', 'linkusd', 'batmxn', 'btcusd', 'xrpusd', 'aaveusd', 'ethbrl', 'shibusd', 'sandusd', 'ftmusd']
07:05:46.308 INFO  Ob received and successfully saved into database for ['xrpmxn', 'btcmxn', 'ethmxn', 'manamxn', 'ltcusd', 'btcbrl', 'linkusd', 'batmxn', 'btcusd', 'xrpusd', 'aaveusd', 'ethbrl', 'shibusd', 'sandusd', 'ftmusd']
07:05:58.331 INFO  Ob received and successfully saved into database for ['xrpmxn', 'btcmxn', 'ethmxn', 'manamxn', 'ltcusd', 'btcbrl', 'linkusd', 'batmxn', 'btcusd', 'xrpusd', 'aaveusd', 'ethbrl', 'shibusd', 'sandusd', 'ftmusd']
07:06:10.326 INFO  Ob received and successfully saved into database for ['xrpmxn', 'btcmxn', 'ethmxn', 'manamxn', 'ltcusd', 'btcbrl', 'linkusd', 'batmxn', 'btcusd', 'xrpusd', 'aaveusd', 'ethbrl', 'shibusd', 'sandusd', 'ftmusd']
07:06:22.337 INFO  Ob received and successfully saved into database for ['xrpmxn', 'btcmxn', 'ethmxn', 'manamxn', 'ltcusd', 'btcbrl', 'linkusd', 'batmxn', 'btcusd', 'xrpusd', 'aaveusd', 'ethbrl', 'shibusd', 'sandusd', 'ftmusd']
07:06:34.352 INFO  Ob received and successfully saved into database for ['xrpmxn', 'btcmxn', 'ethmxn', 'manamxn', 'ltcusd', 'btcbrl', 'linkusd', 'batmxn', 'btcusd', 'xrpusd', 'aaveusd', 'ethbrl', 'shibusd', 'sandusd', 'ftmusd']
07:06:46.353 INFO  Ob received and successfully saved into database for ['xrpmxn', 'btcmxn', 'ethmxn', 'manamxn', 'ltcusd', 'btcbrl', 'linkusd', 'batmxn', 'btcusd', 'xrpusd', 'aaveusd', 'ethbrl', 'shibusd', 'sandusd', 'ftmusd']
07:06:58.097 INFO  Ob received and successfully saved into database for ['xrpmxn', 'btcmxn', 'ethmxn', 'manamxn', 'ltcusd', 'btcbrl', 'linkusd', 'batmxn', 'btcusd', 'xrpusd', 'aaveusd', 'ethbrl', 'shibusd', 'sandusd', 'ftmusd']
07:07:10.363 INFO  Ob received and successfully saved into database for ['xrpmxn', 'btcmxn', 'ethmxn', 'manamxn', 'ltcusd', 'btcbrl', 'linkusd', 'batmxn', 'btcusd', 'xrpusd', 'aaveusd', 'ethbrl', 'shibusd', 'sandusd', 'ftmusd']
07:07:22.376 INFO  Ob received and successfully saved into database for ['xrpmxn', 'btcmxn', 'ethmxn', 'manamxn', 'ltcusd', 'btcbrl', 'linkusd', 'batmxn', 'btcusd', 'xrpusd', 'aaveusd', 'ethbrl', 'shibusd', 'sandusd', 'ftmusd']
07:07:34.371 INFO  Ob received and successfully saved into database for ['xrpmxn', 'btcmxn', 'ethmxn', 'manamxn', 'ltcusd', 'btcbrl', 'linkusd', 'batmxn', 'btcusd', 'xrpusd', 'aaveusd', 'ethbrl', 'shibusd', 'sandusd', 'ftmusd']
07:07:46.392 INFO  Ob received and successfully saved into database for ['xrpmxn', 'btcmxn', 'ethmxn', 'manamxn', 'ltcusd', 'btcbrl', 'linkusd', 'batmxn', 'btcusd', 'xrpusd', 'aaveusd', 'ethbrl', 'shibusd', 'sandusd', 'ftmusd']
07:07:58.364 INFO  Ob received and successfully saved into database for ['xrpmxn', 'btcmxn', 'ethmxn', 'manamxn', 'ltcusd', 'btcbrl', 'linkusd', 'batmxn', 'btcusd', 'xrpusd', 'aaveusd', 'ethbrl', 'shibusd', 'sandusd', 'ftmusd']
07:08:10.126 ERROR   $$ Connection status: Too many requests. $$ 
NoneType: None
07:08:22.382 INFO  Ob received and successfully saved into database for ['xrpmxn', 'btcmxn', 'ethmxn', 'manamxn', 'ltcusd', 'btcbrl', 'linkusd', 'batmxn', 'btcusd', 'xrpusd', 'aaveusd', 'ethbrl', 'shibusd', 'sandusd', 'ftmusd']
07:08:34.122 INFO  Ob received and successfully saved into database for ['xrpmxn', 'btcmxn', 'ethmxn', 'manamxn', 'ltcusd', 'btcbrl', 'linkusd', 'batmxn', 'btcusd', 'xrpusd', 'aaveusd', 'ethbrl', 'shibusd', 'sandusd', 'ftmusd']
07:08:46.385 INFO  Ob received and successfully saved into database for ['xrpmxn', 'btcmxn', 'ethmxn', 'manamxn', 'ltcusd', 'btcbrl', 'linkusd', 'batmxn', 'btcusd', 'xrpusd', 'aaveusd', 'ethbrl', 'shibusd', 'sandusd', 'ftmusd']
07:08:58.125 INFO  Ob received and successfully saved into database for ['xrpmxn', 'btcmxn', 'ethmxn', 'manamxn', 'ltcusd', 'btcbrl', 'linkusd', 'batmxn', 'btcusd', 'xrpusd', 'aaveusd', 'ethbrl', 'shibusd', 'sandusd', 'ftmusd']
07:09:10.394 INFO  Ob received and successfully saved into database for ['xrpmxn', 'btcmxn', 'ethmxn', 'manamxn', 'ltcusd', 'btcbrl', 'linkusd', 'batmxn', 'btcusd', 'xrpusd', 'aaveusd', 'ethbrl', 'shibusd', 'sandusd', 'ftmusd']
07:09:22.151 INFO  Ob received and successfully saved into database for ['xrpmxn', 'btcmxn', 'ethmxn', 'manamxn', 'ltcusd', 'btcbrl', 'linkusd', 'batmxn', 'btcusd', 'xrpusd', 'aaveusd', 'ethbrl', 'shibusd', 'sandusd', 'ftmusd']
07:09:34.427 INFO  Ob received and successfully saved into database for ['xrpmxn', 'btcmxn', 'ethmxn', 'manamxn', 'ltcusd', 'btcbrl', 'linkusd', 'batmxn', 'btcusd', 'xrpusd', 'aaveusd', 'ethbrl', 'shibusd', 'sandusd', 'ftmusd']
07:09:46.441 INFO  Ob received and successfully saved into database for ['xrpmxn', 'btcmxn', 'ethmxn', 'manamxn', 'ltcusd', 'btcbrl', 'linkusd', 'batmxn', 'btcusd', 'xrpusd', 'aaveusd', 'ethbrl', 'shibusd', 'sandusd', 'ftmusd']
07:09:58.417 INFO  Ob received and successfully saved into database for ['xrpmxn', 'btcmxn', 'ethmxn', 'manamxn', 'ltcusd', 'btcbrl', 'linkusd', 'batmxn', 'btcusd', 'xrpusd', 'aaveusd', 'ethbrl', 'shibusd', 'sandusd', 'ftmusd']
07:10:10.460 INFO  Ob received and successfully saved into database for ['xrpmxn', 'btcmxn', 'ethmxn', 'manamxn', 'ltcusd', 'btcbrl', 'linkusd', 'batmxn', 'btcusd', 'xrpusd', 'aaveusd', 'ethbrl', 'shibusd', 'sandusd', 'ftmusd']
07:10:22.207 INFO  Ob received and successfully saved into database for ['xrpmxn', 'btcmxn', 'ethmxn', 'manamxn', 'ltcusd', 'btcbrl', 'linkusd', 'batmxn', 'btcusd', 'xrpusd', 'aaveusd', 'ethbrl', 'shibusd', 'sandusd', 'ftmusd']
07:10:34.455 INFO  Ob received and successfully saved into database for ['xrpmxn', 'btcmxn', 'ethmxn', 'manamxn', 'ltcusd', 'btcbrl', 'linkusd', 'batmxn', 'btcusd', 'xrpusd', 'aaveusd', 'ethbrl', 'shibusd', 'sandusd', 'ftmusd']
07:10:46.461 INFO  Ob received and successfully saved into database for ['xrpmxn', 'btcmxn', 'ethmxn', 'manamxn', 'ltcusd', 'btcbrl', 'linkusd', 'batmxn', 'btcusd', 'xrpusd', 'aaveusd', 'ethbrl', 'shibusd', 'sandusd', 'ftmusd']
07:10:58.465 INFO  Ob received and successfully saved into database for ['xrpmxn', 'btcmxn', 'ethmxn', 'manamxn', 'ltcusd', 'btcbrl', 'linkusd', 'batmxn', 'btcusd', 'xrpusd', 'aaveusd', 'ethbrl', 'shibusd', 'sandusd', 'ftmusd']
07:11:10.475 INFO  Ob received and successfully saved into database for ['xrpmxn', 'btcmxn', 'ethmxn', 'manamxn', 'ltcusd', 'btcbrl', 'linkusd', 'batmxn', 'btcusd', 'xrpusd', 'aaveusd', 'ethbrl', 'shibusd', 'sandusd', 'ftmusd']
07:11:22.518 INFO  Ob received and successfully saved into database for ['xrpmxn', 'btcmxn', 'ethmxn', 'manamxn', 'ltcusd', 'btcbrl', 'linkusd', 'batmxn', 'btcusd', 'xrpusd', 'aaveusd', 'ethbrl', 'shibusd', 'sandusd', 'ftmusd']
07:11:34.253 INFO  Ob received and successfully saved into database for ['xrpmxn', 'btcmxn', 'ethmxn', 'manamxn', 'ltcusd', 'btcbrl', 'linkusd', 'batmxn', 'btcusd', 'xrpusd', 'aaveusd', 'ethbrl', 'shibusd', 'sandusd', 'ftmusd']
07:11:46.226 INFO  Ob received and successfully saved into database for ['xrpmxn', 'btcmxn', 'ethmxn', 'manamxn', 'ltcusd', 'btcbrl', 'linkusd', 'batmxn', 'btcusd', 'xrpusd', 'aaveusd', 'ethbrl', 'shibusd', 'sandusd', 'ftmusd']
07:11:58.236 ERROR   $$ Connection status: Too many requests. $$ 
NoneType: None
07:12:10.277 INFO  Ob received and successfully saved into database for ['xrpmxn', 'btcmxn', 'ethmxn', 'manamxn', 'ltcusd', 'btcbrl', 'linkusd', 'batmxn', 'btcusd', 'xrpusd', 'aaveusd', 'ethbrl', 'shibusd', 'sandusd', 'ftmusd']
07:12:22.528 INFO  Ob received and successfully saved into database for ['xrpmxn', 'btcmxn', 'ethmxn', 'manamxn', 'ltcusd', 'btcbrl', 'linkusd', 'batmxn', 'btcusd', 'xrpusd', 'aaveusd', 'ethbrl', 'shibusd', 'sandusd', 'ftmusd']
07:12:34.534 INFO  Ob received and successfully saved into database for ['xrpmxn', 'btcmxn', 'ethmxn', 'manamxn', 'ltcusd', 'btcbrl', 'linkusd', 'batmxn', 'btcusd', 'xrpusd', 'aaveusd', 'ethbrl', 'shibusd', 'sandusd', 'ftmusd']
07:12:46.536 INFO  Ob received and successfully saved into database for ['xrpmxn', 'btcmxn', 'ethmxn', 'manamxn', 'ltcusd', 'btcbrl', 'linkusd', 'batmxn', 'btcusd', 'xrpusd', 'aaveusd', 'ethbrl', 'shibusd', 'sandusd', 'ftmusd']
07:12:58.544 INFO  Ob received and successfully saved into database for ['xrpmxn', 'btcmxn', 'ethmxn', 'manamxn', 'ltcusd', 'btcbrl', 'linkusd', 'batmxn', 'btcusd', 'xrpusd', 'aaveusd', 'ethbrl', 'shibusd', 'sandusd', 'ftmusd']
07:13:10.280 INFO  Ob received and successfully saved into database for ['xrpmxn', 'btcmxn', 'ethmxn', 'manamxn', 'ltcusd', 'btcbrl', 'linkusd', 'batmxn', 'btcusd', 'xrpusd', 'aaveusd', 'ethbrl', 'shibusd', 'sandusd', 'ftmusd']
07:13:22.547 INFO  Ob received and successfully saved into database for ['xrpmxn', 'btcmxn', 'ethmxn', 'manamxn', 'ltcusd', 'btcbrl', 'linkusd', 'batmxn', 'btcusd', 'xrpusd', 'aaveusd', 'ethbrl', 'shibusd', 'sandusd', 'ftmusd']
07:13:34.573 INFO  Ob received and successfully saved into database for ['xrpmxn', 'btcmxn', 'ethmxn', 'manamxn', 'ltcusd', 'btcbrl', 'linkusd', 'batmxn', 'btcusd', 'xrpusd', 'aaveusd', 'ethbrl', 'shibusd', 'sandusd', 'ftmusd']
07:13:46.558 INFO  Ob received and successfully saved into database for ['xrpmxn', 'btcmxn', 'ethmxn', 'manamxn', 'ltcusd', 'btcbrl', 'linkusd', 'batmxn', 'btcusd', 'xrpusd', 'aaveusd', 'ethbrl', 'shibusd', 'sandusd', 'ftmusd']
07:13:55.237 ERROR   $$ Connection kill, error:  $$ 
Traceback (most recent call last):
  File "C:\Users\oskar\Desktop\hft_algo\db_ex_connections\bitso\bitso_ob.py", line 136, in <module>
    asyncio.run(main())
  File "C:\Users\oskar\anaconda3\envs\hft_algo\lib\asyncio\runners.py", line 44, in run
    return loop.run_until_complete(main)
  File "C:\Users\oskar\anaconda3\envs\hft_algo\lib\asyncio\base_events.py", line 629, in run_until_complete
    self.run_forever()
  File "C:\Users\oskar\anaconda3\envs\hft_algo\lib\asyncio\windows_events.py", line 316, in run_forever
    super().run_forever()
  File "C:\Users\oskar\anaconda3\envs\hft_algo\lib\asyncio\base_events.py", line 596, in run_forever
    self._run_once()
  File "C:\Users\oskar\anaconda3\envs\hft_algo\lib\asyncio\base_events.py", line 1854, in _run_once
    event_list = self._selector.select(timeout)
  File "C:\Users\oskar\anaconda3\envs\hft_algo\lib\asyncio\windows_events.py", line 434, in select
    self._poll(timeout)
  File "C:\Users\oskar\anaconda3\envs\hft_algo\lib\asyncio\windows_events.py", line 783, in _poll
    status = _overlapped.GetQueuedCompletionStatus(self._iocp, ms)
KeyboardInterrupt
