10:57:50.728 INFO  Trades received on timestamp: 1643450273446
10:57:50.728 INFO  Trades received on timestamp: 1643450273446
10:57:50.728 INFO  Trades received on timestamp: 1643450273446
10:57:50.728 INFO  Trades received on timestamp: 1643450273446
10:57:50.728 INFO  Trades received on timestamp: 1643450273446
10:57:50.931 INFO  Trades received on timestamp: 1643450273738
10:58:39.668 INFO  Trades received on timestamp: 1643450322404
10:58:51.443 INFO  Trades received on timestamp: 1643450334172
10:58:51.458 INFO  Trades received on timestamp: 1643450334172
10:59:03.521 INFO  Trades received on timestamp: 1643450346228
10:59:06.357 INFO  Trades received on timestamp: 1643450349110
10:59:48.796 INFO  Trades received on timestamp: 1643450391542
10:59:52.603 INFO  Trades received on timestamp: 1643450395379
10:59:52.603 INFO  Trades received on timestamp: 1643450395379
10:59:52.603 INFO  Trades received on timestamp: 1643450395379
10:59:52.603 INFO  Trades received on timestamp: 1643450395379
10:59:52.619 INFO  Trades received on timestamp: 1643450395379
10:59:52.775 INFO  Trades received on timestamp: 1643450395535
11:00:48.779 INFO  Trades received on timestamp: 1643450451484
11:00:48.779 INFO  Trades received on timestamp: 1643450451484
11:01:04.234 INFO  Trades received on timestamp: 1643450466937
11:01:05.221 INFO  Trades received on timestamp: 1643450467910
11:01:05.221 INFO  Trades received on timestamp: 1643450467910
11:01:05.221 INFO  Trades received on timestamp: 1643450467910
11:01:20.393 INFO  Trades received on timestamp: 1643450483151
11:01:20.408 INFO  Trades received on timestamp: 1643450483151
11:01:40.792 INFO  Trades received on timestamp: 1643450503571
11:01:54.247 INFO  Trades received on timestamp: 1643450517018
11:02:24.988 INFO  Trades received on timestamp: 1643450547682
11:02:55.365 INFO  Trades received on timestamp: 1643450578156
11:02:59.220 INFO  Trades received on timestamp: 1643450581973
11:03:17.372 INFO  Trades received on timestamp: 1643450600136
11:03:17.529 INFO  Trades received on timestamp: 1643450600308
11:03:17.733 INFO  Trades received on timestamp: 1643450600525
11:03:17.733 INFO  Trades received on timestamp: 1643450600525
11:03:17.749 INFO  Trades received on timestamp: 1643450600525
11:03:18.775 INFO  Trades received on timestamp: 1643450601498
11:03:18.963 INFO  Trades received on timestamp: 1643450601753
11:03:20.090 INFO  Trades received on timestamp: 1643450602856
11:03:20.278 INFO  Trades received on timestamp: 1643450603073
11:03:21.681 INFO  Trades received on timestamp: 1643450604460
11:03:21.976 INFO  Trades received on timestamp: 1643450604720
11:03:25.881 INFO  Trades received on timestamp: 1643450608670
11:03:26.166 INFO  Trades received on timestamp: 1643450608917
11:03:26.166 INFO  Trades received on timestamp: 1643450608917
11:03:27.417 INFO  Trades received on timestamp: 1643450610179
11:03:27.417 INFO  Trades received on timestamp: 1643450610179
11:03:27.768 INFO  Trades received on timestamp: 1643450610502
11:03:29.138 INFO  Trades received on timestamp: 1643450611801
11:03:29.266 INFO  Trades received on timestamp: 1643450612055
11:03:30.712 INFO  Trades received on timestamp: 1643450613485
11:03:30.917 INFO  Trades received on timestamp: 1643450613709
11:03:37.665 INFO  Trades received on timestamp: 1643450620436
11:03:37.953 INFO  Trades received on timestamp: 1643450620683
11:03:39.103 INFO  Trades received on timestamp: 1643450621802
11:03:39.104 INFO  Trades received on timestamp: 1643450621802
11:03:39.106 INFO  Trades received on timestamp: 1643450621802
11:03:39.115 INFO  Trades received on timestamp: 1643450621903
11:03:39.392 INFO  Trades received on timestamp: 1643450622183
11:03:40.325 INFO  Trades received on timestamp: 1643450623107
11:03:40.326 INFO  Trades received on timestamp: 1643450623107
11:03:40.327 INFO  Trades received on timestamp: 1643450623107
11:03:40.482 INFO  Trades received on timestamp: 1643450623294
11:03:41.510 INFO  Trades received on timestamp: 1643450624297
11:03:41.681 INFO  Trades received on timestamp: 1643450624477
11:03:42.948 INFO  Trades received on timestamp: 1643450625668
11:03:43.146 INFO  Trades received on timestamp: 1643450625871
11:03:46.228 INFO  Trades received on timestamp: 1643450629004
11:03:50.109 INFO  Trades received on timestamp: 1643450632840
11:04:14.773 INFO  Trades received on timestamp: 1643450657513
11:04:24.980 INFO  Trades received on timestamp: 1643450667762
11:04:29.294 INFO  Trades received on timestamp: 1643450672072
11:04:29.310 INFO  Trades received on timestamp: 1643450672072
11:04:37.076 INFO  Trades received on timestamp: 1643450679634
11:05:28.420 INFO  Trades received on timestamp: 1643450731160
11:05:54.190 INFO  Trades received on timestamp: 1643450756957
11:06:21.201 INFO  Trades received on timestamp: 1643450783972
11:06:29.869 INFO  Trades received on timestamp: 1643450792642
11:06:35.721 INFO  Trades received on timestamp: 1643450798485
11:06:35.894 INFO  Trades received on timestamp: 1643450798691
11:08:04.176 INFO  Trades succesfully received on timestamp: 1643450886897
11:08:14.189 INFO  Trades succesfully received on timestamp: 1643450886897
11:08:24.193 INFO  Trades succesfully received on timestamp: 1643450886897
11:08:34.200 INFO  Trades succesfully received on timestamp: 1643450886897
11:08:44.206 INFO  Trades succesfully received on timestamp: 1643450886897
11:08:54.213 INFO  Trades succesfully received on timestamp: 1643450886897
11:09:04.229 INFO  Trades succesfully received on timestamp: 1643450886897
11:09:14.239 INFO  Trades succesfully received on timestamp: 1643450886897
11:09:24.244 INFO  Trades succesfully received on timestamp: 1643450886897
11:09:34.254 INFO  Trades succesfully received on timestamp: 1643450886897
11:09:44.260 INFO  Trades succesfully received on timestamp: 1643450886897
11:09:54.272 INFO  Trades succesfully received on timestamp: 1643450886897
11:10:04.273 INFO  Trades succesfully received on timestamp: 1643450886897
11:10:14.281 INFO  Trades succesfully received on timestamp: 1643450886897
11:10:20.908 INFO  Trades succesfully received on timestamp: 1643451023663
11:10:20.908 INFO  Trades succesfully received on timestamp: 1643451023663
11:10:24.285 INFO  Trades succesfully received on timestamp: 1643450886897
11:10:30.921 INFO  Trades succesfully received on timestamp: 1643451023663
11:10:30.921 INFO  Trades succesfully received on timestamp: 1643451023663
11:10:34.285 INFO  Trades succesfully received on timestamp: 1643450886897
11:10:35.177 INFO  Trades succesfully received on timestamp: 1643451037913
11:10:40.924 INFO  Trades succesfully received on timestamp: 1643451023663
11:10:40.924 INFO  Trades succesfully received on timestamp: 1643451023663
11:10:44.294 INFO  Trades succesfully received on timestamp: 1643450886897
11:10:45.190 INFO  Trades succesfully received on timestamp: 1643451037913
11:10:50.925 INFO  Trades succesfully received on timestamp: 1643451023663
11:10:50.925 INFO  Trades succesfully received on timestamp: 1643451023663
11:10:54.296 INFO  Trades succesfully received on timestamp: 1643450886897
11:10:55.202 INFO  Trades succesfully received on timestamp: 1643451037913
11:11:00.927 INFO  Trades succesfully received on timestamp: 1643451023663
11:11:00.927 INFO  Trades succesfully received on timestamp: 1643451023663
11:11:04.309 INFO  Trades succesfully received on timestamp: 1643450886897
11:11:05.215 INFO  Trades succesfully received on timestamp: 1643451037913
11:11:10.931 INFO  Trades succesfully received on timestamp: 1643451023663
11:11:10.931 INFO  Trades succesfully received on timestamp: 1643451023663
11:11:14.312 INFO  Trades succesfully received on timestamp: 1643450886897
11:11:15.218 INFO  Trades succesfully received on timestamp: 1643451037913
11:11:20.939 INFO  Trades succesfully received on timestamp: 1643451023663
11:11:20.939 INFO  Trades succesfully received on timestamp: 1643451023663
11:11:24.321 INFO  Trades succesfully received on timestamp: 1643450886897
11:11:25.227 INFO  Trades succesfully received on timestamp: 1643451037913
11:11:30.951 INFO  Trades succesfully received on timestamp: 1643451023663
11:11:30.951 INFO  Trades succesfully received on timestamp: 1643451023663
11:11:32.382 INFO  Trades succesfully received on timestamp: 1643451095138
11:11:34.325 INFO  Trades succesfully received on timestamp: 1643450886897
11:11:35.232 INFO  Trades succesfully received on timestamp: 1643451037913
11:11:40.952 INFO  Trades succesfully received on timestamp: 1643451023663
11:11:40.952 INFO  Trades succesfully received on timestamp: 1643451023663
11:11:42.390 INFO  Trades succesfully received on timestamp: 1643451095138
11:11:44.332 INFO  Trades succesfully received on timestamp: 1643450886897
11:11:45.238 INFO  Trades succesfully received on timestamp: 1643451037913
11:11:50.963 INFO  Trades succesfully received on timestamp: 1643451023663
11:11:50.963 INFO  Trades succesfully received on timestamp: 1643451023663
11:11:52.397 INFO  Trades succesfully received on timestamp: 1643451095138
11:11:52.920 INFO  Trades succesfully received on timestamp: 1643451115667
11:11:54.159 INFO  Trades succesfully received on timestamp: 1643451116899
11:11:54.347 INFO  Trades succesfully received on timestamp: 1643450886897
11:11:55.243 INFO  Trades succesfully received on timestamp: 1643451037913
11:12:00.986 INFO  Trades succesfully received on timestamp: 1643451023663
11:12:00.986 INFO  Trades succesfully received on timestamp: 1643451023663
11:12:02.398 INFO  Trades succesfully received on timestamp: 1643451095138
11:12:02.940 INFO  Trades succesfully received on timestamp: 1643451115667
11:12:04.164 INFO  Trades succesfully received on timestamp: 1643451116899
11:12:04.352 INFO  Trades succesfully received on timestamp: 1643450886897
11:12:05.248 INFO  Trades succesfully received on timestamp: 1643451037913
11:12:10.401 INFO  Trades succesfully received on timestamp: 1643451133134
11:12:10.401 INFO  Trades succesfully received on timestamp: 1643451133134
11:12:11.001 INFO  Trades succesfully received on timestamp: 1643451023663
11:12:11.001 INFO  Trades succesfully received on timestamp: 1643451023663
11:12:12.405 INFO  Trades succesfully received on timestamp: 1643451095138
11:12:12.952 INFO  Trades succesfully received on timestamp: 1643451115667
11:12:14.166 INFO  Trades succesfully received on timestamp: 1643451116899
11:12:14.353 INFO  Trades succesfully received on timestamp: 1643450886897
11:12:15.263 INFO  Trades succesfully received on timestamp: 1643451037913
11:12:15.790 INFO  Trades succesfully received on timestamp: 1643451138516
11:12:20.414 INFO  Trades succesfully received on timestamp: 1643451133134
11:12:20.414 INFO  Trades succesfully received on timestamp: 1643451133134
11:12:21.008 INFO  Trades succesfully received on timestamp: 1643451023663
11:12:21.008 INFO  Trades succesfully received on timestamp: 1643451023663
11:12:22.415 INFO  Trades succesfully received on timestamp: 1643451138516
11:12:22.962 INFO  Trades succesfully received on timestamp: 1643451115667
11:12:24.178 INFO  Trades succesfully received on timestamp: 1643451116899
11:12:24.364 INFO  Trades succesfully received on timestamp: 1643450886897
11:12:25.271 INFO  Trades succesfully received on timestamp: 1643451037913
11:12:25.798 INFO  Trades succesfully received on timestamp: 1643451138516
11:12:30.425 INFO  Trades succesfully received on timestamp: 1643451133134
11:12:30.425 INFO  Trades succesfully received on timestamp: 1643451133134
11:12:31.010 INFO  Trades succesfully received on timestamp: 1643451023663
11:12:31.010 INFO  Trades succesfully received on timestamp: 1643451023663
11:12:35.266 INFO  Trades succesfully received on timestamp: 1643451138516
11:12:35.818 INFO  Trades succesfully received on timestamp: 1643451115667
11:12:37.025 INFO  Trades succesfully received on timestamp: 1643451116899
11:12:37.217 INFO  Trades succesfully received on timestamp: 1643450886897
11:12:38.126 INFO  Trades succesfully received on timestamp: 1643451037913
11:12:38.363 INFO  Trades succesfully received on timestamp: 1643451158229
11:12:38.649 INFO  Trades succesfully received on timestamp: 1643451138516
11:12:43.270 INFO  Trades succesfully received on timestamp: 1643451158229
11:12:43.270 INFO  Trades succesfully received on timestamp: 1643451158229
11:12:43.853 INFO  Trades succesfully received on timestamp: 1643451023663
11:12:43.853 INFO  Trades succesfully received on timestamp: 1643451023663
11:12:45.280 INFO  Trades succesfully received on timestamp: 1643451138516
11:12:45.827 INFO  Trades succesfully received on timestamp: 1643451115667
11:12:47.036 INFO  Trades succesfully received on timestamp: 1643451116899
11:12:47.224 INFO  Trades succesfully received on timestamp: 1643450886897
11:12:48.135 INFO  Trades succesfully received on timestamp: 1643451037913
11:12:48.369 INFO  Trades succesfully received on timestamp: 1643451158229
11:12:48.651 INFO  Trades succesfully received on timestamp: 1643451138516
11:12:53.277 INFO  Trades succesfully received on timestamp: 1643451158229
11:12:53.277 INFO  Trades succesfully received on timestamp: 1643451158229
11:12:53.855 INFO  Trades succesfully received on timestamp: 1643451023663
11:12:53.855 INFO  Trades succesfully received on timestamp: 1643451023663
11:12:55.284 INFO  Trades succesfully received on timestamp: 1643451138516
11:12:55.831 INFO  Trades succesfully received on timestamp: 1643451115667
11:12:57.045 INFO  Trades succesfully received on timestamp: 1643451116899
11:12:57.239 INFO  Trades succesfully received on timestamp: 1643450886897
11:12:58.145 INFO  Trades succesfully received on timestamp: 1643451037913
11:12:58.380 INFO  Trades succesfully received on timestamp: 1643451158229
11:12:58.651 INFO  Trades succesfully received on timestamp: 1643451138516
11:13:03.279 INFO  Trades succesfully received on timestamp: 1643451158229
11:13:03.279 INFO  Trades succesfully received on timestamp: 1643451158229
11:13:03.862 INFO  Trades succesfully received on timestamp: 1643451023663
11:13:03.862 INFO  Trades succesfully received on timestamp: 1643451023663
11:13:05.293 INFO  Trades succesfully received on timestamp: 1643451138516
11:13:05.840 INFO  Trades succesfully received on timestamp: 1643451115667
11:13:07.049 INFO  Trades succesfully received on timestamp: 1643451116899
11:13:07.252 INFO  Trades succesfully received on timestamp: 1643450886897
11:13:07.958 INFO  Trades succesfully received on timestamp: 1643451187881
11:13:08.146 INFO  Trades succesfully received on timestamp: 1643451037913
11:13:08.381 INFO  Trades succesfully received on timestamp: 1643451158229
11:13:08.662 INFO  Trades succesfully received on timestamp: 1643451138516
11:13:13.279 INFO  Trades succesfully received on timestamp: 1643451158229
11:13:13.279 INFO  Trades succesfully received on timestamp: 1643451158229
11:13:13.872 INFO  Trades succesfully received on timestamp: 1643451023663
11:13:13.872 INFO  Trades succesfully received on timestamp: 1643451023663
11:13:15.304 INFO  Trades succesfully received on timestamp: 1643451138516
11:13:15.851 INFO  Trades succesfully received on timestamp: 1643451115667
11:13:17.060 INFO  Trades succesfully received on timestamp: 1643451116899
11:13:17.263 INFO  Trades succesfully received on timestamp: 1643450886897
11:13:17.737 INFO  Trades succesfully received on timestamp: 1643451197668
11:13:17.737 INFO  Trades succesfully received on timestamp: 1643451197668
11:13:17.972 INFO  Trades succesfully received on timestamp: 1643451187881
11:13:18.159 INFO  Trades succesfully received on timestamp: 1643451197668
11:13:18.383 INFO  Trades succesfully received on timestamp: 1643451158229
11:13:18.665 INFO  Trades succesfully received on timestamp: 1643451138516
11:13:23.289 INFO  Trades succesfully received on timestamp: 1643451158229
11:13:23.289 INFO  Trades succesfully received on timestamp: 1643451158229
11:13:23.879 INFO  Trades succesfully received on timestamp: 1643451023663
11:13:23.879 INFO  Trades succesfully received on timestamp: 1643451023663
11:13:25.308 INFO  Trades succesfully received on timestamp: 1643451138516
11:13:25.856 INFO  Trades succesfully received on timestamp: 1643451115667
11:13:27.061 INFO  Trades succesfully received on timestamp: 1643451116899
11:13:27.269 INFO  Trades succesfully received on timestamp: 1643450886897
11:13:27.754 INFO  Trades succesfully received on timestamp: 1643451197668
11:13:27.754 INFO  Trades succesfully received on timestamp: 1643451197668
11:13:27.973 INFO  Trades succesfully received on timestamp: 1643451187881
11:13:28.160 INFO  Trades succesfully received on timestamp: 1643451197668
11:13:28.395 INFO  Trades succesfully received on timestamp: 1643451158229
11:13:28.665 INFO  Trades succesfully received on timestamp: 1643451138516
11:13:33.292 INFO  Trades succesfully received on timestamp: 1643451158229
11:13:33.292 INFO  Trades succesfully received on timestamp: 1643451158229
11:13:33.886 INFO  Trades succesfully received on timestamp: 1643451023663
11:13:33.886 INFO  Trades succesfully received on timestamp: 1643451023663
11:13:34.323 INFO  Trades succesfully received on timestamp: 1643451214260
11:13:35.320 INFO  Trades succesfully received on timestamp: 1643451214260
11:13:35.867 INFO  Trades succesfully received on timestamp: 1643451115667
11:13:37.065 INFO  Trades succesfully received on timestamp: 1643451116899
11:13:37.284 INFO  Trades succesfully received on timestamp: 1643450886897
11:13:37.768 INFO  Trades succesfully received on timestamp: 1643451197668
11:13:37.768 INFO  Trades succesfully received on timestamp: 1643451197668
11:13:37.974 INFO  Trades succesfully received on timestamp: 1643451187881
11:13:38.161 INFO  Trades succesfully received on timestamp: 1643451197668
11:13:38.407 INFO  Trades succesfully received on timestamp: 1643451158229
11:13:38.672 INFO  Trades succesfully received on timestamp: 1643451214260
11:13:43.307 INFO  Trades succesfully received on timestamp: 1643451158229
11:13:43.307 INFO  Trades succesfully received on timestamp: 1643451158229
11:13:43.901 INFO  Trades succesfully received on timestamp: 1643451023663
11:13:43.901 INFO  Trades succesfully received on timestamp: 1643451023663
11:13:44.338 INFO  Trades succesfully received on timestamp: 1643451214260
11:13:45.322 INFO  Trades succesfully received on timestamp: 1643451214260
11:13:45.869 INFO  Trades succesfully received on timestamp: 1643451115667
11:13:47.078 INFO  Trades succesfully received on timestamp: 1643451116899
11:13:47.257 INFO  Trades succesfully received on timestamp: 1643451227158
11:13:47.257 INFO  Trades succesfully received on timestamp: 1643451227158
11:13:47.257 INFO  Trades succesfully received on timestamp: 1643451227158
11:13:47.288 INFO  Trades succesfully received on timestamp: 1643450886897
11:13:47.773 INFO  Trades succesfully received on timestamp: 1643451197668
11:13:47.773 INFO  Trades succesfully received on timestamp: 1643451197668
11:13:47.987 INFO  Trades succesfully received on timestamp: 1643451187881
11:13:48.175 INFO  Trades succesfully received on timestamp: 1643451197668
11:13:48.414 INFO  Trades succesfully received on timestamp: 1643451158229
11:13:48.680 INFO  Trades succesfully received on timestamp: 1643451227158
11:13:53.311 INFO  Trades succesfully received on timestamp: 1643451158229
11:13:53.311 INFO  Trades succesfully received on timestamp: 1643451158229
11:13:53.905 INFO  Trades succesfully received on timestamp: 1643451023663
11:13:53.905 INFO  Trades succesfully received on timestamp: 1643451023663
11:13:54.347 INFO  Trades succesfully received on timestamp: 1643451227158
11:13:55.331 INFO  Trades succesfully received on timestamp: 1643451227158
11:13:55.878 INFO  Trades succesfully received on timestamp: 1643451115667
11:13:57.092 INFO  Trades succesfully received on timestamp: 1643451116899
11:13:57.269 INFO  Trades succesfully received on timestamp: 1643451227158
11:13:57.269 INFO  Trades succesfully received on timestamp: 1643451227158
11:13:57.269 INFO  Trades succesfully received on timestamp: 1643451227158
11:13:57.300 INFO  Trades succesfully received on timestamp: 1643450886897
11:13:57.784 INFO  Trades succesfully received on timestamp: 1643451197668
11:13:57.784 INFO  Trades succesfully received on timestamp: 1643451197668
11:13:57.999 INFO  Trades succesfully received on timestamp: 1643451187881
11:13:58.187 INFO  Trades succesfully received on timestamp: 1643451197668
11:13:58.415 INFO  Trades succesfully received on timestamp: 1643451158229
11:13:58.685 INFO  Trades succesfully received on timestamp: 1643451227158
11:14:00.217 INFO  Trades succesfully received on timestamp: 1643451240130
11:14:03.316 INFO  Trades succesfully received on timestamp: 1643451240130
11:14:03.316 INFO  Trades succesfully received on timestamp: 1643451240130
11:14:03.920 INFO  Trades succesfully received on timestamp: 1643451023663
11:14:03.920 INFO  Trades succesfully received on timestamp: 1643451023663
11:14:04.352 INFO  Trades succesfully received on timestamp: 1643451227158
11:14:05.343 INFO  Trades succesfully received on timestamp: 1643451227158
11:14:05.879 INFO  Trades succesfully received on timestamp: 1643451115667
11:14:07.098 INFO  Trades succesfully received on timestamp: 1643451116899
11:14:07.270 INFO  Trades succesfully received on timestamp: 1643451227158
11:14:07.270 INFO  Trades succesfully received on timestamp: 1643451227158
11:14:07.270 INFO  Trades succesfully received on timestamp: 1643451227158
11:14:07.302 INFO  Trades succesfully received on timestamp: 1643450886897
11:14:07.786 INFO  Trades succesfully received on timestamp: 1643451197668
11:14:07.786 INFO  Trades succesfully received on timestamp: 1643451197668
11:14:08.016 INFO  Trades succesfully received on timestamp: 1643451187881
11:14:08.187 INFO  Trades succesfully received on timestamp: 1643451197668
11:14:08.422 INFO  Trades succesfully received on timestamp: 1643451240130
11:14:08.490 INFO  Trades succesfully received on timestamp: 1643451248156
11:14:08.490 INFO  Trades succesfully received on timestamp: 1643451248156
11:14:08.490 INFO  Trades succesfully received on timestamp: 1643451248156
11:14:08.490 INFO  Trades succesfully received on timestamp: 1643451248156
11:14:08.693 INFO  Trades succesfully received on timestamp: 1643451227158
11:14:10.227 INFO  Trades succesfully received on timestamp: 1643451240130
11:14:13.321 INFO  Trades succesfully received on timestamp: 1643451240130
11:14:13.321 INFO  Trades succesfully received on timestamp: 1643451240130
11:14:13.920 INFO  Trades succesfully received on timestamp: 1643451023663
11:14:13.920 INFO  Trades succesfully received on timestamp: 1643451023663
11:14:14.367 INFO  Trades succesfully received on timestamp: 1643451227158
11:14:15.346 INFO  Trades succesfully received on timestamp: 1643451227158
11:14:15.893 INFO  Trades succesfully received on timestamp: 1643451115667
11:14:17.101 INFO  Trades succesfully received on timestamp: 1643451116899
11:14:17.273 INFO  Trades succesfully received on timestamp: 1643451227158
11:14:17.273 INFO  Trades succesfully received on timestamp: 1643451227158
11:14:17.273 INFO  Trades succesfully received on timestamp: 1643451227158
11:14:17.305 INFO  Trades succesfully received on timestamp: 1643450886897
11:14:17.794 INFO  Trades succesfully received on timestamp: 1643451197668
11:14:17.794 INFO  Trades succesfully received on timestamp: 1643451197668
11:14:18.029 INFO  Trades succesfully received on timestamp: 1643451248156
11:14:18.200 INFO  Trades succesfully received on timestamp: 1643451197668
11:14:18.322 INFO  Trades succesfully received on timestamp: 1643451258275
11:14:18.338 INFO  Trades succesfully received on timestamp: 1643451258275
11:14:18.338 INFO  Trades succesfully received on timestamp: 1643451258275
11:14:18.431 INFO  Trades succesfully received on timestamp: 1643451240130
11:14:18.510 INFO  Trades succesfully received on timestamp: 1643451248156
11:14:18.510 INFO  Trades succesfully received on timestamp: 1643451248156
11:14:18.510 INFO  Trades succesfully received on timestamp: 1643451248156
11:14:18.510 INFO  Trades succesfully received on timestamp: 1643451248156
11:14:18.697 INFO  Trades succesfully received on timestamp: 1643451227158
11:14:20.229 INFO  Trades succesfully received on timestamp: 1643451240130
11:14:23.336 INFO  Trades succesfully received on timestamp: 1643451240130
11:14:23.336 INFO  Trades succesfully received on timestamp: 1643451240130
11:14:23.930 INFO  Trades succesfully received on timestamp: 1643451023663
11:14:23.930 INFO  Trades succesfully received on timestamp: 1643451023663
11:14:24.368 INFO  Trades succesfully received on timestamp: 1643451227158
11:14:25.359 INFO  Trades succesfully received on timestamp: 1643451227158
11:14:25.801 INFO  Trades succesfully received on timestamp: 1643451265741
11:14:25.801 INFO  Trades succesfully received on timestamp: 1643451265741
11:14:25.894 INFO  Trades succesfully received on timestamp: 1643451115667
11:14:27.112 INFO  Trades succesfully received on timestamp: 1643451116899
11:14:27.289 INFO  Trades succesfully received on timestamp: 1643451227158
11:14:27.289 INFO  Trades succesfully received on timestamp: 1643451227158
11:14:27.289 INFO  Trades succesfully received on timestamp: 1643451227158
11:14:27.320 INFO  Trades succesfully received on timestamp: 1643451258275
11:14:27.804 INFO  Trades succesfully received on timestamp: 1643451197668
11:14:27.804 INFO  Trades succesfully received on timestamp: 1643451197668
11:14:28.039 INFO  Trades succesfully received on timestamp: 1643451265741
11:14:28.211 INFO  Trades succesfully received on timestamp: 1643451197668
11:14:28.336 INFO  Trades succesfully received on timestamp: 1643451258275
11:14:28.351 INFO  Trades succesfully received on timestamp: 1643451258275
11:14:28.351 INFO  Trades succesfully received on timestamp: 1643451258275
11:14:28.445 INFO  Trades succesfully received on timestamp: 1643451240130
11:14:28.523 INFO  Trades succesfully received on timestamp: 1643451265741
11:14:28.523 INFO  Trades succesfully received on timestamp: 1643451265741
11:14:28.523 INFO  Trades succesfully received on timestamp: 1643451265741
11:14:28.523 INFO  Trades succesfully received on timestamp: 1643451265741
11:14:28.700 INFO  Trades succesfully received on timestamp: 1643451227158
11:14:30.237 INFO  Trades succesfully received on timestamp: 1643451240130
11:14:33.349 INFO  Trades succesfully received on timestamp: 1643451240130
11:14:33.349 INFO  Trades succesfully received on timestamp: 1643451240130
11:14:33.943 INFO  Trades succesfully received on timestamp: 1643451023663
11:14:33.943 INFO  Trades succesfully received on timestamp: 1643451023663
11:14:34.370 INFO  Trades succesfully received on timestamp: 1643451227158
11:14:35.373 INFO  Trades succesfully received on timestamp: 1643451227158
11:14:35.802 INFO  Trades succesfully received on timestamp: 1643451265741
11:14:35.817 INFO  Trades succesfully received on timestamp: 1643451265741
11:14:35.864 INFO  Trades succesfully received on timestamp: 1643451275731
11:14:35.895 INFO  Trades succesfully received on timestamp: 1643451115667
11:14:37.125 INFO  Trades succesfully received on timestamp: 1643451116899
11:14:37.297 INFO  Trades succesfully received on timestamp: 1643451227158
11:14:37.297 INFO  Trades succesfully received on timestamp: 1643451227158
11:14:37.297 INFO  Trades succesfully received on timestamp: 1643451227158
11:14:37.328 INFO  Trades succesfully received on timestamp: 1643451258275
11:14:37.812 INFO  Trades succesfully received on timestamp: 1643451197668
11:14:37.812 INFO  Trades succesfully received on timestamp: 1643451197668
11:14:38.049 INFO  Trades succesfully received on timestamp: 1643451265741
11:14:38.221 INFO  Trades succesfully received on timestamp: 1643451197668
11:14:38.339 INFO  Trades succesfully received on timestamp: 1643451258275
11:14:38.354 INFO  Trades succesfully received on timestamp: 1643451258275
11:14:38.354 INFO  Trades succesfully received on timestamp: 1643451258275
11:14:38.448 INFO  Trades succesfully received on timestamp: 1643451240130
11:14:38.529 INFO  Trades succesfully received on timestamp: 1643451265741
11:14:38.529 INFO  Trades succesfully received on timestamp: 1643451265741
11:14:38.529 INFO  Trades succesfully received on timestamp: 1643451265741
11:14:38.529 INFO  Trades succesfully received on timestamp: 1643451265741
11:14:38.701 INFO  Trades succesfully received on timestamp: 1643451227158
11:14:40.239 INFO  Trades succesfully received on timestamp: 1643451240130
11:14:43.360 INFO  Trades succesfully received on timestamp: 1643451240130
11:14:43.360 INFO  Trades succesfully received on timestamp: 1643451240130
11:14:43.953 INFO  Trades succesfully received on timestamp: 1643451023663
11:14:43.953 INFO  Trades succesfully received on timestamp: 1643451023663
11:14:44.375 INFO  Trades succesfully received on timestamp: 1643451227158
11:14:45.375 INFO  Trades succesfully received on timestamp: 1643451227158
11:14:45.813 INFO  Trades succesfully received on timestamp: 1643451265741
11:14:45.828 INFO  Trades succesfully received on timestamp: 1643451265741
11:14:45.875 INFO  Trades succesfully received on timestamp: 1643451275731
11:14:45.907 INFO  Trades succesfully received on timestamp: 1643451115667
11:14:47.131 INFO  Trades succesfully received on timestamp: 1643451116899
11:14:47.303 INFO  Trades succesfully received on timestamp: 1643451227158
11:14:47.303 INFO  Trades succesfully received on timestamp: 1643451227158
11:14:47.303 INFO  Trades succesfully received on timestamp: 1643451227158
11:14:47.334 INFO  Trades succesfully received on timestamp: 1643451258275
11:14:47.819 INFO  Trades succesfully received on timestamp: 1643451197668
11:14:47.819 INFO  Trades succesfully received on timestamp: 1643451197668
11:14:48.064 INFO  Trades succesfully received on timestamp: 1643451265741
11:14:48.236 INFO  Trades succesfully received on timestamp: 1643451197668
11:14:48.345 INFO  Trades succesfully received on timestamp: 1643451258275
11:14:48.361 INFO  Trades succesfully received on timestamp: 1643451258275
11:14:48.361 INFO  Trades succesfully received on timestamp: 1643451258275
11:14:48.455 INFO  Trades succesfully received on timestamp: 1643451240130
11:14:48.538 INFO  Trades succesfully received on timestamp: 1643451265741
11:14:48.538 INFO  Trades succesfully received on timestamp: 1643451265741
11:14:48.538 INFO  Trades succesfully received on timestamp: 1643451265741
11:14:48.538 INFO  Trades succesfully received on timestamp: 1643451265741
11:14:48.710 INFO  Trades succesfully received on timestamp: 1643451227158
11:14:50.240 INFO  Trades succesfully received on timestamp: 1643451240130
11:14:53.369 INFO  Trades succesfully received on timestamp: 1643451240130
11:14:53.369 INFO  Trades succesfully received on timestamp: 1643451240130
11:14:53.962 INFO  Trades succesfully received on timestamp: 1643451023663
11:14:53.962 INFO  Trades succesfully received on timestamp: 1643451023663
11:14:54.384 INFO  Trades succesfully received on timestamp: 1643451227158
11:14:55.377 INFO  Trades succesfully received on timestamp: 1643451227158
11:14:55.820 INFO  Trades succesfully received on timestamp: 1643451265741
11:14:55.836 INFO  Trades succesfully received on timestamp: 1643451265741
11:14:55.888 INFO  Trades succesfully received on timestamp: 1643451275731
11:14:55.919 INFO  Trades succesfully received on timestamp: 1643451115667
11:14:57.143 INFO  Trades succesfully received on timestamp: 1643451116899
11:14:57.305 INFO  Trades succesfully received on timestamp: 1643451227158
11:14:57.305 INFO  Trades succesfully received on timestamp: 1643451227158
11:14:57.305 INFO  Trades succesfully received on timestamp: 1643451227158
11:14:57.336 INFO  Trades succesfully received on timestamp: 1643451258275
11:14:57.820 INFO  Trades succesfully received on timestamp: 1643451197668
11:14:57.820 INFO  Trades succesfully received on timestamp: 1643451197668
11:14:58.070 INFO  Trades succesfully received on timestamp: 1643451265741
11:14:58.242 INFO  Trades succesfully received on timestamp: 1643451197668
11:14:58.352 INFO  Trades succesfully received on timestamp: 1643451258275
11:14:58.367 INFO  Trades succesfully received on timestamp: 1643451258275
11:14:58.367 INFO  Trades succesfully received on timestamp: 1643451258275
11:14:58.461 INFO  Trades succesfully received on timestamp: 1643451240130
11:14:58.539 INFO  Trades succesfully received on timestamp: 1643451265741
11:14:58.539 INFO  Trades succesfully received on timestamp: 1643451265741
11:14:58.539 INFO  Trades succesfully received on timestamp: 1643451265741
11:14:58.539 INFO  Trades succesfully received on timestamp: 1643451265741
11:14:58.716 INFO  Trades succesfully received on timestamp: 1643451227158
11:15:00.249 INFO  Trades succesfully received on timestamp: 1643451240130
11:15:03.374 INFO  Trades succesfully received on timestamp: 1643451240130
11:15:03.374 INFO  Trades succesfully received on timestamp: 1643451240130
11:15:03.968 INFO  Trades succesfully received on timestamp: 1643451023663
11:15:03.968 INFO  Trades succesfully received on timestamp: 1643451023663
11:15:04.395 INFO  Trades succesfully received on timestamp: 1643451227158
11:15:05.380 INFO  Trades succesfully received on timestamp: 1643451227158
11:15:05.823 INFO  Trades succesfully received on timestamp: 1643451265741
11:15:05.838 INFO  Trades succesfully received on timestamp: 1643451265741
11:15:05.901 INFO  Trades succesfully received on timestamp: 1643451275731
11:15:05.932 INFO  Trades succesfully received on timestamp: 1643451115667
11:15:07.146 INFO  Trades succesfully received on timestamp: 1643451116899
11:15:07.317 INFO  Trades succesfully received on timestamp: 1643451227158
11:15:07.317 INFO  Trades succesfully received on timestamp: 1643451227158
11:15:07.317 INFO  Trades succesfully received on timestamp: 1643451227158
11:15:07.348 INFO  Trades succesfully received on timestamp: 1643451258275
11:15:07.833 INFO  Trades succesfully received on timestamp: 1643451197668
11:15:07.833 INFO  Trades succesfully received on timestamp: 1643451197668
11:15:08.083 INFO  Trades succesfully received on timestamp: 1643451265741
11:15:08.245 INFO  Trades succesfully received on timestamp: 1643451197668
11:15:08.354 INFO  Trades succesfully received on timestamp: 1643451258275
11:15:08.370 INFO  Trades succesfully received on timestamp: 1643451258275
11:15:08.370 INFO  Trades succesfully received on timestamp: 1643451258275
11:15:08.463 INFO  Trades succesfully received on timestamp: 1643451240130
11:15:08.542 INFO  Trades succesfully received on timestamp: 1643451265741
11:15:08.542 INFO  Trades succesfully received on timestamp: 1643451265741
11:15:08.542 INFO  Trades succesfully received on timestamp: 1643451265741
11:15:08.542 INFO  Trades succesfully received on timestamp: 1643451265741
11:15:08.729 INFO  Trades succesfully received on timestamp: 1643451227158
11:15:10.252 INFO  Trades succesfully received on timestamp: 1643451240130
11:15:13.387 INFO  Trades succesfully received on timestamp: 1643451240130
11:15:13.387 INFO  Trades succesfully received on timestamp: 1643451240130
11:15:13.981 INFO  Trades succesfully received on timestamp: 1643451023663
11:15:13.981 INFO  Trades succesfully received on timestamp: 1643451023663
11:15:14.403 INFO  Trades succesfully received on timestamp: 1643451227158
11:15:15.387 INFO  Trades succesfully received on timestamp: 1643451227158
11:15:15.825 INFO  Trades succesfully received on timestamp: 1643451265741
11:15:15.840 INFO  Trades succesfully received on timestamp: 1643451265741
11:15:15.903 INFO  Trades succesfully received on timestamp: 1643451275731
11:15:15.939 INFO  Trades succesfully received on timestamp: 1643451115667
11:15:17.148 INFO  Trades succesfully received on timestamp: 1643451116899
11:15:17.320 INFO  Trades succesfully received on timestamp: 1643451227158
11:15:17.320 INFO  Trades succesfully received on timestamp: 1643451227158
11:15:17.320 INFO  Trades succesfully received on timestamp: 1643451227158
11:15:17.351 INFO  Trades succesfully received on timestamp: 1643451258275
11:15:17.840 INFO  Trades succesfully received on timestamp: 1643451197668
11:15:17.840 INFO  Trades succesfully received on timestamp: 1643451197668
11:15:18.090 INFO  Trades succesfully received on timestamp: 1643451265741
11:15:18.253 INFO  Trades succesfully received on timestamp: 1643451197668
11:15:18.362 INFO  Trades succesfully received on timestamp: 1643451258275
11:15:18.378 INFO  Trades succesfully received on timestamp: 1643451258275
11:15:18.378 INFO  Trades succesfully received on timestamp: 1643451258275
11:15:18.471 INFO  Trades succesfully received on timestamp: 1643451240130
11:15:18.544 INFO  Trades succesfully received on timestamp: 1643451265741
11:15:18.544 INFO  Trades succesfully received on timestamp: 1643451265741
11:15:18.544 INFO  Trades succesfully received on timestamp: 1643451265741
11:15:18.544 INFO  Trades succesfully received on timestamp: 1643451265741
11:15:18.742 INFO  Trades succesfully received on timestamp: 1643451227158
11:15:20.253 INFO  Trades succesfully received on timestamp: 1643451240130
11:15:23.393 INFO  Trades succesfully received on timestamp: 1643451240130
11:15:23.393 INFO  Trades succesfully received on timestamp: 1643451240130
11:15:23.987 INFO  Trades succesfully received on timestamp: 1643451023663
11:15:23.987 INFO  Trades succesfully received on timestamp: 1643451023663
11:15:24.409 INFO  Trades succesfully received on timestamp: 1643451227158
11:15:25.402 INFO  Trades succesfully received on timestamp: 1643451227158
11:15:25.840 INFO  Trades succesfully received on timestamp: 1643451265741
11:15:25.856 INFO  Trades succesfully received on timestamp: 1643451265741
11:15:25.918 INFO  Trades succesfully received on timestamp: 1643451275731
11:15:25.949 INFO  Trades succesfully received on timestamp: 1643451115667
11:15:27.158 INFO  Trades succesfully received on timestamp: 1643451116899
11:15:27.330 INFO  Trades succesfully received on timestamp: 1643451227158
11:15:27.330 INFO  Trades succesfully received on timestamp: 1643451227158
11:15:27.330 INFO  Trades succesfully received on timestamp: 1643451227158
11:15:27.361 INFO  Trades succesfully received on timestamp: 1643451258275
11:15:27.850 INFO  Trades succesfully received on timestamp: 1643451197668
11:15:27.850 INFO  Trades succesfully received on timestamp: 1643451197668
11:15:28.101 INFO  Trades succesfully received on timestamp: 1643451265741
11:15:28.267 INFO  Trades succesfully received on timestamp: 1643451197668
11:15:28.376 INFO  Trades succesfully received on timestamp: 1643451258275
11:15:28.392 INFO  Trades succesfully received on timestamp: 1643451258275
11:15:28.392 INFO  Trades succesfully received on timestamp: 1643451258275
11:15:28.486 INFO  Trades succesfully received on timestamp: 1643451240130
11:15:28.548 INFO  Trades succesfully received on timestamp: 1643451265741
11:15:28.548 INFO  Trades succesfully received on timestamp: 1643451265741
11:15:28.548 INFO  Trades succesfully received on timestamp: 1643451265741
11:15:28.548 INFO  Trades succesfully received on timestamp: 1643451265741
11:15:28.757 INFO  Trades succesfully received on timestamp: 1643451227158
11:15:30.262 INFO  Trades succesfully received on timestamp: 1643451240130
11:15:32.235 INFO  Trades succesfully received on timestamp: 1643451332167
11:15:33.407 INFO  Trades succesfully received on timestamp: 1643451240130
11:15:33.407 INFO  Trades succesfully received on timestamp: 1643451240130
11:15:34.001 INFO  Trades succesfully received on timestamp: 1643451023663
11:15:34.001 INFO  Trades succesfully received on timestamp: 1643451023663
11:15:34.413 INFO  Trades succesfully received on timestamp: 1643451227158
11:15:35.412 INFO  Trades succesfully received on timestamp: 1643451227158
11:15:35.855 INFO  Trades succesfully received on timestamp: 1643451265741
11:15:35.871 INFO  Trades succesfully received on timestamp: 1643451265741
11:15:35.933 INFO  Trades succesfully received on timestamp: 1643451332167
11:15:35.965 INFO  Trades succesfully received on timestamp: 1643451115667
11:15:37.159 INFO  Trades succesfully received on timestamp: 1643451116899
11:15:37.331 INFO  Trades succesfully received on timestamp: 1643451227158
11:15:37.331 INFO  Trades succesfully received on timestamp: 1643451227158
11:15:37.331 INFO  Trades succesfully received on timestamp: 1643451227158
11:15:37.363 INFO  Trades succesfully received on timestamp: 1643451258275
11:15:37.863 INFO  Trades succesfully received on timestamp: 1643451197668
11:15:37.863 INFO  Trades succesfully received on timestamp: 1643451197668
11:15:38.113 INFO  Trades succesfully received on timestamp: 1643451265741
11:15:38.274 INFO  Trades succesfully received on timestamp: 1643451197668
11:15:38.383 INFO  Trades succesfully received on timestamp: 1643451258275
11:15:38.399 INFO  Trades succesfully received on timestamp: 1643451258275
11:15:38.399 INFO  Trades succesfully received on timestamp: 1643451258275
11:15:38.493 INFO  Trades succesfully received on timestamp: 1643451240130
11:15:38.555 INFO  Trades succesfully received on timestamp: 1643451265741
11:15:38.555 INFO  Trades succesfully received on timestamp: 1643451265741
11:15:38.555 INFO  Trades succesfully received on timestamp: 1643451265741
11:15:38.555 INFO  Trades succesfully received on timestamp: 1643451265741
11:15:38.758 INFO  Trades succesfully received on timestamp: 1643451227158
11:15:40.264 INFO  Trades succesfully received on timestamp: 1643451240130
11:15:42.247 INFO  Trades succesfully received on timestamp: 1643451332167
11:15:43.409 INFO  Trades succesfully received on timestamp: 1643451240130
11:15:43.409 INFO  Trades succesfully received on timestamp: 1643451240130
11:15:44.008 INFO  Trades succesfully received on timestamp: 1643451023663
11:15:44.008 INFO  Trades succesfully received on timestamp: 1643451023663
11:15:44.414 INFO  Trades succesfully received on timestamp: 1643451227158
11:15:45.419 INFO  Trades succesfully received on timestamp: 1643451227158
11:15:45.857 INFO  Trades succesfully received on timestamp: 1643451265741
11:15:45.872 INFO  Trades succesfully received on timestamp: 1643451265741
11:15:45.935 INFO  Trades succesfully received on timestamp: 1643451332167
11:15:45.966 INFO  Trades succesfully received on timestamp: 1643451115667
11:15:47.174 INFO  Trades succesfully received on timestamp: 1643451116899
11:15:47.346 INFO  Trades succesfully received on timestamp: 1643451227158
11:15:47.346 INFO  Trades succesfully received on timestamp: 1643451227158
11:15:47.346 INFO  Trades succesfully received on timestamp: 1643451227158
11:15:47.378 INFO  Trades succesfully received on timestamp: 1643451258275
11:15:47.868 INFO  Trades succesfully received on timestamp: 1643451197668
11:15:47.868 INFO  Trades succesfully received on timestamp: 1643451197668
11:15:48.118 INFO  Trades succesfully received on timestamp: 1643451265741
11:15:48.289 INFO  Trades succesfully received on timestamp: 1643451197668
11:15:48.399 INFO  Trades succesfully received on timestamp: 1643451258275
11:15:48.414 INFO  Trades succesfully received on timestamp: 1643451258275
11:15:48.414 INFO  Trades succesfully received on timestamp: 1643451258275
11:15:48.508 INFO  Trades succesfully received on timestamp: 1643451240130
11:15:48.571 INFO  Trades succesfully received on timestamp: 1643451265741
11:15:48.571 INFO  Trades succesfully received on timestamp: 1643451265741
11:15:48.571 INFO  Trades succesfully received on timestamp: 1643451265741
11:15:48.571 INFO  Trades succesfully received on timestamp: 1643451265741
11:15:48.774 INFO  Trades succesfully received on timestamp: 1643451227158
11:15:50.279 INFO  Trades succesfully received on timestamp: 1643451240130
11:15:52.258 INFO  Trades succesfully received on timestamp: 1643451332167
11:15:53.415 INFO  Trades succesfully received on timestamp: 1643451240130
11:15:53.415 INFO  Trades succesfully received on timestamp: 1643451240130
11:15:54.009 INFO  Trades succesfully received on timestamp: 1643451023663
11:15:54.009 INFO  Trades succesfully received on timestamp: 1643451023663
11:15:54.415 INFO  Trades succesfully received on timestamp: 1643451227158
11:15:55.434 INFO  Trades succesfully received on timestamp: 1643451227158
11:15:55.872 INFO  Trades succesfully received on timestamp: 1643451265741
11:15:55.887 INFO  Trades succesfully received on timestamp: 1643451265741
11:15:55.940 INFO  Trades succesfully received on timestamp: 1643451332167
11:15:55.971 INFO  Trades succesfully received on timestamp: 1643451115667
11:15:57.180 INFO  Trades succesfully received on timestamp: 1643451116899
11:15:57.357 INFO  Trades succesfully received on timestamp: 1643451227158
11:15:57.357 INFO  Trades succesfully received on timestamp: 1643451227158
11:15:57.357 INFO  Trades succesfully received on timestamp: 1643451227158
11:15:57.388 INFO  Trades succesfully received on timestamp: 1643451258275
11:15:57.872 INFO  Trades succesfully received on timestamp: 1643451197668
11:15:57.872 INFO  Trades succesfully received on timestamp: 1643451197668
11:15:58.122 INFO  Trades succesfully received on timestamp: 1643451265741
11:15:58.294 INFO  Trades succesfully received on timestamp: 1643451197668
11:15:58.404 INFO  Trades succesfully received on timestamp: 1643451258275
11:15:58.419 INFO  Trades succesfully received on timestamp: 1643451258275
11:15:58.419 INFO  Trades succesfully received on timestamp: 1643451258275
11:15:58.513 INFO  Trades succesfully received on timestamp: 1643451240130
11:15:58.576 INFO  Trades succesfully received on timestamp: 1643451265741
11:15:58.576 INFO  Trades succesfully received on timestamp: 1643451265741
11:15:58.576 INFO  Trades succesfully received on timestamp: 1643451265741
11:15:58.576 INFO  Trades succesfully received on timestamp: 1643451265741
11:15:58.784 INFO  Trades succesfully received on timestamp: 1643451227158
11:16:00.289 INFO  Trades succesfully received on timestamp: 1643451240130
11:16:02.268 INFO  Trades succesfully received on timestamp: 1643451332167
11:16:03.430 INFO  Trades succesfully received on timestamp: 1643451240130
11:16:03.430 INFO  Trades succesfully received on timestamp: 1643451240130
11:16:04.024 INFO  Trades succesfully received on timestamp: 1643451023663
11:16:04.024 INFO  Trades succesfully received on timestamp: 1643451023663
11:16:04.419 INFO  Trades succesfully received on timestamp: 1643451227158
11:16:05.441 INFO  Trades succesfully received on timestamp: 1643451227158
11:16:05.884 INFO  Trades succesfully received on timestamp: 1643451265741
11:16:05.900 INFO  Trades succesfully received on timestamp: 1643451265741
11:16:05.946 INFO  Trades succesfully received on timestamp: 1643451332167
11:16:05.977 INFO  Trades succesfully received on timestamp: 1643451115667
11:16:07.191 INFO  Trades succesfully received on timestamp: 1643451116899
11:16:07.363 INFO  Trades succesfully received on timestamp: 1643451227158
11:16:07.363 INFO  Trades succesfully received on timestamp: 1643451227158
11:16:07.363 INFO  Trades succesfully received on timestamp: 1643451227158
11:16:07.395 INFO  Trades succesfully received on timestamp: 1643451258275
11:16:07.879 INFO  Trades succesfully received on timestamp: 1643451197668
11:16:07.879 INFO  Trades succesfully received on timestamp: 1643451197668
11:16:08.129 INFO  Trades succesfully received on timestamp: 1643451265741
11:16:08.306 INFO  Trades succesfully received on timestamp: 1643451197668
11:16:08.415 INFO  Trades succesfully received on timestamp: 1643451258275
11:16:08.431 INFO  Trades succesfully received on timestamp: 1643451258275
11:16:08.431 INFO  Trades succesfully received on timestamp: 1643451258275
11:16:08.525 INFO  Trades succesfully received on timestamp: 1643451240130
11:16:08.587 INFO  Trades succesfully received on timestamp: 1643451265741
11:16:08.587 INFO  Trades succesfully received on timestamp: 1643451265741
11:16:08.587 INFO  Trades succesfully received on timestamp: 1643451265741
11:16:08.587 INFO  Trades succesfully received on timestamp: 1643451265741
11:16:08.791 INFO  Trades succesfully received on timestamp: 1643451227158
11:16:10.297 INFO  Trades succesfully received on timestamp: 1643451240130
11:16:12.276 INFO  Trades succesfully received on timestamp: 1643451332167
11:16:13.443 INFO  Trades succesfully received on timestamp: 1643451240130
11:16:13.443 INFO  Trades succesfully received on timestamp: 1643451240130
11:16:14.029 INFO  Trades succesfully received on timestamp: 1643451023663
11:16:14.029 INFO  Trades succesfully received on timestamp: 1643451023663
11:16:14.420 INFO  Trades succesfully received on timestamp: 1643451227158
11:16:15.447 INFO  Trades succesfully received on timestamp: 1643451227158
11:16:15.885 INFO  Trades succesfully received on timestamp: 1643451265741
11:16:15.901 INFO  Trades succesfully received on timestamp: 1643451265741
11:16:15.948 INFO  Trades succesfully received on timestamp: 1643451332167
11:16:15.979 INFO  Trades succesfully received on timestamp: 1643451115667
11:16:17.193 INFO  Trades succesfully received on timestamp: 1643451116899
11:16:17.365 INFO  Trades succesfully received on timestamp: 1643451227158
11:16:17.365 INFO  Trades succesfully received on timestamp: 1643451227158
11:16:17.365 INFO  Trades succesfully received on timestamp: 1643451227158
11:16:17.396 INFO  Trades succesfully received on timestamp: 1643451258275
11:16:17.886 INFO  Trades succesfully received on timestamp: 1643451197668
11:16:17.886 INFO  Trades succesfully received on timestamp: 1643451197668
11:16:18.136 INFO  Trades succesfully received on timestamp: 1643451265741
11:16:18.307 INFO  Trades succesfully received on timestamp: 1643451197668
11:16:18.417 INFO  Trades succesfully received on timestamp: 1643451258275
11:16:18.432 INFO  Trades succesfully received on timestamp: 1643451258275
11:16:18.432 INFO  Trades succesfully received on timestamp: 1643451258275
11:16:18.526 INFO  Trades succesfully received on timestamp: 1643451240130
11:16:18.589 INFO  Trades succesfully received on timestamp: 1643451265741
11:16:18.589 INFO  Trades succesfully received on timestamp: 1643451265741
11:16:18.589 INFO  Trades succesfully received on timestamp: 1643451265741
11:16:18.589 INFO  Trades succesfully received on timestamp: 1643451265741
11:16:18.792 INFO  Trades succesfully received on timestamp: 1643451227158
11:16:20.307 INFO  Trades succesfully received on timestamp: 1643451240130
11:16:22.291 INFO  Trades succesfully received on timestamp: 1643451332167
11:16:23.447 INFO  Trades succesfully received on timestamp: 1643451240130
11:16:23.447 INFO  Trades succesfully received on timestamp: 1643451240130
11:16:24.036 INFO  Trades succesfully received on timestamp: 1643451023663
11:16:24.036 INFO  Trades succesfully received on timestamp: 1643451023663
11:16:24.426 INFO  Trades succesfully received on timestamp: 1643451227158
11:16:25.448 INFO  Trades succesfully received on timestamp: 1643451227158
11:16:25.901 INFO  Trades succesfully received on timestamp: 1643451265741
11:16:25.901 INFO  Trades succesfully received on timestamp: 1643451265741
11:16:25.948 INFO  Trades succesfully received on timestamp: 1643451332167
11:16:25.979 INFO  Trades succesfully received on timestamp: 1643451115667
11:16:27.203 INFO  Trades succesfully received on timestamp: 1643451116899
11:16:27.365 INFO  Trades succesfully received on timestamp: 1643451227158
11:16:27.365 INFO  Trades succesfully received on timestamp: 1643451227158
11:16:27.381 INFO  Trades succesfully received on timestamp: 1643451227158
11:16:27.396 INFO  Trades succesfully received on timestamp: 1643451258275
11:16:27.896 INFO  Trades succesfully received on timestamp: 1643451197668
11:16:27.896 INFO  Trades succesfully received on timestamp: 1643451197668
11:16:28.146 INFO  Trades succesfully received on timestamp: 1643451265741
11:16:28.318 INFO  Trades succesfully received on timestamp: 1643451197668
11:16:28.428 INFO  Trades succesfully received on timestamp: 1643451258275
11:16:28.443 INFO  Trades succesfully received on timestamp: 1643451258275
11:16:28.443 INFO  Trades succesfully received on timestamp: 1643451258275
11:16:28.537 INFO  Trades succesfully received on timestamp: 1643451240130
11:16:28.600 INFO  Trades succesfully received on timestamp: 1643451265741
11:16:28.600 INFO  Trades succesfully received on timestamp: 1643451265741
11:16:28.600 INFO  Trades succesfully received on timestamp: 1643451265741
11:16:28.600 INFO  Trades succesfully received on timestamp: 1643451265741
11:16:28.793 INFO  Trades succesfully received on timestamp: 1643451227158
11:16:30.314 INFO  Trades succesfully received on timestamp: 1643451240130
11:16:32.294 INFO  Trades succesfully received on timestamp: 1643451332167
11:16:33.456 INFO  Trades succesfully received on timestamp: 1643451240130
11:16:33.456 INFO  Trades succesfully received on timestamp: 1643451240130
11:16:34.050 INFO  Trades succesfully received on timestamp: 1643451023663
11:16:34.050 INFO  Trades succesfully received on timestamp: 1643451023663
11:16:34.430 INFO  Trades succesfully received on timestamp: 1643451227158
11:16:35.454 INFO  Trades succesfully received on timestamp: 1643451227158
11:16:35.913 INFO  Trades succesfully received on timestamp: 1643451265741
11:16:35.913 INFO  Trades succesfully received on timestamp: 1643451265741
11:16:35.960 INFO  Trades succesfully received on timestamp: 1643451332167
11:16:35.991 INFO  Trades succesfully received on timestamp: 1643451115667
11:16:37.215 INFO  Trades succesfully received on timestamp: 1643451116899
11:16:37.372 INFO  Trades succesfully received on timestamp: 1643451227158
11:16:37.372 INFO  Trades succesfully received on timestamp: 1643451227158
11:16:37.387 INFO  Trades succesfully received on timestamp: 1643451227158
11:16:37.403 INFO  Trades succesfully received on timestamp: 1643451258275
11:16:37.903 INFO  Trades succesfully received on timestamp: 1643451197668
11:16:37.903 INFO  Trades succesfully received on timestamp: 1643451197668
11:16:38.153 INFO  Trades succesfully received on timestamp: 1643451265741
11:16:38.330 INFO  Trades succesfully received on timestamp: 1643451197668
11:16:38.440 INFO  Trades succesfully received on timestamp: 1643451258275
11:16:38.455 INFO  Trades succesfully received on timestamp: 1643451258275
11:16:38.455 INFO  Trades succesfully received on timestamp: 1643451258275
11:16:38.549 INFO  Trades succesfully received on timestamp: 1643451240130
11:16:38.612 INFO  Trades succesfully received on timestamp: 1643451265741
11:16:38.612 INFO  Trades succesfully received on timestamp: 1643451265741
11:16:38.612 INFO  Trades succesfully received on timestamp: 1643451265741
11:16:38.612 INFO  Trades succesfully received on timestamp: 1643451265741
11:16:38.799 INFO  Trades succesfully received on timestamp: 1643451227158
11:16:40.322 INFO  Trades succesfully received on timestamp: 1643451240130
11:16:42.307 INFO  Trades succesfully received on timestamp: 1643451332167
11:16:43.463 INFO  Trades succesfully received on timestamp: 1643451240130
11:16:43.463 INFO  Trades succesfully received on timestamp: 1643451240130
11:16:44.062 INFO  Trades succesfully received on timestamp: 1643451023663
11:16:44.062 INFO  Trades succesfully received on timestamp: 1643451023663
11:16:44.431 INFO  Trades succesfully received on timestamp: 1643451227158
11:16:45.457 INFO  Trades succesfully received on timestamp: 1643451227158
11:16:45.925 INFO  Trades succesfully received on timestamp: 1643451265741
11:16:45.925 INFO  Trades succesfully received on timestamp: 1643451265741
11:16:45.972 INFO  Trades succesfully received on timestamp: 1643451332167
11:16:46.004 INFO  Trades succesfully received on timestamp: 1643451115667
11:16:47.218 INFO  Trades succesfully received on timestamp: 1643451116899
11:16:47.374 INFO  Trades succesfully received on timestamp: 1643451227158
11:16:47.374 INFO  Trades succesfully received on timestamp: 1643451227158
11:16:47.389 INFO  Trades succesfully received on timestamp: 1643451227158
11:16:47.405 INFO  Trades succesfully received on timestamp: 1643451258275
11:16:47.910 INFO  Trades succesfully received on timestamp: 1643451197668
11:16:47.910 INFO  Trades succesfully received on timestamp: 1643451197668
11:16:48.160 INFO  Trades succesfully received on timestamp: 1643451265741
11:16:48.332 INFO  Trades succesfully received on timestamp: 1643451197668
11:16:48.441 INFO  Trades succesfully received on timestamp: 1643451258275
11:16:48.457 INFO  Trades succesfully received on timestamp: 1643451258275
11:16:48.457 INFO  Trades succesfully received on timestamp: 1643451258275
11:16:48.551 INFO  Trades succesfully received on timestamp: 1643451240130
11:16:48.613 INFO  Trades succesfully received on timestamp: 1643451265741
11:16:48.613 INFO  Trades succesfully received on timestamp: 1643451265741
11:16:48.613 INFO  Trades succesfully received on timestamp: 1643451265741
11:16:48.613 INFO  Trades succesfully received on timestamp: 1643451265741
11:16:48.801 INFO  Trades succesfully received on timestamp: 1643451227158
11:16:50.338 INFO  Trades succesfully received on timestamp: 1643451240130
11:16:52.317 INFO  Trades succesfully received on timestamp: 1643451332167
11:16:53.473 INFO  Trades succesfully received on timestamp: 1643451240130
11:16:53.473 INFO  Trades succesfully received on timestamp: 1643451240130
11:16:54.067 INFO  Trades succesfully received on timestamp: 1643451023663
11:16:54.067 INFO  Trades succesfully received on timestamp: 1643451023663
11:16:54.442 INFO  Trades succesfully received on timestamp: 1643451227158
11:16:55.465 INFO  Trades succesfully received on timestamp: 1643451227158
11:16:55.934 INFO  Trades succesfully received on timestamp: 1643451265741
11:16:55.934 INFO  Trades succesfully received on timestamp: 1643451265741
11:16:55.981 INFO  Trades succesfully received on timestamp: 1643451332167
11:16:56.012 INFO  Trades succesfully received on timestamp: 1643451115667
11:16:57.220 INFO  Trades succesfully received on timestamp: 1643451116899
11:16:57.377 INFO  Trades succesfully received on timestamp: 1643451227158
11:16:57.377 INFO  Trades succesfully received on timestamp: 1643451227158
11:16:57.392 INFO  Trades succesfully received on timestamp: 1643451227158
11:16:57.408 INFO  Trades succesfully received on timestamp: 1643451258275
11:16:57.917 INFO  Trades succesfully received on timestamp: 1643451197668
11:16:57.917 INFO  Trades succesfully received on timestamp: 1643451197668
11:16:58.167 INFO  Trades succesfully received on timestamp: 1643451265741
11:16:58.339 INFO  Trades succesfully received on timestamp: 1643451197668
11:16:58.448 INFO  Trades succesfully received on timestamp: 1643451258275
11:16:58.464 INFO  Trades succesfully received on timestamp: 1643451258275
11:16:58.464 INFO  Trades succesfully received on timestamp: 1643451258275
11:16:58.558 INFO  Trades succesfully received on timestamp: 1643451240130
11:16:58.620 INFO  Trades succesfully received on timestamp: 1643451265741
11:16:58.620 INFO  Trades succesfully received on timestamp: 1643451265741
11:16:58.620 INFO  Trades succesfully received on timestamp: 1643451265741
11:16:58.620 INFO  Trades succesfully received on timestamp: 1643451265741
11:16:58.808 INFO  Trades succesfully received on timestamp: 1643451227158
11:17:00.339 INFO  Trades succesfully received on timestamp: 1643451240130
11:17:02.319 INFO  Trades succesfully received on timestamp: 1643451332167
11:17:03.481 INFO  Trades succesfully received on timestamp: 1643451240130
11:17:03.481 INFO  Trades succesfully received on timestamp: 1643451240130
11:17:04.074 INFO  Trades succesfully received on timestamp: 1643451023663
11:17:04.074 INFO  Trades succesfully received on timestamp: 1643451023663
11:17:04.444 INFO  Trades succesfully received on timestamp: 1643451227158
11:17:05.471 INFO  Trades succesfully received on timestamp: 1643451227158
11:17:05.940 INFO  Trades succesfully received on timestamp: 1643451265741
11:17:05.940 INFO  Trades succesfully received on timestamp: 1643451265741
11:17:05.986 INFO  Trades succesfully received on timestamp: 1643451332167
11:17:06.018 INFO  Trades succesfully received on timestamp: 1643451115667
11:17:07.231 INFO  Trades succesfully received on timestamp: 1643451116899
11:17:07.387 INFO  Trades succesfully received on timestamp: 1643451227158
11:17:07.387 INFO  Trades succesfully received on timestamp: 1643451227158
11:17:07.403 INFO  Trades succesfully received on timestamp: 1643451227158
11:17:07.419 INFO  Trades succesfully received on timestamp: 1643451258275
11:17:07.919 INFO  Trades succesfully received on timestamp: 1643451197668
11:17:07.919 INFO  Trades succesfully received on timestamp: 1643451197668
11:17:08.169 INFO  Trades succesfully received on timestamp: 1643451265741
11:17:08.346 INFO  Trades succesfully received on timestamp: 1643451197668
11:17:08.455 INFO  Trades succesfully received on timestamp: 1643451258275
11:17:08.471 INFO  Trades succesfully received on timestamp: 1643451258275
11:17:08.471 INFO  Trades succesfully received on timestamp: 1643451258275
11:17:08.565 INFO  Trades succesfully received on timestamp: 1643451240130
11:17:08.627 INFO  Trades succesfully received on timestamp: 1643451265741
11:17:08.627 INFO  Trades succesfully received on timestamp: 1643451265741
11:17:08.627 INFO  Trades succesfully received on timestamp: 1643451265741
11:17:08.627 INFO  Trades succesfully received on timestamp: 1643451265741
11:17:08.815 INFO  Trades succesfully received on timestamp: 1643451227158
11:17:10.352 INFO  Trades succesfully received on timestamp: 1643451240130
11:17:12.326 INFO  Trades succesfully received on timestamp: 1643451332167
11:17:13.482 INFO  Trades succesfully received on timestamp: 1643451240130
11:17:13.482 INFO  Trades succesfully received on timestamp: 1643451240130
11:17:14.076 INFO  Trades succesfully received on timestamp: 1643451023663
11:17:14.076 INFO  Trades succesfully received on timestamp: 1643451023663
11:17:14.451 INFO  Trades succesfully received on timestamp: 1643451227158
11:17:15.483 INFO  Trades succesfully received on timestamp: 1643451227158
11:17:15.951 INFO  Trades succesfully received on timestamp: 1643451265741
11:17:15.951 INFO  Trades succesfully received on timestamp: 1643451265741
11:17:15.998 INFO  Trades succesfully received on timestamp: 1643451332167
11:17:16.029 INFO  Trades succesfully received on timestamp: 1643451115667
11:17:17.238 INFO  Trades succesfully received on timestamp: 1643451116899
11:17:17.394 INFO  Trades succesfully received on timestamp: 1643451227158
11:17:17.394 INFO  Trades succesfully received on timestamp: 1643451227158
11:17:17.410 INFO  Trades succesfully received on timestamp: 1643451227158
11:17:17.425 INFO  Trades succesfully received on timestamp: 1643451258275
11:17:17.931 INFO  Trades succesfully received on timestamp: 1643451197668
11:17:17.931 INFO  Trades succesfully received on timestamp: 1643451197668
11:17:18.180 INFO  Trades succesfully received on timestamp: 1643451265741
11:17:18.353 INFO  Trades succesfully received on timestamp: 1643451197668
11:17:18.462 INFO  Trades succesfully received on timestamp: 1643451258275
11:17:18.478 INFO  Trades succesfully received on timestamp: 1643451258275
11:17:18.478 INFO  Trades succesfully received on timestamp: 1643451258275
11:17:18.571 INFO  Trades succesfully received on timestamp: 1643451240130
11:17:18.634 INFO  Trades succesfully received on timestamp: 1643451265741
11:17:18.634 INFO  Trades succesfully received on timestamp: 1643451265741
11:17:18.634 INFO  Trades succesfully received on timestamp: 1643451265741
11:17:18.634 INFO  Trades succesfully received on timestamp: 1643451265741
11:17:18.821 INFO  Trades succesfully received on timestamp: 1643451227158
11:17:20.358 INFO  Trades succesfully received on timestamp: 1643451240130
11:17:20.964 INFO  Trades succesfully received on timestamp: 1643451440897
11:17:20.964 INFO  Trades succesfully received on timestamp: 1643451440897
11:17:20.964 INFO  Trades succesfully received on timestamp: 1643451440897
11:17:22.329 INFO  Trades succesfully received on timestamp: 1643451332167
11:17:23.490 INFO  Trades succesfully received on timestamp: 1643451240130
11:17:23.490 INFO  Trades succesfully received on timestamp: 1643451240130
11:17:24.084 INFO  Trades succesfully received on timestamp: 1643451023663
11:17:24.084 INFO  Trades succesfully received on timestamp: 1643451023663
11:17:24.459 INFO  Trades succesfully received on timestamp: 1643451227158
11:17:25.497 INFO  Trades succesfully received on timestamp: 1643451227158
11:17:25.956 INFO  Trades succesfully received on timestamp: 1643451265741
11:17:25.956 INFO  Trades succesfully received on timestamp: 1643451265741
11:17:26.003 INFO  Trades succesfully received on timestamp: 1643451332167
11:17:26.034 INFO  Trades succesfully received on timestamp: 1643451115667
11:17:27.242 INFO  Trades succesfully received on timestamp: 1643451116899
11:17:27.404 INFO  Trades succesfully received on timestamp: 1643451227158
11:17:27.404 INFO  Trades succesfully received on timestamp: 1643451227158
11:17:27.420 INFO  Trades succesfully received on timestamp: 1643451227158
11:17:27.435 INFO  Trades succesfully received on timestamp: 1643451258275
11:17:27.935 INFO  Trades succesfully received on timestamp: 1643451197668
11:17:27.935 INFO  Trades succesfully received on timestamp: 1643451197668
11:17:28.185 INFO  Trades succesfully received on timestamp: 1643451265741
11:17:28.357 INFO  Trades succesfully received on timestamp: 1643451197668
11:17:28.466 INFO  Trades succesfully received on timestamp: 1643451258275
11:17:28.482 INFO  Trades succesfully received on timestamp: 1643451258275
11:17:28.482 INFO  Trades succesfully received on timestamp: 1643451258275
11:17:28.576 INFO  Trades succesfully received on timestamp: 1643451240130
11:17:28.644 INFO  Trades succesfully received on timestamp: 1643451265741
11:17:28.644 INFO  Trades succesfully received on timestamp: 1643451265741
11:17:28.644 INFO  Trades succesfully received on timestamp: 1643451265741
11:17:28.644 INFO  Trades succesfully received on timestamp: 1643451265741
11:17:28.831 INFO  Trades succesfully received on timestamp: 1643451227158
11:17:29.922 INFO  Trades succesfully received on timestamp: 1643451449792
11:17:30.360 INFO  Trades succesfully received on timestamp: 1643451240130
11:17:30.969 INFO  Trades succesfully received on timestamp: 1643451440897
11:17:30.969 INFO  Trades succesfully received on timestamp: 1643451440897
11:17:30.969 INFO  Trades succesfully received on timestamp: 1643451440897
11:17:32.340 INFO  Trades succesfully received on timestamp: 1643451332167
11:17:33.501 INFO  Trades succesfully received on timestamp: 1643451240130
11:17:33.501 INFO  Trades succesfully received on timestamp: 1643451240130
11:17:34.085 INFO  Trades succesfully received on timestamp: 1643451023663
11:17:34.085 INFO  Trades succesfully received on timestamp: 1643451023663
11:17:34.460 INFO  Trades succesfully received on timestamp: 1643451227158
11:17:35.503 INFO  Trades succesfully received on timestamp: 1643451227158
11:17:35.956 INFO  Trades succesfully received on timestamp: 1643451265741
11:17:35.956 INFO  Trades succesfully received on timestamp: 1643451265741
11:17:36.003 INFO  Trades succesfully received on timestamp: 1643451332167
11:17:36.034 INFO  Trades succesfully received on timestamp: 1643451115667
11:17:37.243 INFO  Trades succesfully received on timestamp: 1643451116899
11:17:37.415 INFO  Trades succesfully received on timestamp: 1643451227158
11:17:37.415 INFO  Trades succesfully received on timestamp: 1643451227158
11:17:37.430 INFO  Trades succesfully received on timestamp: 1643451227158
11:17:37.446 INFO  Trades succesfully received on timestamp: 1643451449792
11:17:37.946 INFO  Trades succesfully received on timestamp: 1643451197668
11:17:37.946 INFO  Trades succesfully received on timestamp: 1643451197668
11:17:38.185 INFO  Trades succesfully received on timestamp: 1643451265741
11:17:38.357 INFO  Trades succesfully received on timestamp: 1643451197668
11:17:38.467 INFO  Trades succesfully received on timestamp: 1643451449792
11:17:38.482 INFO  Trades succesfully received on timestamp: 1643451449792
11:17:38.482 INFO  Trades succesfully received on timestamp: 1643451449792
11:17:38.576 INFO  Trades succesfully received on timestamp: 1643451240130
11:17:38.654 INFO  Trades succesfully received on timestamp: 1643451265741
11:17:38.654 INFO  Trades succesfully received on timestamp: 1643451265741
11:17:38.654 INFO  Trades succesfully received on timestamp: 1643451265741
11:17:38.654 INFO  Trades succesfully received on timestamp: 1643451265741
11:17:38.842 INFO  Trades succesfully received on timestamp: 1643451227158
11:17:39.928 INFO  Trades succesfully received on timestamp: 1643451449792
11:17:40.365 INFO  Trades succesfully received on timestamp: 1643451240130
11:17:40.980 INFO  Trades succesfully received on timestamp: 1643451440897
11:17:40.980 INFO  Trades succesfully received on timestamp: 1643451440897
11:17:40.980 INFO  Trades succesfully received on timestamp: 1643451440897
11:17:42.350 INFO  Trades succesfully received on timestamp: 1643451332167
11:17:43.506 INFO  Trades succesfully received on timestamp: 1643451240130
11:17:43.506 INFO  Trades succesfully received on timestamp: 1643451240130
11:17:44.090 INFO  Trades succesfully received on timestamp: 1643451023663
11:17:44.090 INFO  Trades succesfully received on timestamp: 1643451023663
11:17:44.465 INFO  Trades succesfully received on timestamp: 1643451227158
11:17:45.517 INFO  Trades succesfully received on timestamp: 1643451227158
11:17:45.970 INFO  Trades succesfully received on timestamp: 1643451265741
11:17:45.970 INFO  Trades succesfully received on timestamp: 1643451265741
11:17:46.017 INFO  Trades succesfully received on timestamp: 1643451332167
11:17:46.048 INFO  Trades succesfully received on timestamp: 1643451115667
11:17:47.246 INFO  Trades succesfully received on timestamp: 1643451116899
11:17:47.418 INFO  Trades succesfully received on timestamp: 1643451227158
11:17:47.418 INFO  Trades succesfully received on timestamp: 1643451227158
11:17:47.434 INFO  Trades succesfully received on timestamp: 1643451227158
11:17:47.449 INFO  Trades succesfully received on timestamp: 1643451449792
11:17:47.955 INFO  Trades succesfully received on timestamp: 1643451197668
11:17:47.955 INFO  Trades succesfully received on timestamp: 1643451197668
11:17:48.189 INFO  Trades succesfully received on timestamp: 1643451265741
11:17:48.361 INFO  Trades succesfully received on timestamp: 1643451197668
11:17:48.470 INFO  Trades succesfully received on timestamp: 1643451449792
11:17:48.486 INFO  Trades succesfully received on timestamp: 1643451449792
11:17:48.486 INFO  Trades succesfully received on timestamp: 1643451449792
11:17:48.580 INFO  Trades succesfully received on timestamp: 1643451240130
11:17:48.658 INFO  Trades succesfully received on timestamp: 1643451265741
11:17:48.658 INFO  Trades succesfully received on timestamp: 1643451265741
11:17:48.658 INFO  Trades succesfully received on timestamp: 1643451265741
11:17:48.658 INFO  Trades succesfully received on timestamp: 1643451265741
11:17:48.845 INFO  Trades succesfully received on timestamp: 1643451227158
11:17:49.929 INFO  Trades succesfully received on timestamp: 1643451449792
11:17:50.366 INFO  Trades succesfully received on timestamp: 1643451240130
11:17:50.981 INFO  Trades succesfully received on timestamp: 1643451440897
11:17:50.981 INFO  Trades succesfully received on timestamp: 1643451440897
11:17:50.981 INFO  Trades succesfully received on timestamp: 1643451440897
11:17:52.361 INFO  Trades succesfully received on timestamp: 1643451332167
11:17:53.507 INFO  Trades succesfully received on timestamp: 1643451240130
11:17:53.507 INFO  Trades succesfully received on timestamp: 1643451240130
11:17:53.801 INFO  Trades succesfully received on timestamp: 1643451473696
11:17:54.098 INFO  Trades succesfully received on timestamp: 1643451023663
11:17:54.098 INFO  Trades succesfully received on timestamp: 1643451023663
11:17:54.473 INFO  Trades succesfully received on timestamp: 1643451473696
11:17:54.698 INFO  Trades succesfully received on timestamp: 1643451474635
11:17:55.528 INFO  Trades succesfully received on timestamp: 1643451473696
11:17:55.971 INFO  Trades succesfully received on timestamp: 1643451265741
11:17:55.971 INFO  Trades succesfully received on timestamp: 1643451265741
11:17:56.018 INFO  Trades succesfully received on timestamp: 1643451332167
11:17:56.049 INFO  Trades succesfully received on timestamp: 1643451115667
11:17:57.262 INFO  Trades succesfully received on timestamp: 1643451116899
11:17:57.419 INFO  Trades succesfully received on timestamp: 1643451473696
11:17:57.419 INFO  Trades succesfully received on timestamp: 1643451473696
11:17:57.434 INFO  Trades succesfully received on timestamp: 1643451473696
11:17:57.450 INFO  Trades succesfully received on timestamp: 1643451449792
11:17:57.966 INFO  Trades succesfully received on timestamp: 1643451197668
11:17:57.966 INFO  Trades succesfully received on timestamp: 1643451197668
11:17:58.200 INFO  Trades succesfully received on timestamp: 1643451265741
11:17:58.372 INFO  Trades succesfully received on timestamp: 1643451197668
11:17:58.481 INFO  Trades succesfully received on timestamp: 1643451449792
11:17:58.497 INFO  Trades succesfully received on timestamp: 1643451449792
11:17:58.497 INFO  Trades succesfully received on timestamp: 1643451449792
11:17:58.591 INFO  Trades succesfully received on timestamp: 1643451474635
11:17:58.658 INFO  Trades succesfully received on timestamp: 1643451265741
11:17:58.658 INFO  Trades succesfully received on timestamp: 1643451265741
11:17:58.658 INFO  Trades succesfully received on timestamp: 1643451265741
11:17:58.674 INFO  Trades succesfully received on timestamp: 1643451265741
11:17:58.846 INFO  Trades succesfully received on timestamp: 1643451473696
11:17:59.940 INFO  Trades succesfully received on timestamp: 1643451449792
11:18:00.367 INFO  Trades succesfully received on timestamp: 1643451474635
11:18:00.992 INFO  Trades succesfully received on timestamp: 1643451440897
11:18:00.992 INFO  Trades succesfully received on timestamp: 1643451440897
11:18:00.992 INFO  Trades succesfully received on timestamp: 1643451440897
11:18:02.373 INFO  Trades succesfully received on timestamp: 1643451332167
11:18:03.519 INFO  Trades succesfully received on timestamp: 1643451474635
11:18:03.519 INFO  Trades succesfully received on timestamp: 1643451474635
11:18:03.816 INFO  Trades succesfully received on timestamp: 1643451473696
11:18:04.103 INFO  Trades succesfully received on timestamp: 1643451023663
11:18:04.103 INFO  Trades succesfully received on timestamp: 1643451023663
11:18:04.478 INFO  Trades succesfully received on timestamp: 1643451473696
11:18:04.712 INFO  Trades succesfully received on timestamp: 1643451474635
11:18:05.530 INFO  Trades succesfully received on timestamp: 1643451473696
11:18:05.983 INFO  Trades succesfully received on timestamp: 1643451265741
11:18:05.983 INFO  Trades succesfully received on timestamp: 1643451265741
11:18:06.030 INFO  Trades succesfully received on timestamp: 1643451332167
11:18:06.061 INFO  Trades succesfully received on timestamp: 1643451115667
11:18:07.270 INFO  Trades succesfully received on timestamp: 1643451116899
11:18:07.426 INFO  Trades succesfully received on timestamp: 1643451473696
11:18:07.426 INFO  Trades succesfully received on timestamp: 1643451473696
11:18:07.441 INFO  Trades succesfully received on timestamp: 1643451473696
11:18:07.457 INFO  Trades succesfully received on timestamp: 1643451449792
11:18:07.973 INFO  Trades succesfully received on timestamp: 1643451197668
11:18:07.973 INFO  Trades succesfully received on timestamp: 1643451197668
11:18:08.212 INFO  Trades succesfully received on timestamp: 1643451265741
11:18:08.384 INFO  Trades succesfully received on timestamp: 1643451197668
11:18:08.494 INFO  Trades succesfully received on timestamp: 1643451449792
11:18:08.509 INFO  Trades succesfully received on timestamp: 1643451449792
11:18:08.509 INFO  Trades succesfully received on timestamp: 1643451449792
11:18:08.603 INFO  Trades succesfully received on timestamp: 1643451474635
11:18:08.665 INFO  Trades succesfully received on timestamp: 1643451265741
11:18:08.665 INFO  Trades succesfully received on timestamp: 1643451265741
11:18:08.665 INFO  Trades succesfully received on timestamp: 1643451265741
11:18:08.681 INFO  Trades succesfully received on timestamp: 1643451265741
11:18:08.853 INFO  Trades succesfully received on timestamp: 1643451473696
11:18:09.953 INFO  Trades succesfully received on timestamp: 1643451449792
11:18:10.375 INFO  Trades succesfully received on timestamp: 1643451474635
11:18:11.006 INFO  Trades succesfully received on timestamp: 1643451440897
11:18:11.006 INFO  Trades succesfully received on timestamp: 1643451440897
11:18:11.006 INFO  Trades succesfully received on timestamp: 1643451440897
11:18:12.375 INFO  Trades succesfully received on timestamp: 1643451332167
11:18:13.532 INFO  Trades succesfully received on timestamp: 1643451474635
11:18:13.532 INFO  Trades succesfully received on timestamp: 1643451474635
11:18:13.828 INFO  Trades succesfully received on timestamp: 1643451473696
11:18:14.113 INFO  Trades succesfully received on timestamp: 1643451023663
11:18:14.115 INFO  Trades succesfully received on timestamp: 1643451023663
11:18:14.490 INFO  Trades succesfully received on timestamp: 1643451473696
11:18:14.725 INFO  Trades succesfully received on timestamp: 1643451474635
11:18:15.543 INFO  Trades succesfully received on timestamp: 1643451473696
11:18:15.996 INFO  Trades succesfully received on timestamp: 1643451265741
11:18:15.996 INFO  Trades succesfully received on timestamp: 1643451265741
11:18:16.043 INFO  Trades succesfully received on timestamp: 1643451332167
11:18:16.074 INFO  Trades succesfully received on timestamp: 1643451115667
11:18:17.272 INFO  Trades succesfully received on timestamp: 1643451116899
11:18:17.428 INFO  Trades succesfully received on timestamp: 1643451473696
11:18:17.428 INFO  Trades succesfully received on timestamp: 1643451473696
11:18:17.444 INFO  Trades succesfully received on timestamp: 1643451473696
11:18:17.460 INFO  Trades succesfully received on timestamp: 1643451449792
11:18:17.986 INFO  Trades succesfully received on timestamp: 1643451197668
11:18:17.986 INFO  Trades succesfully received on timestamp: 1643451197668
11:18:18.221 INFO  Trades succesfully received on timestamp: 1643451265741
11:18:18.392 INFO  Trades succesfully received on timestamp: 1643451197668
11:18:18.502 INFO  Trades succesfully received on timestamp: 1643451449792
11:18:18.518 INFO  Trades succesfully received on timestamp: 1643451449792
11:18:18.518 INFO  Trades succesfully received on timestamp: 1643451449792
11:18:18.615 INFO  Trades succesfully received on timestamp: 1643451474635
11:18:18.677 INFO  Trades succesfully received on timestamp: 1643451265741
11:18:18.677 INFO  Trades succesfully received on timestamp: 1643451265741
11:18:18.677 INFO  Trades succesfully received on timestamp: 1643451265741
11:18:18.693 INFO  Trades succesfully received on timestamp: 1643451265741
11:18:18.865 INFO  Trades succesfully received on timestamp: 1643451473696
11:18:19.966 INFO  Trades succesfully received on timestamp: 1643451449792
11:18:20.388 INFO  Trades succesfully received on timestamp: 1643451474635
11:18:21.012 INFO  Trades succesfully received on timestamp: 1643451440897
11:18:21.012 INFO  Trades succesfully received on timestamp: 1643451440897
11:18:21.012 INFO  Trades succesfully received on timestamp: 1643451440897
11:18:22.123 INFO  Trades succesfully received on timestamp: 1643451502009
11:18:22.389 INFO  Trades succesfully received on timestamp: 1643451332167
11:18:23.540 INFO  Trades succesfully received on timestamp: 1643451474635
11:18:23.540 INFO  Trades succesfully received on timestamp: 1643451474635
11:18:23.837 INFO  Trades succesfully received on timestamp: 1643451473696
11:18:24.118 INFO  Trades succesfully received on timestamp: 1643451023663
11:18:24.118 INFO  Trades succesfully received on timestamp: 1643451023663
11:18:24.494 INFO  Trades succesfully received on timestamp: 1643451473696
11:18:24.735 INFO  Trades succesfully received on timestamp: 1643451474635
11:18:25.553 INFO  Trades succesfully received on timestamp: 1643451473696
11:18:26.011 INFO  Trades succesfully received on timestamp: 1643451265741
11:18:26.011 INFO  Trades succesfully received on timestamp: 1643451265741
11:18:26.058 INFO  Trades succesfully received on timestamp: 1643451332167
11:18:26.089 INFO  Trades succesfully received on timestamp: 1643451115667
11:18:27.287 INFO  Trades succesfully received on timestamp: 1643451116899
11:18:27.350 INFO  Trades succesfully received on timestamp: 1643451507272
11:18:27.444 INFO  Trades succesfully received on timestamp: 1643451507272
11:18:27.444 INFO  Trades succesfully received on timestamp: 1643451507272
11:18:27.459 INFO  Trades succesfully received on timestamp: 1643451507272
11:18:27.475 INFO  Trades succesfully received on timestamp: 1643451502009
11:18:27.991 INFO  Trades succesfully received on timestamp: 1643451197668
11:18:27.991 INFO  Trades succesfully received on timestamp: 1643451197668
11:18:28.225 INFO  Trades succesfully received on timestamp: 1643451265741
11:18:28.397 INFO  Trades succesfully received on timestamp: 1643451197668
11:18:28.506 INFO  Trades succesfully received on timestamp: 1643451502009
11:18:28.522 INFO  Trades succesfully received on timestamp: 1643451502009
11:18:28.522 INFO  Trades succesfully received on timestamp: 1643451502009
11:18:28.621 INFO  Trades succesfully received on timestamp: 1643451474635
11:18:28.683 INFO  Trades succesfully received on timestamp: 1643451265741
11:18:28.683 INFO  Trades succesfully received on timestamp: 1643451265741
11:18:28.683 INFO  Trades succesfully received on timestamp: 1643451265741
11:18:28.699 INFO  Trades succesfully received on timestamp: 1643451265741
11:18:28.871 INFO  Trades succesfully received on timestamp: 1643451507272
11:18:29.986 INFO  Trades succesfully received on timestamp: 1643451502009
11:18:30.392 INFO  Trades succesfully received on timestamp: 1643451474635
11:18:31.017 INFO  Trades succesfully received on timestamp: 1643451440897
11:18:31.017 INFO  Trades succesfully received on timestamp: 1643451440897
11:18:31.017 INFO  Trades succesfully received on timestamp: 1643451440897
11:18:32.137 INFO  Trades succesfully received on timestamp: 1643451502009
11:18:32.402 INFO  Trades succesfully received on timestamp: 1643451332167
11:18:32.752 INFO  Trades succesfully received on timestamp: 1643451512688
11:18:33.398 INFO  Trades succesfully received on timestamp: 1643451513286
11:18:33.555 INFO  Trades succesfully received on timestamp: 1643451513286
11:18:33.555 INFO  Trades succesfully received on timestamp: 1643451513286
11:18:33.851 INFO  Trades succesfully received on timestamp: 1643451507272
11:18:34.122 INFO  Trades succesfully received on timestamp: 1643451023663
11:18:34.122 INFO  Trades succesfully received on timestamp: 1643451023663
11:18:34.497 INFO  Trades succesfully received on timestamp: 1643451507272
11:18:34.747 INFO  Trades succesfully received on timestamp: 1643451513286
11:18:35.563 INFO  Trades succesfully received on timestamp: 1643451507272
11:18:36.016 INFO  Trades succesfully received on timestamp: 1643451265741
11:18:36.016 INFO  Trades succesfully received on timestamp: 1643451265741
11:18:36.063 INFO  Trades succesfully received on timestamp: 1643451332167
11:18:36.094 INFO  Trades succesfully received on timestamp: 1643451115667
11:18:37.302 INFO  Trades succesfully received on timestamp: 1643451116899
11:18:37.365 INFO  Trades succesfully received on timestamp: 1643451507272
11:18:37.459 INFO  Trades succesfully received on timestamp: 1643451507272
11:18:37.459 INFO  Trades succesfully received on timestamp: 1643451507272
11:18:37.474 INFO  Trades succesfully received on timestamp: 1643451507272
11:18:37.490 INFO  Trades succesfully received on timestamp: 1643451502009
11:18:37.996 INFO  Trades succesfully received on timestamp: 1643451197668
11:18:37.996 INFO  Trades succesfully received on timestamp: 1643451197668
11:18:38.231 INFO  Trades succesfully received on timestamp: 1643451265741
11:18:38.402 INFO  Trades succesfully received on timestamp: 1643451197668
11:18:38.519 INFO  Trades succesfully received on timestamp: 1643451502009
11:18:38.534 INFO  Trades succesfully received on timestamp: 1643451502009
11:18:38.534 INFO  Trades succesfully received on timestamp: 1643451502009
11:18:38.628 INFO  Trades succesfully received on timestamp: 1643451513286
11:18:38.691 INFO  Trades succesfully received on timestamp: 1643451265741
11:18:38.691 INFO  Trades succesfully received on timestamp: 1643451265741
11:18:38.691 INFO  Trades succesfully received on timestamp: 1643451265741
11:18:38.706 INFO  Trades succesfully received on timestamp: 1643451265741
11:18:38.884 INFO  Trades succesfully received on timestamp: 1643451507272
11:18:40.000 INFO  Trades succesfully received on timestamp: 1643451502009
11:18:40.398 INFO  Trades succesfully received on timestamp: 1643451513286
11:18:41.029 INFO  Trades succesfully received on timestamp: 1643451512688
11:18:41.029 INFO  Trades succesfully received on timestamp: 1643451512688
11:18:41.029 INFO  Trades succesfully received on timestamp: 1643451512688
11:18:42.143 INFO  Trades succesfully received on timestamp: 1643451502009
11:18:42.414 INFO  Trades succesfully received on timestamp: 1643451332167
11:18:42.758 INFO  Trades succesfully received on timestamp: 1643451512688
11:18:43.404 INFO  Trades succesfully received on timestamp: 1643451513286
11:18:43.566 INFO  Trades succesfully received on timestamp: 1643451513286
11:18:43.566 INFO  Trades succesfully received on timestamp: 1643451513286
11:18:43.863 INFO  Trades succesfully received on timestamp: 1643451507272
11:18:44.122 INFO  Trades succesfully received on timestamp: 1643451023663
11:18:44.122 INFO  Trades succesfully received on timestamp: 1643451023663
11:18:44.497 INFO  Trades succesfully received on timestamp: 1643451507272
11:18:44.747 INFO  Trades succesfully received on timestamp: 1643451513286
11:18:45.576 INFO  Trades succesfully received on timestamp: 1643451507272
11:18:46.019 INFO  Trades succesfully received on timestamp: 1643451265741
11:18:46.019 INFO  Trades succesfully received on timestamp: 1643451265741
11:18:46.066 INFO  Trades succesfully received on timestamp: 1643451332167
11:18:46.097 INFO  Trades succesfully received on timestamp: 1643451115667
11:18:47.311 INFO  Trades succesfully received on timestamp: 1643451116899
11:18:47.374 INFO  Trades succesfully received on timestamp: 1643451507272
11:18:47.467 INFO  Trades succesfully received on timestamp: 1643451507272
11:18:47.467 INFO  Trades succesfully received on timestamp: 1643451507272
11:18:47.483 INFO  Trades succesfully received on timestamp: 1643451507272
11:18:47.498 INFO  Trades succesfully received on timestamp: 1643451502009
11:18:48.004 INFO  Trades succesfully received on timestamp: 1643451197668
11:18:48.004 INFO  Trades succesfully received on timestamp: 1643451197668
11:18:48.238 INFO  Trades succesfully received on timestamp: 1643451265741
11:18:48.410 INFO  Trades succesfully received on timestamp: 1643451197668
11:18:48.520 INFO  Trades succesfully received on timestamp: 1643451502009
11:18:48.535 INFO  Trades succesfully received on timestamp: 1643451502009
11:18:48.535 INFO  Trades succesfully received on timestamp: 1643451502009
11:18:48.629 INFO  Trades succesfully received on timestamp: 1643451513286
11:18:48.691 INFO  Trades succesfully received on timestamp: 1643451265741
11:18:48.691 INFO  Trades succesfully received on timestamp: 1643451265741
11:18:48.707 INFO  Trades succesfully received on timestamp: 1643451265741
11:18:48.707 INFO  Trades succesfully received on timestamp: 1643451265741
11:18:48.894 INFO  Trades succesfully received on timestamp: 1643451507272
11:18:50.015 INFO  Trades succesfully received on timestamp: 1643451502009
11:18:50.406 INFO  Trades succesfully received on timestamp: 1643451513286
11:18:51.036 INFO  Trades succesfully received on timestamp: 1643451512688
11:18:51.036 INFO  Trades succesfully received on timestamp: 1643451512688
11:18:51.036 INFO  Trades succesfully received on timestamp: 1643451512688
11:18:52.157 INFO  Trades succesfully received on timestamp: 1643451502009
11:18:52.422 INFO  Trades succesfully received on timestamp: 1643451332167
11:18:52.766 INFO  Trades succesfully received on timestamp: 1643451512688
11:18:53.412 INFO  Trades succesfully received on timestamp: 1643451513286
11:18:53.568 INFO  Trades succesfully received on timestamp: 1643451513286
11:18:53.568 INFO  Trades succesfully received on timestamp: 1643451513286
11:18:53.865 INFO  Trades succesfully received on timestamp: 1643451507272
11:18:54.131 INFO  Trades succesfully received on timestamp: 1643451023663
11:18:54.131 INFO  Trades succesfully received on timestamp: 1643451023663
11:18:54.511 INFO  Trades succesfully received on timestamp: 1643451507272
11:18:54.762 INFO  Trades succesfully received on timestamp: 1643451513286
11:18:55.591 INFO  Trades succesfully received on timestamp: 1643451507272
11:18:56.033 INFO  Trades succesfully received on timestamp: 1643451265741
11:18:56.033 INFO  Trades succesfully received on timestamp: 1643451265741
11:18:56.080 INFO  Trades succesfully received on timestamp: 1643451332167
11:18:56.112 INFO  Trades succesfully received on timestamp: 1643451115667
11:18:57.322 INFO  Trades succesfully received on timestamp: 1643451116899
11:18:57.385 INFO  Trades succesfully received on timestamp: 1643451507272
11:18:57.479 INFO  Trades succesfully received on timestamp: 1643451507272
11:18:57.479 INFO  Trades succesfully received on timestamp: 1643451507272
11:18:57.494 INFO  Trades succesfully received on timestamp: 1643451507272
11:18:57.510 INFO  Trades succesfully received on timestamp: 1643451502009
11:18:58.008 INFO  Trades succesfully received on timestamp: 1643451197668
11:18:58.008 INFO  Trades succesfully received on timestamp: 1643451197668
11:18:58.242 INFO  Trades succesfully received on timestamp: 1643451265741
11:18:58.414 INFO  Trades succesfully received on timestamp: 1643451197668
11:18:58.523 INFO  Trades succesfully received on timestamp: 1643451502009
11:18:58.539 INFO  Trades succesfully received on timestamp: 1643451502009
11:18:58.539 INFO  Trades succesfully received on timestamp: 1643451502009
11:18:58.638 INFO  Trades succesfully received on timestamp: 1643451513286
11:18:58.701 INFO  Trades succesfully received on timestamp: 1643451265741
11:18:58.701 INFO  Trades succesfully received on timestamp: 1643451265741
11:18:58.716 INFO  Trades succesfully received on timestamp: 1643451265741
11:18:58.716 INFO  Trades succesfully received on timestamp: 1643451265741
11:18:58.904 INFO  Trades succesfully received on timestamp: 1643451507272
11:19:00.021 INFO  Trades succesfully received on timestamp: 1643451502009
11:19:00.411 INFO  Trades succesfully received on timestamp: 1643451513286
11:19:01.048 INFO  Trades succesfully received on timestamp: 1643451512688
11:19:01.048 INFO  Trades succesfully received on timestamp: 1643451512688
11:19:01.048 INFO  Trades succesfully received on timestamp: 1643451512688
11:19:02.163 INFO  Trades succesfully received on timestamp: 1643451502009
11:19:02.429 INFO  Trades succesfully received on timestamp: 1643451332167
11:19:02.778 INFO  Trades succesfully received on timestamp: 1643451512688
11:19:03.418 INFO  Trades succesfully received on timestamp: 1643451513286
11:19:03.575 INFO  Trades succesfully received on timestamp: 1643451513286
11:19:03.575 INFO  Trades succesfully received on timestamp: 1643451513286
11:19:03.871 INFO  Trades succesfully received on timestamp: 1643451507272
11:19:04.142 INFO  Trades succesfully received on timestamp: 1643451023663
11:19:04.142 INFO  Trades succesfully received on timestamp: 1643451023663
11:19:04.517 INFO  Trades succesfully received on timestamp: 1643451507272
11:19:04.767 INFO  Trades succesfully received on timestamp: 1643451513286
11:19:05.592 INFO  Trades succesfully received on timestamp: 1643451507272
11:19:06.045 INFO  Trades succesfully received on timestamp: 1643451265741
11:19:06.045 INFO  Trades succesfully received on timestamp: 1643451265741
11:19:06.092 INFO  Trades succesfully received on timestamp: 1643451332167
11:19:06.123 INFO  Trades succesfully received on timestamp: 1643451115667
11:19:07.332 INFO  Trades succesfully received on timestamp: 1643451116899
11:19:07.394 INFO  Trades succesfully received on timestamp: 1643451507272
11:19:07.488 INFO  Trades succesfully received on timestamp: 1643451507272
11:19:07.488 INFO  Trades succesfully received on timestamp: 1643451507272
11:19:07.504 INFO  Trades succesfully received on timestamp: 1643451507272
11:19:07.519 INFO  Trades succesfully received on timestamp: 1643451502009
11:19:08.020 INFO  Trades succesfully received on timestamp: 1643451197668
11:19:08.020 INFO  Trades succesfully received on timestamp: 1643451197668
11:19:08.243 INFO  Trades succesfully received on timestamp: 1643451265741
11:19:08.415 INFO  Trades succesfully received on timestamp: 1643451197668
11:19:08.524 INFO  Trades succesfully received on timestamp: 1643451502009
11:19:08.540 INFO  Trades succesfully received on timestamp: 1643451502009
11:19:08.540 INFO  Trades succesfully received on timestamp: 1643451502009
11:19:08.650 INFO  Trades succesfully received on timestamp: 1643451513286
11:19:08.712 INFO  Trades succesfully received on timestamp: 1643451265741
11:19:08.712 INFO  Trades succesfully received on timestamp: 1643451265741
11:19:08.728 INFO  Trades succesfully received on timestamp: 1643451265741
11:19:08.728 INFO  Trades succesfully received on timestamp: 1643451265741
11:19:08.915 INFO  Trades succesfully received on timestamp: 1643451507272
11:19:10.022 INFO  Trades succesfully received on timestamp: 1643451502009
11:19:10.412 INFO  Trades succesfully received on timestamp: 1643451513286
11:19:11.058 INFO  Trades succesfully received on timestamp: 1643451512688
11:19:11.058 INFO  Trades succesfully received on timestamp: 1643451512688
11:19:11.058 INFO  Trades succesfully received on timestamp: 1643451512688
11:19:12.174 INFO  Trades succesfully received on timestamp: 1643451502009
11:19:12.439 INFO  Trades succesfully received on timestamp: 1643451332167
11:19:12.783 INFO  Trades succesfully received on timestamp: 1643451512688
11:19:13.424 INFO  Trades succesfully received on timestamp: 1643451513286
11:19:13.580 INFO  Trades succesfully received on timestamp: 1643451513286
11:19:13.580 INFO  Trades succesfully received on timestamp: 1643451513286
11:19:13.882 INFO  Trades succesfully received on timestamp: 1643451507272
11:19:14.147 INFO  Trades succesfully received on timestamp: 1643451023663
11:19:14.147 INFO  Trades succesfully received on timestamp: 1643451023663
11:19:14.522 INFO  Trades succesfully received on timestamp: 1643451507272
11:19:14.773 INFO  Trades succesfully received on timestamp: 1643451513286
11:19:15.606 INFO  Trades succesfully received on timestamp: 1643451507272
11:19:16.059 INFO  Trades succesfully received on timestamp: 1643451265741
11:19:16.059 INFO  Trades succesfully received on timestamp: 1643451265741
11:19:16.106 INFO  Trades succesfully received on timestamp: 1643451332167
11:19:16.137 INFO  Trades succesfully received on timestamp: 1643451115667
11:19:17.335 INFO  Trades succesfully received on timestamp: 1643451116899
11:19:17.398 INFO  Trades succesfully received on timestamp: 1643451507272
11:19:17.492 INFO  Trades succesfully received on timestamp: 1643451507272
11:19:17.492 INFO  Trades succesfully received on timestamp: 1643451507272
11:19:17.507 INFO  Trades succesfully received on timestamp: 1643451507272
11:19:17.523 INFO  Trades succesfully received on timestamp: 1643451502009
11:19:18.029 INFO  Trades succesfully received on timestamp: 1643451197668
11:19:18.029 INFO  Trades succesfully received on timestamp: 1643451197668
11:19:18.254 INFO  Trades succesfully received on timestamp: 1643451265741
11:19:18.425 INFO  Trades succesfully received on timestamp: 1643451197668
11:19:18.535 INFO  Trades succesfully received on timestamp: 1643451502009
11:19:18.550 INFO  Trades succesfully received on timestamp: 1643451502009
11:19:18.550 INFO  Trades succesfully received on timestamp: 1643451502009
11:19:18.660 INFO  Trades succesfully received on timestamp: 1643451513286
11:19:18.722 INFO  Trades succesfully received on timestamp: 1643451265741
11:19:18.722 INFO  Trades succesfully received on timestamp: 1643451265741
11:19:18.738 INFO  Trades succesfully received on timestamp: 1643451265741
11:19:18.738 INFO  Trades succesfully received on timestamp: 1643451265741
11:19:18.925 INFO  Trades succesfully received on timestamp: 1643451507272
11:19:19.344 INFO  Trades succesfully received on timestamp: 1643451559271
11:19:20.032 INFO  Trades succesfully received on timestamp: 1643451502009
11:19:20.427 INFO  Trades succesfully received on timestamp: 1643451513286
11:19:21.068 INFO  Trades succesfully received on timestamp: 1643451512688
11:19:21.068 INFO  Trades succesfully received on timestamp: 1643451512688
11:19:21.068 INFO  Trades succesfully received on timestamp: 1643451512688
11:19:22.177 INFO  Trades succesfully received on timestamp: 1643451502009
11:19:22.442 INFO  Trades succesfully received on timestamp: 1643451559271
11:19:22.786 INFO  Trades succesfully received on timestamp: 1643451512688
11:19:23.443 INFO  Trades succesfully received on timestamp: 1643451513286
11:19:23.583 INFO  Trades succesfully received on timestamp: 1643451513286
11:19:23.583 INFO  Trades succesfully received on timestamp: 1643451513286
11:19:23.896 INFO  Trades succesfully received on timestamp: 1643451507272
11:19:24.151 INFO  Trades succesfully received on timestamp: 1643451023663
11:19:24.151 INFO  Trades succesfully received on timestamp: 1643451023663
11:19:24.531 INFO  Trades succesfully received on timestamp: 1643451507272
11:19:24.783 INFO  Trades succesfully received on timestamp: 1643451513286
11:19:25.611 INFO  Trades succesfully received on timestamp: 1643451507272
11:19:26.069 INFO  Trades succesfully received on timestamp: 1643451265741
11:19:26.069 INFO  Trades succesfully received on timestamp: 1643451265741
11:19:26.116 INFO  Trades succesfully received on timestamp: 1643451559271
11:19:26.148 INFO  Trades succesfully received on timestamp: 1643451115667
11:19:27.341 INFO  Trades succesfully received on timestamp: 1643451116899
11:19:27.403 INFO  Trades succesfully received on timestamp: 1643451507272
11:19:27.497 INFO  Trades succesfully received on timestamp: 1643451507272
11:19:27.497 INFO  Trades succesfully received on timestamp: 1643451507272
11:19:27.513 INFO  Trades succesfully received on timestamp: 1643451507272
11:19:27.528 INFO  Trades succesfully received on timestamp: 1643451502009
11:19:28.044 INFO  Trades succesfully received on timestamp: 1643451197668
11:19:28.044 INFO  Trades succesfully received on timestamp: 1643451197668
11:19:28.263 INFO  Trades succesfully received on timestamp: 1643451265741
11:19:28.435 INFO  Trades succesfully received on timestamp: 1643451197668
11:19:28.544 INFO  Trades succesfully received on timestamp: 1643451502009
11:19:28.560 INFO  Trades succesfully received on timestamp: 1643451502009
11:19:28.560 INFO  Trades succesfully received on timestamp: 1643451502009
11:19:28.674 INFO  Trades succesfully received on timestamp: 1643451513286
11:19:28.737 INFO  Trades succesfully received on timestamp: 1643451265741
11:19:28.737 INFO  Trades succesfully received on timestamp: 1643451265741
11:19:28.753 INFO  Trades succesfully received on timestamp: 1643451265741
11:19:28.753 INFO  Trades succesfully received on timestamp: 1643451265741
11:19:28.940 INFO  Trades succesfully received on timestamp: 1643451507272
11:19:29.346 INFO  Trades succesfully received on timestamp: 1643451559271
11:19:30.044 INFO  Trades succesfully received on timestamp: 1643451502009
11:19:30.435 INFO  Trades succesfully received on timestamp: 1643451513286
11:19:31.076 INFO  Trades succesfully received on timestamp: 1643451512688
11:19:31.076 INFO  Trades succesfully received on timestamp: 1643451512688
11:19:31.076 INFO  Trades succesfully received on timestamp: 1643451512688
11:19:32.180 INFO  Trades succesfully received on timestamp: 1643451502009
11:19:32.446 INFO  Trades succesfully received on timestamp: 1643451559271
11:19:32.795 INFO  Trades succesfully received on timestamp: 1643451512688
11:19:33.451 INFO  Trades succesfully received on timestamp: 1643451513286
11:19:33.592 INFO  Trades succesfully received on timestamp: 1643451513286
11:19:33.592 INFO  Trades succesfully received on timestamp: 1643451513286
11:19:33.903 INFO  Trades succesfully received on timestamp: 1643451507272
11:19:34.153 INFO  Trades succesfully received on timestamp: 1643451023663
11:19:34.153 INFO  Trades succesfully received on timestamp: 1643451023663
11:19:34.543 INFO  Trades succesfully received on timestamp: 1643451507272
11:19:34.793 INFO  Trades succesfully received on timestamp: 1643451513286
11:19:35.624 INFO  Trades succesfully received on timestamp: 1643451507272
11:19:36.077 INFO  Trades succesfully received on timestamp: 1643451265741
11:19:36.077 INFO  Trades succesfully received on timestamp: 1643451265741
11:19:36.124 INFO  Trades succesfully received on timestamp: 1643451559271
11:19:36.155 INFO  Trades succesfully received on timestamp: 1643451115667
11:19:37.353 INFO  Trades succesfully received on timestamp: 1643451116899
11:19:37.416 INFO  Trades succesfully received on timestamp: 1643451507272
11:19:37.510 INFO  Trades succesfully received on timestamp: 1643451507272
11:19:37.510 INFO  Trades succesfully received on timestamp: 1643451507272
11:19:37.525 INFO  Trades succesfully received on timestamp: 1643451507272
11:19:37.541 INFO  Trades succesfully received on timestamp: 1643451502009
11:19:38.045 INFO  Trades succesfully received on timestamp: 1643451197668
11:19:38.045 INFO  Trades succesfully received on timestamp: 1643451197668
11:19:38.264 INFO  Trades succesfully received on timestamp: 1643451265741
11:19:38.436 INFO  Trades succesfully received on timestamp: 1643451197668
11:19:38.556 INFO  Trades succesfully received on timestamp: 1643451502009
11:19:38.571 INFO  Trades succesfully received on timestamp: 1643451502009
11:19:38.571 INFO  Trades succesfully received on timestamp: 1643451502009
11:19:38.681 INFO  Trades succesfully received on timestamp: 1643451513286
11:19:38.743 INFO  Trades succesfully received on timestamp: 1643451265741
11:19:38.743 INFO  Trades succesfully received on timestamp: 1643451265741
11:19:38.759 INFO  Trades succesfully received on timestamp: 1643451265741
11:19:38.759 INFO  Trades succesfully received on timestamp: 1643451265741
11:19:38.947 INFO  Trades succesfully received on timestamp: 1643451507272
11:19:39.353 INFO  Trades succesfully received on timestamp: 1643451559271
11:19:40.053 INFO  Trades succesfully received on timestamp: 1643451502009
11:19:40.444 INFO  Trades succesfully received on timestamp: 1643451513286
11:19:41.090 INFO  Trades succesfully received on timestamp: 1643451512688
11:19:41.090 INFO  Trades succesfully received on timestamp: 1643451512688
11:19:41.090 INFO  Trades succesfully received on timestamp: 1643451512688
11:19:42.189 INFO  Trades succesfully received on timestamp: 1643451502009
11:19:42.454 INFO  Trades succesfully received on timestamp: 1643451559271
11:19:42.798 INFO  Trades succesfully received on timestamp: 1643451512688
11:19:43.454 INFO  Trades succesfully received on timestamp: 1643451513286
11:19:43.600 INFO  Trades succesfully received on timestamp: 1643451513286
11:19:43.600 INFO  Trades succesfully received on timestamp: 1643451513286
11:19:43.912 INFO  Trades succesfully received on timestamp: 1643451507272
11:19:44.153 INFO  Trades succesfully received on timestamp: 1643451023663
11:19:44.168 INFO  Trades succesfully received on timestamp: 1643451023663
11:19:44.543 INFO  Trades succesfully received on timestamp: 1643451507272
11:19:44.807 INFO  Trades succesfully received on timestamp: 1643451513286
11:19:45.589 INFO  Trades succesfully received on timestamp: 1643451585527
11:19:45.636 INFO  Trades succesfully received on timestamp: 1643451507272
11:19:46.089 INFO  Trades succesfully received on timestamp: 1643451265741
11:19:46.089 INFO  Trades succesfully received on timestamp: 1643451265741
11:19:46.136 INFO  Trades succesfully received on timestamp: 1643451559271
11:19:46.167 INFO  Trades succesfully received on timestamp: 1643451115667
11:19:47.365 INFO  Trades succesfully received on timestamp: 1643451116899
11:19:47.427 INFO  Trades succesfully received on timestamp: 1643451507272
11:19:47.521 INFO  Trades succesfully received on timestamp: 1643451507272
11:19:47.521 INFO  Trades succesfully received on timestamp: 1643451507272
11:19:47.537 INFO  Trades succesfully received on timestamp: 1643451507272
11:19:47.553 INFO  Trades succesfully received on timestamp: 1643451502009
11:19:48.058 INFO  Trades succesfully received on timestamp: 1643451197668
11:19:48.058 INFO  Trades succesfully received on timestamp: 1643451197668
11:19:48.276 INFO  Trades succesfully received on timestamp: 1643451265741
11:19:48.448 INFO  Trades succesfully received on timestamp: 1643451197668
11:19:48.558 INFO  Trades succesfully received on timestamp: 1643451502009
11:19:48.573 INFO  Trades succesfully received on timestamp: 1643451502009
11:19:48.573 INFO  Trades succesfully received on timestamp: 1643451502009
11:19:48.686 INFO  Trades succesfully received on timestamp: 1643451513286
11:19:48.749 INFO  Trades succesfully received on timestamp: 1643451265741
11:19:48.749 INFO  Trades succesfully received on timestamp: 1643451265741
11:19:48.764 INFO  Trades succesfully received on timestamp: 1643451265741
11:19:48.764 INFO  Trades succesfully received on timestamp: 1643451265741
11:19:48.952 INFO  Trades succesfully received on timestamp: 1643451507272
11:19:49.363 INFO  Trades succesfully received on timestamp: 1643451559271
11:19:50.066 INFO  Trades succesfully received on timestamp: 1643451502009
11:19:50.446 INFO  Trades succesfully received on timestamp: 1643451513286
11:19:51.102 INFO  Trades succesfully received on timestamp: 1643451512688
11:19:51.102 INFO  Trades succesfully received on timestamp: 1643451512688
11:19:51.102 INFO  Trades succesfully received on timestamp: 1643451512688
11:19:52.191 INFO  Trades succesfully received on timestamp: 1643451502009
11:19:52.457 INFO  Trades succesfully received on timestamp: 1643451559271
11:19:52.800 INFO  Trades succesfully received on timestamp: 1643451512688
11:19:53.462 INFO  Trades succesfully received on timestamp: 1643451513286
11:19:53.602 INFO  Trades succesfully received on timestamp: 1643451513286
11:19:53.602 INFO  Trades succesfully received on timestamp: 1643451513286
11:19:53.915 INFO  Trades succesfully received on timestamp: 1643451507272
11:19:54.165 INFO  Trades succesfully received on timestamp: 1643451023663
11:19:54.180 INFO  Trades succesfully received on timestamp: 1643451023663
11:19:54.544 INFO  Trades succesfully received on timestamp: 1643451507272
11:19:54.812 INFO  Trades succesfully received on timestamp: 1643451513286
11:19:55.605 INFO  Trades succesfully received on timestamp: 1643451585527
11:19:55.636 INFO  Trades succesfully received on timestamp: 1643451507272
11:19:56.094 INFO  Trades succesfully received on timestamp: 1643451265741
11:19:56.094 INFO  Trades succesfully received on timestamp: 1643451265741
11:19:56.141 INFO  Trades succesfully received on timestamp: 1643451559271
11:19:56.172 INFO  Trades succesfully received on timestamp: 1643451115667
11:19:57.365 INFO  Trades succesfully received on timestamp: 1643451116899
11:19:57.428 INFO  Trades succesfully received on timestamp: 1643451507272
11:19:57.522 INFO  Trades succesfully received on timestamp: 1643451507272
11:19:57.522 INFO  Trades succesfully received on timestamp: 1643451507272
11:19:57.537 INFO  Trades succesfully received on timestamp: 1643451507272
11:19:57.553 INFO  Trades succesfully received on timestamp: 1643451502009
11:19:58.068 INFO  Trades succesfully received on timestamp: 1643451197668
11:19:58.068 INFO  Trades succesfully received on timestamp: 1643451197668
11:19:58.287 INFO  Trades succesfully received on timestamp: 1643451265741
11:19:58.459 INFO  Trades succesfully received on timestamp: 1643451197668
11:19:58.568 INFO  Trades succesfully received on timestamp: 1643451502009
11:19:58.589 INFO  Trades succesfully received on timestamp: 1643451502009
11:19:58.589 INFO  Trades succesfully received on timestamp: 1643451502009
11:19:58.699 INFO  Trades succesfully received on timestamp: 1643451513286
11:19:58.761 INFO  Trades succesfully received on timestamp: 1643451265741
11:19:58.761 INFO  Trades succesfully received on timestamp: 1643451265741
11:19:58.777 INFO  Trades succesfully received on timestamp: 1643451265741
11:19:58.777 INFO  Trades succesfully received on timestamp: 1643451265741
11:19:58.955 INFO  Trades succesfully received on timestamp: 1643451507272
11:19:59.377 INFO  Trades succesfully received on timestamp: 1643451559271
11:20:00.075 INFO  Trades succesfully received on timestamp: 1643451502009
11:20:00.450 INFO  Trades succesfully received on timestamp: 1643451513286
11:20:01.106 INFO  Trades succesfully received on timestamp: 1643451512688
11:20:01.106 INFO  Trades succesfully received on timestamp: 1643451512688
11:20:01.106 INFO  Trades succesfully received on timestamp: 1643451512688
11:20:02.210 INFO  Trades succesfully received on timestamp: 1643451502009
11:20:02.460 INFO  Trades succesfully received on timestamp: 1643451559271
11:20:02.809 INFO  Trades succesfully received on timestamp: 1643451512688
11:20:03.466 INFO  Trades succesfully received on timestamp: 1643451513286
11:20:03.606 INFO  Trades succesfully received on timestamp: 1643451513286
11:20:03.606 INFO  Trades succesfully received on timestamp: 1643451513286
11:20:03.919 INFO  Trades succesfully received on timestamp: 1643451507272
11:20:04.174 INFO  Trades succesfully received on timestamp: 1643451023663
11:20:04.189 INFO  Trades succesfully received on timestamp: 1643451023663
11:20:04.549 INFO  Trades succesfully received on timestamp: 1643451507272
11:20:04.815 INFO  Trades succesfully received on timestamp: 1643451513286
11:20:05.606 INFO  Trades succesfully received on timestamp: 1643451585527
11:20:05.637 INFO  Trades succesfully received on timestamp: 1643451507272
11:20:06.106 INFO  Trades succesfully received on timestamp: 1643451265741
11:20:06.106 INFO  Trades succesfully received on timestamp: 1643451265741
11:20:06.153 INFO  Trades succesfully received on timestamp: 1643451559271
11:20:06.184 INFO  Trades succesfully received on timestamp: 1643451115667
11:20:07.366 INFO  Trades succesfully received on timestamp: 1643451116899
11:20:07.428 INFO  Trades succesfully received on timestamp: 1643451507272
11:20:07.522 INFO  Trades succesfully received on timestamp: 1643451507272
11:20:07.522 INFO  Trades succesfully received on timestamp: 1643451507272
11:20:07.538 INFO  Trades succesfully received on timestamp: 1643451507272
11:20:07.553 INFO  Trades succesfully received on timestamp: 1643451502009
11:20:08.069 INFO  Trades succesfully received on timestamp: 1643451197668
11:20:08.069 INFO  Trades succesfully received on timestamp: 1643451197668
11:20:08.293 INFO  Trades succesfully received on timestamp: 1643451265741
11:20:08.465 INFO  Trades succesfully received on timestamp: 1643451197668
11:20:08.573 INFO  Trades succesfully received on timestamp: 1643451502009
11:20:08.605 INFO  Trades succesfully received on timestamp: 1643451502009
11:20:08.605 INFO  Trades succesfully received on timestamp: 1643451502009
11:20:08.714 INFO  Trades succesfully received on timestamp: 1643451513286
11:20:08.776 INFO  Trades succesfully received on timestamp: 1643451265741
11:20:08.776 INFO  Trades succesfully received on timestamp: 1643451265741
11:20:08.792 INFO  Trades succesfully received on timestamp: 1643451265741
11:20:08.792 INFO  Trades succesfully received on timestamp: 1643451265741
11:20:08.964 INFO  Trades succesfully received on timestamp: 1643451507272
11:20:09.386 INFO  Trades succesfully received on timestamp: 1643451559271
11:20:10.079 INFO  Trades succesfully received on timestamp: 1643451502009
11:20:10.454 INFO  Trades succesfully received on timestamp: 1643451513286
11:20:11.113 INFO  Trades succesfully received on timestamp: 1643451512688
11:20:11.113 INFO  Trades succesfully received on timestamp: 1643451512688
11:20:11.113 INFO  Trades succesfully received on timestamp: 1643451512688
11:20:12.212 INFO  Trades succesfully received on timestamp: 1643451502009
11:20:12.462 INFO  Trades succesfully received on timestamp: 1643451559271
11:20:12.821 INFO  Trades succesfully received on timestamp: 1643451512688
11:20:13.477 INFO  Trades succesfully received on timestamp: 1643451513286
11:20:13.618 INFO  Trades succesfully received on timestamp: 1643451513286
11:20:13.618 INFO  Trades succesfully received on timestamp: 1643451513286
11:20:13.930 INFO  Trades succesfully received on timestamp: 1643451507272
11:20:14.187 INFO  Trades succesfully received on timestamp: 1643451023663
11:20:14.202 INFO  Trades succesfully received on timestamp: 1643451023663
11:20:14.562 INFO  Trades succesfully received on timestamp: 1643451507272
11:20:14.816 INFO  Trades succesfully received on timestamp: 1643451513286
11:20:15.614 INFO  Trades succesfully received on timestamp: 1643451585527
11:20:15.645 INFO  Trades succesfully received on timestamp: 1643451507272
11:20:16.113 INFO  Trades succesfully received on timestamp: 1643451265741
11:20:16.113 INFO  Trades succesfully received on timestamp: 1643451265741
11:20:16.160 INFO  Trades succesfully received on timestamp: 1643451559271
11:20:16.192 INFO  Trades succesfully received on timestamp: 1643451115667
11:20:17.374 INFO  Trades succesfully received on timestamp: 1643451116899
11:20:17.437 INFO  Trades succesfully received on timestamp: 1643451507272
11:20:17.530 INFO  Trades succesfully received on timestamp: 1643451507272
11:20:17.530 INFO  Trades succesfully received on timestamp: 1643451507272
11:20:17.546 INFO  Trades succesfully received on timestamp: 1643451507272
11:20:17.561 INFO  Trades succesfully received on timestamp: 1643451502009
11:20:18.083 INFO  Trades succesfully received on timestamp: 1643451197668
11:20:18.083 INFO  Trades succesfully received on timestamp: 1643451197668
11:20:18.301 INFO  Trades succesfully received on timestamp: 1643451265741
11:20:18.473 INFO  Trades succesfully received on timestamp: 1643451197668
11:20:18.583 INFO  Trades succesfully received on timestamp: 1643451502009
11:20:18.614 INFO  Trades succesfully received on timestamp: 1643451502009
11:20:18.614 INFO  Trades succesfully received on timestamp: 1643451502009
11:20:18.723 INFO  Trades succesfully received on timestamp: 1643451513286
11:20:18.792 INFO  Trades succesfully received on timestamp: 1643451265741
11:20:18.792 INFO  Trades succesfully received on timestamp: 1643451265741
11:20:18.792 INFO  Trades succesfully received on timestamp: 1643451265741
11:20:18.792 INFO  Trades succesfully received on timestamp: 1643451265741
11:20:18.980 INFO  Trades succesfully received on timestamp: 1643451507272
11:20:19.401 INFO  Trades succesfully received on timestamp: 1643451559271
11:20:20.089 INFO  Trades succesfully received on timestamp: 1643451502009
11:20:20.469 INFO  Trades succesfully received on timestamp: 1643451513286
11:20:21.119 INFO  Trades succesfully received on timestamp: 1643451512688
11:20:21.119 INFO  Trades succesfully received on timestamp: 1643451512688
11:20:21.119 INFO  Trades succesfully received on timestamp: 1643451512688
11:20:22.219 INFO  Trades succesfully received on timestamp: 1643451502009
11:20:22.474 INFO  Trades succesfully received on timestamp: 1643451559271
11:20:22.834 INFO  Trades succesfully received on timestamp: 1643451512688
11:20:23.479 INFO  Trades succesfully received on timestamp: 1643451513286
11:20:23.620 INFO  Trades succesfully received on timestamp: 1643451513286
11:20:23.620 INFO  Trades succesfully received on timestamp: 1643451513286
11:20:23.932 INFO  Trades succesfully received on timestamp: 1643451507272
11:20:24.198 INFO  Trades succesfully received on timestamp: 1643451023663
11:20:24.214 INFO  Trades succesfully received on timestamp: 1643451023663
11:20:24.563 INFO  Trades succesfully received on timestamp: 1643451507272
11:20:24.830 INFO  Trades succesfully received on timestamp: 1643451513286
11:20:25.627 INFO  Trades succesfully received on timestamp: 1643451585527
11:20:25.658 INFO  Trades succesfully received on timestamp: 1643451507272
11:20:26.116 INFO  Trades succesfully received on timestamp: 1643451265741
11:20:26.116 INFO  Trades succesfully received on timestamp: 1643451265741
11:20:26.163 INFO  Trades succesfully received on timestamp: 1643451559271
11:20:26.195 INFO  Trades succesfully received on timestamp: 1643451115667
11:20:27.387 INFO  Trades succesfully received on timestamp: 1643451116899
11:20:27.450 INFO  Trades succesfully received on timestamp: 1643451507272
11:20:27.543 INFO  Trades succesfully received on timestamp: 1643451507272
11:20:27.543 INFO  Trades succesfully received on timestamp: 1643451507272
11:20:27.559 INFO  Trades succesfully received on timestamp: 1643451507272
11:20:27.575 INFO  Trades succesfully received on timestamp: 1643451502009
11:20:28.090 INFO  Trades succesfully received on timestamp: 1643451197668
11:20:28.090 INFO  Trades succesfully received on timestamp: 1643451197668
11:20:28.309 INFO  Trades succesfully received on timestamp: 1643451265741
11:20:28.481 INFO  Trades succesfully received on timestamp: 1643451197668
11:20:28.596 INFO  Trades succesfully received on timestamp: 1643451502009
11:20:28.627 INFO  Trades succesfully received on timestamp: 1643451502009
11:20:28.627 INFO  Trades succesfully received on timestamp: 1643451502009
11:20:28.736 INFO  Trades succesfully received on timestamp: 1643451513286
11:20:28.799 INFO  Trades succesfully received on timestamp: 1643451265741
11:20:28.799 INFO  Trades succesfully received on timestamp: 1643451265741
11:20:28.799 INFO  Trades succesfully received on timestamp: 1643451265741
11:20:28.799 INFO  Trades succesfully received on timestamp: 1643451265741
11:20:28.987 INFO  Trades succesfully received on timestamp: 1643451507272
11:20:29.410 INFO  Trades succesfully received on timestamp: 1643451559271
11:20:30.103 INFO  Trades succesfully received on timestamp: 1643451502009
11:20:30.478 INFO  Trades succesfully received on timestamp: 1643451513286
11:20:31.134 INFO  Trades succesfully received on timestamp: 1643451512688
11:20:31.134 INFO  Trades succesfully received on timestamp: 1643451512688
11:20:31.134 INFO  Trades succesfully received on timestamp: 1643451512688
11:20:32.232 INFO  Trades succesfully received on timestamp: 1643451502009
11:20:32.488 INFO  Trades succesfully received on timestamp: 1643451559271
11:20:32.836 INFO  Trades succesfully received on timestamp: 1643451512688
11:20:33.493 INFO  Trades succesfully received on timestamp: 1643451513286
11:20:33.633 INFO  Trades succesfully received on timestamp: 1643451513286
11:20:33.633 INFO  Trades succesfully received on timestamp: 1643451513286
11:20:33.952 INFO  Trades succesfully received on timestamp: 1643451507272
11:20:34.202 INFO  Trades succesfully received on timestamp: 1643451023663
11:20:34.217 INFO  Trades succesfully received on timestamp: 1643451023663
11:20:34.577 INFO  Trades succesfully received on timestamp: 1643451507272
11:20:34.841 INFO  Trades succesfully received on timestamp: 1643451513286
11:20:35.636 INFO  Trades succesfully received on timestamp: 1643451585527
11:20:35.668 INFO  Trades succesfully received on timestamp: 1643451507272
11:20:36.121 INFO  Trades succesfully received on timestamp: 1643451265741
11:20:36.121 INFO  Trades succesfully received on timestamp: 1643451265741
11:20:36.168 INFO  Trades succesfully received on timestamp: 1643451559271
11:20:36.199 INFO  Trades succesfully received on timestamp: 1643451115667
11:20:37.393 INFO  Trades succesfully received on timestamp: 1643451116899
11:20:37.456 INFO  Trades succesfully received on timestamp: 1643451507272
19:51:20.885 INFO  Trades succesfully received on timestamp: 1643655082895
19:51:39.078 INFO  Trades succesfully received on timestamp: 1643655101068
19:51:39.235 INFO  Trades succesfully received on timestamp: 1643655101198
19:51:39.598 INFO  Trades succesfully received on timestamp: 1643655101600
19:51:42.651 INFO  Trades succesfully received on timestamp: 1643655104646
19:51:42.651 INFO  Trades succesfully received on timestamp: 1643655104646
19:51:50.900 INFO  Trades succesfully received on timestamp: 1643655104646
19:51:53.212 INFO  Trades succesfully received on timestamp: 1643655115140
19:51:54.666 INFO  Trades succesfully received on timestamp: 1643655116704
19:51:54.681 INFO  Trades succesfully received on timestamp: 1643655116704
19:52:03.748 INFO  Trades succesfully received on timestamp: 1643655125717
19:52:08.138 INFO  Trades succesfully received on timestamp: 1643655130089
19:52:09.085 INFO  Trades succesfully received on timestamp: 1643655101600
19:52:09.242 INFO  Trades succesfully received on timestamp: 1643655116704
19:52:09.601 INFO  Trades succesfully received on timestamp: 1643655101600
19:52:10.315 INFO  Trades succesfully received on timestamp: 1643655132274
19:52:12.664 INFO  Trades succesfully received on timestamp: 1643655132274
19:52:12.664 INFO  Trades succesfully received on timestamp: 1643655132274
19:52:20.904 INFO  Trades succesfully received on timestamp: 1643655132274
19:52:23.237 INFO  Trades succesfully received on timestamp: 1643655115140
19:52:24.145 INFO  Trades succesfully received on timestamp: 1643655146148
19:52:24.676 INFO  Trades succesfully received on timestamp: 1643655116704
19:52:24.707 INFO  Trades succesfully received on timestamp: 1643655116704
19:52:25.771 INFO  Trades succesfully received on timestamp: 1643655147744
19:52:30.031 INFO  Trades succesfully received on timestamp: 1643655151955
19:52:32.064 INFO  Trades succesfully received on timestamp: 1643655153999
19:52:32.064 INFO  Trades succesfully received on timestamp: 1643655153999
19:52:32.064 INFO  Trades succesfully received on timestamp: 1643655153999
19:52:33.769 INFO  Trades succesfully received on timestamp: 1643655153999
19:52:38.155 INFO  Trades succesfully received on timestamp: 1643655130089
19:52:39.098 INFO  Trades succesfully received on timestamp: 1643655101600
19:52:39.254 INFO  Trades succesfully received on timestamp: 1643655116704
19:52:39.613 INFO  Trades succesfully received on timestamp: 1643655101600
19:52:40.317 INFO  Trades succesfully received on timestamp: 1643655153999
21:38:48.774 ERROR   $$ 'code' $$ 
Traceback (most recent call last):
  File "C:\Users\oskar\Desktop\hft_algo\hft_algo\db_ex_connections\wazirx_trades.py", line 123, in main
    logger.error(f"$$ Code: {response['data']['code']}, message: {response['data']['message']} $$")
KeyError: 'code'

During handling of the above exception, another exception occurred:

Traceback (most recent call last):
  File "C:\Users\oskar\Desktop\hft_algo\hft_algo\db_ex_connections\wazirx_trades.py", line 125, in main
    logger.warning(f"{response['code']}")
KeyError: 'code'
21:38:48.978 ERROR   $$ 'code' $$ 
Traceback (most recent call last):
  File "C:\Users\oskar\Desktop\hft_algo\hft_algo\db_ex_connections\wazirx_trades.py", line 123, in main
    logger.error(f"$$ Code: {response['data']['code']}, message: {response['data']['message']} $$")
KeyError: 'code'

During handling of the above exception, another exception occurred:

Traceback (most recent call last):
  File "C:\Users\oskar\Desktop\hft_algo\hft_algo\db_ex_connections\wazirx_trades.py", line 125, in main
    logger.warning(f"{response['code']}")
KeyError: 'code'
21:38:49.181 ERROR   $$ 'code' $$ 
Traceback (most recent call last):
  File "C:\Users\oskar\Desktop\hft_algo\hft_algo\db_ex_connections\wazirx_trades.py", line 123, in main
    logger.error(f"$$ Code: {response['data']['code']}, message: {response['data']['message']} $$")
KeyError: 'code'

During handling of the above exception, another exception occurred:

Traceback (most recent call last):
  File "C:\Users\oskar\Desktop\hft_algo\hft_algo\db_ex_connections\wazirx_trades.py", line 125, in main
    logger.warning(f"{response['code']}")
KeyError: 'code'
21:38:49.181 ERROR   $$ 'code' $$ 
Traceback (most recent call last):
  File "C:\Users\oskar\Desktop\hft_algo\hft_algo\db_ex_connections\wazirx_trades.py", line 123, in main
    logger.error(f"$$ Code: {response['data']['code']}, message: {response['data']['message']} $$")
KeyError: 'code'

During handling of the above exception, another exception occurred:

Traceback (most recent call last):
  File "C:\Users\oskar\Desktop\hft_algo\hft_algo\db_ex_connections\wazirx_trades.py", line 125, in main
    logger.warning(f"{response['code']}")
KeyError: 'code'
21:38:49.181 ERROR   $$ 'code' $$ 
Traceback (most recent call last):
  File "C:\Users\oskar\Desktop\hft_algo\hft_algo\db_ex_connections\wazirx_trades.py", line 123, in main
    logger.error(f"$$ Code: {response['data']['code']}, message: {response['data']['message']} $$")
KeyError: 'code'

During handling of the above exception, another exception occurred:

Traceback (most recent call last):
  File "C:\Users\oskar\Desktop\hft_algo\hft_algo\db_ex_connections\wazirx_trades.py", line 125, in main
    logger.warning(f"{response['code']}")
KeyError: 'code'
21:38:54.680 ERROR   $$ 'message' $$ 
Traceback (most recent call last):
  File "C:\Users\oskar\Desktop\hft_algo\hft_algo\db_ex_connections\wazirx_trades.py", line 111, in main
    '{str(response['message']['transactions'][0]['id'])}',
KeyError: 'message'
21:38:57.863 ERROR   $$ 'message' $$ 
Traceback (most recent call last):
  File "C:\Users\oskar\Desktop\hft_algo\hft_algo\db_ex_connections\wazirx_trades.py", line 111, in main
    '{str(response['message']['transactions'][0]['id'])}',
KeyError: 'message'
21:38:57.863 ERROR   $$ 'message' $$ 
Traceback (most recent call last):
  File "C:\Users\oskar\Desktop\hft_algo\hft_algo\db_ex_connections\wazirx_trades.py", line 111, in main
    '{str(response['message']['transactions'][0]['id'])}',
KeyError: 'message'
21:38:57.879 ERROR   $$ 'message' $$ 
Traceback (most recent call last):
  File "C:\Users\oskar\Desktop\hft_algo\hft_algo\db_ex_connections\wazirx_trades.py", line 111, in main
    '{str(response['message']['transactions'][0]['id'])}',
KeyError: 'message'
21:39:04.102 ERROR   $$ 'message' $$ 
Traceback (most recent call last):
  File "C:\Users\oskar\Desktop\hft_algo\hft_algo\db_ex_connections\wazirx_trades.py", line 111, in main
    '{str(response['message']['transactions'][0]['id'])}',
KeyError: 'message'
21:39:04.227 ERROR   $$ 'message' $$ 
Traceback (most recent call last):
  File "C:\Users\oskar\Desktop\hft_algo\hft_algo\db_ex_connections\wazirx_trades.py", line 111, in main
    '{str(response['message']['transactions'][0]['id'])}',
KeyError: 'message'
21:39:08.720 ERROR   $$ 'message' $$ 
Traceback (most recent call last):
  File "C:\Users\oskar\Desktop\hft_algo\hft_algo\db_ex_connections\wazirx_trades.py", line 111, in main
    '{str(response['message']['transactions'][0]['id'])}',
KeyError: 'message'
21:39:09.353 ERROR   $$ 'message' $$ 
Traceback (most recent call last):
  File "C:\Users\oskar\Desktop\hft_algo\hft_algo\db_ex_connections\wazirx_trades.py", line 111, in main
    '{str(response['message']['transactions'][0]['id'])}',
KeyError: 'message'
21:39:10.343 ERROR   $$ 'message' $$ 
Traceback (most recent call last):
  File "C:\Users\oskar\Desktop\hft_algo\hft_algo\db_ex_connections\wazirx_trades.py", line 111, in main
    '{str(response['message']['transactions'][0]['id'])}',
KeyError: 'message'
21:39:10.359 ERROR   $$ 'message' $$ 
Traceback (most recent call last):
  File "C:\Users\oskar\Desktop\hft_algo\hft_algo\db_ex_connections\wazirx_trades.py", line 111, in main
    '{str(response['message']['transactions'][0]['id'])}',
KeyError: 'message'
21:39:13.759 ERROR   $$ 'message' $$ 
Traceback (most recent call last):
  File "C:\Users\oskar\Desktop\hft_algo\hft_algo\db_ex_connections\wazirx_trades.py", line 111, in main
    '{str(response['message']['transactions'][0]['id'])}',
KeyError: 'message'
21:39:14.372 ERROR   $$ 'message' $$ 
Traceback (most recent call last):
  File "C:\Users\oskar\Desktop\hft_algo\hft_algo\db_ex_connections\wazirx_trades.py", line 111, in main
    '{str(response['message']['transactions'][0]['id'])}',
KeyError: 'message'
21:39:17.986 ERROR   $$ 'message' $$ 
Traceback (most recent call last):
  File "C:\Users\oskar\Desktop\hft_algo\hft_algo\db_ex_connections\wazirx_trades.py", line 111, in main
    '{str(response['message']['transactions'][0]['id'])}',
KeyError: 'message'
21:39:18.422 ERROR   $$ 'message' $$ 
Traceback (most recent call last):
  File "C:\Users\oskar\Desktop\hft_algo\hft_algo\db_ex_connections\wazirx_trades.py", line 111, in main
    '{str(response['message']['transactions'][0]['id'])}',
KeyError: 'message'
21:39:18.817 ERROR   $$ 'message' $$ 
Traceback (most recent call last):
  File "C:\Users\oskar\Desktop\hft_algo\hft_algo\db_ex_connections\wazirx_trades.py", line 111, in main
    '{str(response['message']['transactions'][0]['id'])}',
KeyError: 'message'
21:39:21.111 ERROR   $$ 'message' $$ 
Traceback (most recent call last):
  File "C:\Users\oskar\Desktop\hft_algo\hft_algo\db_ex_connections\wazirx_trades.py", line 111, in main
    '{str(response['message']['transactions'][0]['id'])}',
KeyError: 'message'
21:39:21.142 ERROR   $$ 'message' $$ 
Traceback (most recent call last):
  File "C:\Users\oskar\Desktop\hft_algo\hft_algo\db_ex_connections\wazirx_trades.py", line 111, in main
    '{str(response['message']['transactions'][0]['id'])}',
KeyError: 'message'
21:39:23.909 ERROR   $$ 'message' $$ 
Traceback (most recent call last):
  File "C:\Users\oskar\Desktop\hft_algo\hft_algo\db_ex_connections\wazirx_trades.py", line 111, in main
    '{str(response['message']['transactions'][0]['id'])}',
KeyError: 'message'
21:39:24.448 ERROR   $$ 'message' $$ 
Traceback (most recent call last):
  File "C:\Users\oskar\Desktop\hft_algo\hft_algo\db_ex_connections\wazirx_trades.py", line 111, in main
    '{str(response['message']['transactions'][0]['id'])}',
KeyError: 'message'
21:39:24.543 ERROR   $$ 'message' $$ 
Traceback (most recent call last):
  File "C:\Users\oskar\Desktop\hft_algo\hft_algo\db_ex_connections\wazirx_trades.py", line 111, in main
    '{str(response['message']['transactions'][0]['id'])}',
KeyError: 'message'
21:39:25.558 ERROR   $$ 'message' $$ 
Traceback (most recent call last):
  File "C:\Users\oskar\Desktop\hft_algo\hft_algo\db_ex_connections\wazirx_trades.py", line 111, in main
    '{str(response['message']['transactions'][0]['id'])}',
KeyError: 'message'
21:39:37.071 ERROR   $$ 'message' $$ 
Traceback (most recent call last):
  File "C:\Users\oskar\Desktop\hft_algo\hft_algo\db_ex_connections\wazirx_trades.py", line 111, in main
    '{str(response['message']['transactions'][0]['id'])}',
KeyError: 'message'
21:39:39.847 ERROR   $$ 'message' $$ 
Traceback (most recent call last):
  File "C:\Users\oskar\Desktop\hft_algo\hft_algo\db_ex_connections\wazirx_trades.py", line 111, in main
    '{str(response['message']['transactions'][0]['id'])}',
KeyError: 'message'
21:39:41.661 ERROR   $$ 'message' $$ 
Traceback (most recent call last):
  File "C:\Users\oskar\Desktop\hft_algo\hft_algo\db_ex_connections\wazirx_trades.py", line 111, in main
    '{str(response['message']['transactions'][0]['id'])}',
KeyError: 'message'
21:39:49.442 ERROR   $$ 'message' $$ 
Traceback (most recent call last):
  File "C:\Users\oskar\Desktop\hft_algo\hft_algo\db_ex_connections\wazirx_trades.py", line 111, in main
    '{str(response['message']['transactions'][0]['id'])}',
KeyError: 'message'
21:39:53.429 ERROR   $$ 'message' $$ 
Traceback (most recent call last):
  File "C:\Users\oskar\Desktop\hft_algo\hft_algo\db_ex_connections\wazirx_trades.py", line 111, in main
    '{str(response['message']['transactions'][0]['id'])}',
KeyError: 'message'
21:39:53.969 ERROR   $$ 'message' $$ 
Traceback (most recent call last):
  File "C:\Users\oskar\Desktop\hft_algo\hft_algo\db_ex_connections\wazirx_trades.py", line 111, in main
    '{str(response['message']['transactions'][0]['id'])}',
KeyError: 'message'
21:39:53.969 ERROR   $$ 'message' $$ 
Traceback (most recent call last):
  File "C:\Users\oskar\Desktop\hft_algo\hft_algo\db_ex_connections\wazirx_trades.py", line 111, in main
    '{str(response['message']['transactions'][0]['id'])}',
KeyError: 'message'
21:39:59.758 ERROR   $$ 'message' $$ 
Traceback (most recent call last):
  File "C:\Users\oskar\Desktop\hft_algo\hft_algo\db_ex_connections\wazirx_trades.py", line 111, in main
    '{str(response['message']['transactions'][0]['id'])}',
KeyError: 'message'
21:39:59.804 ERROR   $$ 'message' $$ 
Traceback (most recent call last):
  File "C:\Users\oskar\Desktop\hft_algo\hft_algo\db_ex_connections\wazirx_trades.py", line 111, in main
    '{str(response['message']['transactions'][0]['id'])}',
KeyError: 'message'
21:40:02.739 ERROR   $$ 'message' $$ 
Traceback (most recent call last):
  File "C:\Users\oskar\Desktop\hft_algo\hft_algo\db_ex_connections\wazirx_trades.py", line 111, in main
    '{str(response['message']['transactions'][0]['id'])}',
KeyError: 'message'
21:40:03.411 ERROR   $$ 'message' $$ 
Traceback (most recent call last):
  File "C:\Users\oskar\Desktop\hft_algo\hft_algo\db_ex_connections\wazirx_trades.py", line 111, in main
    '{str(response['message']['transactions'][0]['id'])}',
KeyError: 'message'
21:40:11.368 ERROR   $$ 'message' $$ 
Traceback (most recent call last):
  File "C:\Users\oskar\Desktop\hft_algo\hft_algo\db_ex_connections\wazirx_trades.py", line 111, in main
    '{str(response['message']['transactions'][0]['id'])}',
KeyError: 'message'
21:40:14.144 ERROR   $$ 'message' $$ 
Traceback (most recent call last):
  File "C:\Users\oskar\Desktop\hft_algo\hft_algo\db_ex_connections\wazirx_trades.py", line 111, in main
    '{str(response['message']['transactions'][0]['id'])}',
KeyError: 'message'
21:40:16.077 ERROR   $$ 'message' $$ 
Traceback (most recent call last):
  File "C:\Users\oskar\Desktop\hft_algo\hft_algo\db_ex_connections\wazirx_trades.py", line 111, in main
    '{str(response['message']['transactions'][0]['id'])}',
KeyError: 'message'
21:40:16.291 ERROR   $$ 'message' $$ 
Traceback (most recent call last):
  File "C:\Users\oskar\Desktop\hft_algo\hft_algo\db_ex_connections\wazirx_trades.py", line 111, in main
    '{str(response['message']['transactions'][0]['id'])}',
KeyError: 'message'
21:40:18.734 ERROR   $$ 'message' $$ 
Traceback (most recent call last):
  File "C:\Users\oskar\Desktop\hft_algo\hft_algo\db_ex_connections\wazirx_trades.py", line 111, in main
    '{str(response['message']['transactions'][0]['id'])}',
KeyError: 'message'
21:40:18.738 ERROR   $$ 'message' $$ 
Traceback (most recent call last):
  File "C:\Users\oskar\Desktop\hft_algo\hft_algo\db_ex_connections\wazirx_trades.py", line 111, in main
    '{str(response['message']['transactions'][0]['id'])}',
KeyError: 'message'
21:40:19.232 ERROR   $$ 'message' $$ 
Traceback (most recent call last):
  File "C:\Users\oskar\Desktop\hft_algo\hft_algo\db_ex_connections\wazirx_trades.py", line 111, in main
    '{str(response['message']['transactions'][0]['id'])}',
KeyError: 'message'
21:40:21.482 ERROR   $$ 'message' $$ 
Traceback (most recent call last):
  File "C:\Users\oskar\Desktop\hft_algo\hft_algo\db_ex_connections\wazirx_trades.py", line 111, in main
    '{str(response['message']['transactions'][0]['id'])}',
KeyError: 'message'
21:40:21.498 ERROR   $$ 'message' $$ 
Traceback (most recent call last):
  File "C:\Users\oskar\Desktop\hft_algo\hft_algo\db_ex_connections\wazirx_trades.py", line 111, in main
    '{str(response['message']['transactions'][0]['id'])}',
KeyError: 'message'
21:40:31.156 ERROR   $$ 'message' $$ 
Traceback (most recent call last):
  File "C:\Users\oskar\Desktop\hft_algo\hft_algo\db_ex_connections\wazirx_trades.py", line 111, in main
    '{str(response['message']['transactions'][0]['id'])}',
KeyError: 'message'
21:40:31.375 ERROR   $$ 'message' $$ 
Traceback (most recent call last):
  File "C:\Users\oskar\Desktop\hft_algo\hft_algo\db_ex_connections\wazirx_trades.py", line 111, in main
    '{str(response['message']['transactions'][0]['id'])}',
KeyError: 'message'
21:40:31.951 ERROR   $$ 'message' $$ 
Traceback (most recent call last):
  File "C:\Users\oskar\Desktop\hft_algo\hft_algo\db_ex_connections\wazirx_trades.py", line 111, in main
    '{str(response['message']['transactions'][0]['id'])}',
KeyError: 'message'
21:40:33.355 ERROR   $$ 'message' $$ 
Traceback (most recent call last):
  File "C:\Users\oskar\Desktop\hft_algo\hft_algo\db_ex_connections\wazirx_trades.py", line 111, in main
    '{str(response['message']['transactions'][0]['id'])}',
KeyError: 'message'
21:40:34.885 ERROR   $$ 'message' $$ 
Traceback (most recent call last):
  File "C:\Users\oskar\Desktop\hft_algo\hft_algo\db_ex_connections\wazirx_trades.py", line 111, in main
    '{str(response['message']['transactions'][0]['id'])}',
KeyError: 'message'
21:40:36.559 ERROR   $$ 'message' $$ 
Traceback (most recent call last):
  File "C:\Users\oskar\Desktop\hft_algo\hft_algo\db_ex_connections\wazirx_trades.py", line 111, in main
    '{str(response['message']['transactions'][0]['id'])}',
KeyError: 'message'
21:40:41.591 ERROR   $$ 'message' $$ 
Traceback (most recent call last):
  File "C:\Users\oskar\Desktop\hft_algo\hft_algo\db_ex_connections\wazirx_trades.py", line 111, in main
    '{str(response['message']['transactions'][0]['id'])}',
KeyError: 'message'
21:40:41.625 ERROR   $$ 'message' $$ 
Traceback (most recent call last):
  File "C:\Users\oskar\Desktop\hft_algo\hft_algo\db_ex_connections\wazirx_trades.py", line 111, in main
    '{str(response['message']['transactions'][0]['id'])}',
KeyError: 'message'
21:40:43.124 ERROR   $$ 'message' $$ 
Traceback (most recent call last):
  File "C:\Users\oskar\Desktop\hft_algo\hft_algo\db_ex_connections\wazirx_trades.py", line 111, in main
    '{str(response['message']['transactions'][0]['id'])}',
KeyError: 'message'
21:40:43.371 ERROR   $$ 'message' $$ 
Traceback (most recent call last):
  File "C:\Users\oskar\Desktop\hft_algo\hft_algo\db_ex_connections\wazirx_trades.py", line 111, in main
    '{str(response['message']['transactions'][0]['id'])}',
KeyError: 'message'
21:40:44.750 ERROR   $$ 'message' $$ 
Traceback (most recent call last):
  File "C:\Users\oskar\Desktop\hft_algo\hft_algo\db_ex_connections\wazirx_trades.py", line 111, in main
    '{str(response['message']['transactions'][0]['id'])}',
KeyError: 'message'
21:40:51.504 ERROR   $$ 'message' $$ 
Traceback (most recent call last):
  File "C:\Users\oskar\Desktop\hft_algo\hft_algo\db_ex_connections\wazirx_trades.py", line 111, in main
    '{str(response['message']['transactions'][0]['id'])}',
KeyError: 'message'
21:40:55.380 ERROR   $$ 'message' $$ 
Traceback (most recent call last):
  File "C:\Users\oskar\Desktop\hft_algo\hft_algo\db_ex_connections\wazirx_trades.py", line 111, in main
    '{str(response['message']['transactions'][0]['id'])}',
KeyError: 'message'
21:40:55.520 ERROR   $$ 'message' $$ 
Traceback (most recent call last):
  File "C:\Users\oskar\Desktop\hft_algo\hft_algo\db_ex_connections\wazirx_trades.py", line 111, in main
    '{str(response['message']['transactions'][0]['id'])}',
KeyError: 'message'
21:40:55.599 ERROR   $$ 'message' $$ 
Traceback (most recent call last):
  File "C:\Users\oskar\Desktop\hft_algo\hft_algo\db_ex_connections\wazirx_trades.py", line 111, in main
    '{str(response['message']['transactions'][0]['id'])}',
KeyError: 'message'
21:41:01.752 ERROR   $$ 'message' $$ 
Traceback (most recent call last):
  File "C:\Users\oskar\Desktop\hft_algo\hft_algo\db_ex_connections\wazirx_trades.py", line 111, in main
    '{str(response['message']['transactions'][0]['id'])}',
KeyError: 'message'
21:41:30.921 ERROR   $$ 'code' $$ 
Traceback (most recent call last):
  File "C:\Users\oskar\Desktop\hft_algo\hft_algo\db_ex_connections\wazirx_trades.py", line 124, in main
    logger.error(f"$$ Code: {response['data']['code']}, message: {response['data']['message']} $$")
KeyError: 'code'

During handling of the above exception, another exception occurred:

Traceback (most recent call last):
  File "C:\Users\oskar\Desktop\hft_algo\hft_algo\db_ex_connections\wazirx_trades.py", line 126, in main
    logger.warning(f"{response['code']}")
KeyError: 'code'
21:41:31.132 ERROR   $$ 'code' $$ 
Traceback (most recent call last):
  File "C:\Users\oskar\Desktop\hft_algo\hft_algo\db_ex_connections\wazirx_trades.py", line 124, in main
    logger.error(f"$$ Code: {response['data']['code']}, message: {response['data']['message']} $$")
KeyError: 'code'

During handling of the above exception, another exception occurred:

Traceback (most recent call last):
  File "C:\Users\oskar\Desktop\hft_algo\hft_algo\db_ex_connections\wazirx_trades.py", line 126, in main
    logger.warning(f"{response['code']}")
KeyError: 'code'
21:41:31.335 ERROR   $$ 'code' $$ 
Traceback (most recent call last):
  File "C:\Users\oskar\Desktop\hft_algo\hft_algo\db_ex_connections\wazirx_trades.py", line 124, in main
    logger.error(f"$$ Code: {response['data']['code']}, message: {response['data']['message']} $$")
KeyError: 'code'

During handling of the above exception, another exception occurred:

Traceback (most recent call last):
  File "C:\Users\oskar\Desktop\hft_algo\hft_algo\db_ex_connections\wazirx_trades.py", line 126, in main
    logger.warning(f"{response['code']}")
KeyError: 'code'
21:41:31.335 ERROR   $$ 'code' $$ 
Traceback (most recent call last):
  File "C:\Users\oskar\Desktop\hft_algo\hft_algo\db_ex_connections\wazirx_trades.py", line 124, in main
    logger.error(f"$$ Code: {response['data']['code']}, message: {response['data']['message']} $$")
KeyError: 'code'

During handling of the above exception, another exception occurred:

Traceback (most recent call last):
  File "C:\Users\oskar\Desktop\hft_algo\hft_algo\db_ex_connections\wazirx_trades.py", line 126, in main
    logger.warning(f"{response['code']}")
KeyError: 'code'
21:41:31.335 ERROR   $$ 'code' $$ 
Traceback (most recent call last):
  File "C:\Users\oskar\Desktop\hft_algo\hft_algo\db_ex_connections\wazirx_trades.py", line 124, in main
    logger.error(f"$$ Code: {response['data']['code']}, message: {response['data']['message']} $$")
KeyError: 'code'

During handling of the above exception, another exception occurred:

Traceback (most recent call last):
  File "C:\Users\oskar\Desktop\hft_algo\hft_algo\db_ex_connections\wazirx_trades.py", line 126, in main
    logger.warning(f"{response['code']}")
KeyError: 'code'
21:41:33.401 ERROR   $$ 'message' $$ 
Traceback (most recent call last):
  File "C:\Users\oskar\Desktop\hft_algo\hft_algo\db_ex_connections\wazirx_trades.py", line 112, in main
    '{str(response['message']['transactions'][0]['id'])}',
KeyError: 'message'
21:41:35.518 ERROR   $$ 'message' $$ 
Traceback (most recent call last):
  File "C:\Users\oskar\Desktop\hft_algo\hft_algo\db_ex_connections\wazirx_trades.py", line 112, in main
    '{str(response['message']['transactions'][0]['id'])}',
KeyError: 'message'
21:41:43.210 ERROR   $$ 'message' $$ 
Traceback (most recent call last):
  File "C:\Users\oskar\Desktop\hft_algo\hft_algo\db_ex_connections\wazirx_trades.py", line 112, in main
    '{str(response['message']['transactions'][0]['id'])}',
KeyError: 'message'
13:39:46.851 INFO  Trades succesfully received on timestamp: 1644064786776
13:39:52.885 INFO  Trades succesfully received on timestamp: 1644064792873
13:39:53.226 INFO  Trades succesfully received on timestamp: 1644064793205
15:01:10.467 INFO  Trade received for xrppln
15:01:20.614 INFO  Trade received for ethpln
15:01:31.409 INFO  Trade received for manapln
15:01:31.409 INFO  Trade received for manapln
15:01:31.409 INFO  Trade received for manapln
15:01:54.955 INFO  Trade received for ethpln
15:02:02.980 INFO  Trade received for ethpln
15:02:04.475 INFO  Trade received for ethpln
15:02:04.798 INFO  Trade received for ethpln
15:02:38.861 INFO  Trade received for btcpln
15:02:38.861 INFO  Trade received for btcpln
15:02:45.729 INFO  Trade received for lunapln
15:03:10.801 INFO  Trade received for btcpln
15:03:10.801 INFO  Trade received for btcpln
11:20:38.389 INFO  Ob received and successfully saved into database for ['btcpln', 'ethpln', 'lunapln', 'ftmpln', 'btceur', 'xrppln', 'etheur', 'adapln', 'maticpln', 'usdtpln', 'dotpln', 'avaxpln', 'dogepln', 'trxpln', 'manapln', 'linkpln'] 
11:21:45.186 INFO  Ob received and successfully saved into database for ['btcpln', 'ethpln', 'lunapln', 'ftmpln', 'btceur', 'xrppln', 'etheur', 'adapln', 'maticpln', 'usdtpln', 'dotpln', 'avaxpln', 'dogepln', 'trxpln', 'manapln', 'linkpln'] 
11:21:49.788 INFO  Ob received and successfully saved into database for ['btcpln', 'ethpln', 'lunapln', 'ftmpln', 'btceur', 'xrppln', 'etheur', 'adapln', 'maticpln', 'usdtpln', 'dotpln', 'avaxpln', 'dogepln', 'trxpln', 'manapln', 'linkpln'] 
11:21:54.864 INFO  Ob received and successfully saved into database for ['btcpln', 'ethpln', 'lunapln', 'ftmpln', 'btceur', 'xrppln', 'etheur', 'adapln', 'maticpln', 'usdtpln', 'dotpln', 'avaxpln', 'dogepln', 'trxpln', 'manapln', 'linkpln'] 
11:22:00.104 INFO  Ob received and successfully saved into database for ['btcpln', 'ethpln', 'lunapln', 'ftmpln', 'btceur', 'xrppln', 'etheur', 'adapln', 'maticpln', 'usdtpln', 'dotpln', 'avaxpln', 'dogepln', 'trxpln', 'manapln', 'linkpln'] 
11:22:04.891 INFO  Ob received and successfully saved into database for ['btcpln', 'ethpln', 'lunapln', 'ftmpln', 'btceur', 'xrppln', 'etheur', 'adapln', 'maticpln', 'usdtpln', 'dotpln', 'avaxpln', 'dogepln', 'trxpln', 'manapln', 'linkpln'] 
11:22:09.826 INFO  Ob received and successfully saved into database for ['btcpln', 'ethpln', 'lunapln', 'ftmpln', 'btceur', 'xrppln', 'etheur', 'adapln', 'maticpln', 'usdtpln', 'dotpln', 'avaxpln', 'dogepln', 'trxpln', 'manapln', 'linkpln'] 
11:22:15.020 INFO  Ob received and successfully saved into database for ['btcpln', 'ethpln', 'lunapln', 'ftmpln', 'btceur', 'xrppln', 'etheur', 'adapln', 'maticpln', 'usdtpln', 'dotpln', 'avaxpln', 'dogepln', 'trxpln', 'manapln', 'linkpln'] 
11:22:19.850 INFO  Ob received and successfully saved into database for ['btcpln', 'ethpln', 'lunapln', 'ftmpln', 'btceur', 'xrppln', 'etheur', 'adapln', 'maticpln', 'usdtpln', 'dotpln', 'avaxpln', 'dogepln', 'trxpln', 'manapln', 'linkpln'] 
11:22:24.856 INFO  Ob received and successfully saved into database for ['btcpln', 'ethpln', 'lunapln', 'ftmpln', 'btceur', 'xrppln', 'etheur', 'adapln', 'maticpln', 'usdtpln', 'dotpln', 'avaxpln', 'dogepln', 'trxpln', 'manapln', 'linkpln'] 
11:22:29.838 INFO  Ob received and successfully saved into database for ['btcpln', 'ethpln', 'lunapln', 'ftmpln', 'btceur', 'xrppln', 'etheur', 'adapln', 'maticpln', 'usdtpln', 'dotpln', 'avaxpln', 'dogepln', 'trxpln', 'manapln', 'linkpln'] 
11:22:34.866 INFO  Ob received and successfully saved into database for ['btcpln', 'ethpln', 'lunapln', 'ftmpln', 'btceur', 'xrppln', 'etheur', 'adapln', 'maticpln', 'usdtpln', 'dotpln', 'avaxpln', 'dogepln', 'trxpln', 'manapln', 'linkpln'] 
11:22:40.229 INFO  Ob received and successfully saved into database for ['btcpln', 'ethpln', 'lunapln', 'ftmpln', 'btceur', 'xrppln', 'etheur', 'adapln', 'maticpln', 'usdtpln', 'dotpln', 'avaxpln', 'dogepln', 'trxpln', 'manapln', 'linkpln'] 
11:22:44.874 INFO  Ob received and successfully saved into database for ['btcpln', 'ethpln', 'lunapln', 'ftmpln', 'btceur', 'xrppln', 'etheur', 'adapln', 'maticpln', 'usdtpln', 'dotpln', 'avaxpln', 'dogepln', 'trxpln', 'manapln', 'linkpln'] 
11:22:49.923 INFO  Ob received and successfully saved into database for ['btcpln', 'ethpln', 'lunapln', 'ftmpln', 'btceur', 'xrppln', 'etheur', 'adapln', 'maticpln', 'usdtpln', 'dotpln', 'avaxpln', 'dogepln', 'trxpln', 'manapln', 'linkpln'] 
11:22:54.906 INFO  Ob received and successfully saved into database for ['btcpln', 'ethpln', 'lunapln', 'ftmpln', 'btceur', 'xrppln', 'etheur', 'adapln', 'maticpln', 'usdtpln', 'dotpln', 'avaxpln', 'dogepln', 'trxpln', 'manapln', 'linkpln'] 
11:22:59.985 INFO  Ob received and successfully saved into database for ['btcpln', 'ethpln', 'lunapln', 'ftmpln', 'btceur', 'xrppln', 'etheur', 'adapln', 'maticpln', 'usdtpln', 'dotpln', 'avaxpln', 'dogepln', 'trxpln', 'manapln', 'linkpln'] 
11:23:04.962 INFO  Ob received and successfully saved into database for ['btcpln', 'ethpln', 'lunapln', 'ftmpln', 'btceur', 'xrppln', 'etheur', 'adapln', 'maticpln', 'usdtpln', 'dotpln', 'avaxpln', 'dogepln', 'trxpln', 'manapln', 'linkpln'] 
06:19:56.391 INFO  Trade received for btcpln
06:20:42.079 INFO  Trade received for usdtpln
06:21:22.372 INFO  Trade received for btceur
